<?xml version="1.0" encoding="utf-8"?><testsuites name="pytest tests"><testsuite name="pytest" errors="0" failures="0" skipped="0" tests="23" time="0.748" timestamp="2026-07-08T01:24:30.650336+08:00" hostname="EGG"><testcase classname="tests.test_jobstatus_stage_detail.TestJobStatusAdditiveFields" name="test_new_fields_present_when_populated" time="0.045" /><testcase classname="tests.test_jobstatus_stage_detail.TestJobStatusAdditiveFields" name="test_current_stage_enum_values_translate_critique_qe_adopt" time="0.000" /><testcase classname="tests.test_jobstatus_stage_detail.TestJobStatusAdditiveFields" name="test_existing_fields_unchanged_when_new_fields_absent" time="0.004" /><testcase classname="tests.test_jobstatus_stage_detail.TestJobStatusAdditiveFields" name="test_new_fields_null_when_job_just_started" time="0.003" /><testcase classname="tests.test_jobstatus_stage_detail.TestJobStatusAdditiveFields" name="test_new_fields_null_when_critique_and_qe_disabled" time="0.003" /><testcase classname="tests.test_jobstatus_stage_detail.TestJobStatusAdditiveFields" name="test_current_stage_enum_includes_judge" time="0.000" /><testcase classname="tests.test_jobstatus_stage_detail.TestJobStatusAdditiveFields" name="test_judge_fields_shape_when_judge_stage_active" time="0.002" /><testcase classname="tests.test_jobstatus_stage_detail.TestJobStatusAdditiveFields" name="test_judge_fields_null_outside_judge_stage" time="0.003" /><testcase classname="tests.test_eta_multi_phase_heuristic" name="test_translate_phase_only_rate_before_critique_starts" time="0.000" /><testcase classname="tests.test_eta_multi_phase_heuristic" name="test_critique_phase_estimated_via_max_iterations_factor_before_observed" time="0.000" /><testcase classname="tests.test_eta_multi_phase_heuristic" name="test_blended_two_phase_estimate_once_critique_rate_observed" time="0.000" /><testcase classname="tests.test_eta_multi_phase_heuristic" name="test_eta_omits_critique_phase_when_critique_and_qe_disabled" time="0.000" /><testcase classname="tests.test_eta_multi_phase_heuristic" name="test_judge_phase_estimated_via_max_iterations_factor_before_observed" time="0.000" /><testcase classname="tests.test_eta_multi_phase_heuristic" name="test_judge_phase_blended_estimate_once_observed_rate_available" time="0.000" /><testcase classname="tests.test_eta_multi_phase_heuristic" name="test_eta_omits_judge_phase_when_judge_disabled" time="0.000" /><testcase classname="tests.test_eta_multi_phase_heuristic" name="test_eta_omits_judge_phase_when_winning_provider_is_deepseek" time="0.000" /><testcase classname="tests.test_job_manager_current_segment" name="test_snapshot_capture_is_reference_assignment_negligible_overhead" time="0.052" /><testcase classname="tests.test_job_manager_current_segment" name="test_current_segment_snapshot_overwritten_not_appended_across_calls" time="0.052" /><testcase classname="tests.test_job_manager_current_segment" name="test_judge_snapshot_written_onto_jobrecord_at_scoring_and_retranslating_substeps" time="0.053" /><testcase classname="tests.test_quality_judge_snapshot_callback" name="test_callback_none_is_complete_noop" time="0.000" /><testcase classname="tests.test_quality_judge_snapshot_callback" name="test_callback_invoked_at_scoring_and_retranslating_substeps_with_attempt_index" time="0.000" /><testcase classname="tests.test_quality_judge_snapshot_callback" name="test_callback_that_raises_does_not_break_judge_loop" time="0.000" /><testcase classname="tests.test_translation_service_stage_snapshot" name="test_status_callback_emits_structured_snapshot_at_each_stage_transition" time="0.001" /></testsuite></testsuites>