<?xml version="1.0" encoding="utf-8"?><testsuites name="pytest tests"><testsuite name="pytest" errors="0" failures="0" skipped="0" tests="16" time="0.210" timestamp="2026-07-08T20:20:39.607904+08:00" hostname="EGG"><testcase classname="tests.test_nontranslatable_segment_guard.TestTrivialPassthrough" name="test_pure_number_not_called_output_equals_source" time="0.016" /><testcase classname="tests.test_nontranslatable_segment_guard.TestTrivialPassthrough" name="test_punctuation_only_not_called_output_equals_source" time="0.000" /><testcase classname="tests.test_nontranslatable_segment_guard.TestTrivialPassthrough" name="test_whitespace_only_not_called_output_equals_source" time="0.000" /><testcase classname="tests.test_nontranslatable_segment_guard.TestTrivialPassthrough" name="test_already_target_language_token_not_called_output_equals_source" time="0.001" /><testcase classname="tests.test_nontranslatable_segment_guard.TestTrivialPassthrough" name="test_very_short_single_token_not_called_output_equals_source" time="0.000" /><testcase classname="tests.test_nontranslatable_segment_guard.TestRefusalOutputGuard" name="test_ask_back_reply_source_written_not_meta_string" time="0.000" /><testcase classname="tests.test_nontranslatable_segment_guard.TestRefusalOutputGuard" name="test_question_back_reply_source_written_not_meta_string" time="0.000" /><testcase classname="tests.test_nontranslatable_segment_guard.TestRefusalOutputGuard" name="test_language_detection_note_reply_source_written_not_meta_string" time="0.000" /><testcase classname="tests.test_nontranslatable_segment_guard.TestRefusalDetectorNegative" name="test_genuine_translation_containing_question_mark_is_not_suppressed" time="0.000" /><testcase classname="tests.test_nontranslatable_segment_guard.TestRefusalDetectorNegative" name="test_genuine_translation_reading_like_a_note_is_not_suppressed" time="0.000" /><testcase classname="tests.test_nontranslatable_segment_guard.TestConservativePassthrough" name="test_genuine_sentence_is_sent_to_client_and_translated" time="0.000" /><testcase classname="tests.test_nontranslatable_segment_guard.TestTranslateMergedParagraphsEndToEnd" name="test_trivial_and_refusal_and_normal_segments_in_one_call" time="0.000" /><testcase classname="tests.test_nontranslatable_segment_guard.TestReproduction8D" name="test_8d_trivial_segment_fixture_ask_back_fake_red_pre_fix_green_post_fix" time="0.000" /><testcase classname="tests.test_nontranslatable_segment_guard.TestIsMetaRefusalHelperDirect" name="test_short_ask_back_reply_is_detected" time="0.000" /><testcase classname="tests.test_nontranslatable_segment_guard.TestIsMetaRefusalHelperDirect" name="test_long_genuine_translation_is_not_detected_length_gate" time="0.000" /><testcase classname="tests.test_nontranslatable_segment_guard.TestIsMetaRefusalHelperDirect" name="test_empty_reply_is_not_a_refusal" time="0.000" /></testsuite></testsuites>