<?xml version="1.0" encoding="utf-8"?><testsuites name="pytest tests"><testsuite name="pytest" errors="0" failures="0" skipped="0" tests="79" time="0.703" timestamp="2026-06-27T20:11:42.324524+08:00" hostname="EGG"><testcase classname=".claude.worktrees.quality-metrics-gating.tests.test_quality_evaluation" name="test_qe_enabled_produces_one_score_per_block" time="0.030" /><testcase classname=".claude.worktrees.quality-metrics-gating.tests.test_quality_evaluation" name="test_scores_array_has_one_entry_per_should_translate_element" time="0.001" /><testcase classname=".claude.worktrees.quality-metrics-gating.tests.test_quality_evaluation" name="test_score_block_id_matches_element_id" time="0.156" /><testcase classname=".claude.worktrees.quality-metrics-gating.tests.test_quality_evaluation" name="test_quality_endpoint_returns_200_available_with_scores" time="0.207" /><testcase classname=".claude.worktrees.quality-metrics-gating.tests.test_quality_evaluation" name="test_quality_endpoint_returns_200_pending_when_job_running" time="0.015" /><testcase classname=".claude.worktrees.quality-metrics-gating.tests.test_quality_evaluation" name="test_quality_endpoint_returns_200_disabled_when_qe_off" time="0.016" /><testcase classname=".claude.worktrees.quality-metrics-gating.tests.test_quality_evaluation" name="test_quality_endpoint_returns_200_unavailable_when_scoring_failed" time="0.017" /><testcase classname=".claude.worktrees.quality-metrics-gating.tests.test_quality_evaluation" name="test_quality_endpoint_returns_404_for_unknown_job" time="0.016" /><testcase classname=".claude.worktrees.quality-metrics-gating.tests.test_quality_evaluation" name="test_qe_disabled_skips_scoring" time="0.016" /><testcase classname=".claude.worktrees.quality-metrics-gating.tests.test_quality_evaluation" name="test_qe_model_load_failure_sets_unavailable" time="0.000" /><testcase classname=".claude.worktrees.quality-metrics-gating.tests.test_quality_evaluation" name="test_qe_scoring_exception_sets_unavailable" time="0.000" /><testcase classname=".claude.worktrees.quality-metrics-gating.tests.test_quality_evaluation" name="test_qe_invalid_device_falls_back_to_cpu" time="0.001" /><testcase classname=".claude.worktrees.quality-metrics-gating.tests.test_quality_evaluation" name="test_qe_score_includes_model_name" time="0.000" /><testcase classname=".claude.worktrees.quality-metrics-gating.tests.test_quality_evaluation" name="test_qe_zero_translatable_elements_produces_empty_scores" time="0.000" /><testcase classname=".claude.worktrees.quality-metrics-gating.tests.test_quality_evaluation" name="test_per_segment_score_blocks_called_with_src_hyp_pairs" time="0.001" /><testcase classname=".claude.worktrees.quality-metrics-gating.tests.test_quality_evaluation" name="test_below_threshold_triggers_retranslation" time="0.000" /><testcase classname=".claude.worktrees.quality-metrics-gating.tests.test_quality_evaluation" name="test_threshold_env_var_parsed_as_float" time="0.001" /><testcase classname=".claude.worktrees.quality-metrics-gating.tests.test_quality_evaluation" name="test_qe_enabled_config_default_is_true" time="0.001" /><testcase classname=".claude.worktrees.quality-metrics-gating.tests.test_quality_evaluation" name="test_rescore_threshold_has_correct_type_and_default" time="0.000" /><testcase classname=".claude.worktrees.quality-metrics-gating.tests.test_quality_evaluation" name="test_rescore_threshold_out_of_range_rejected" time="0.001" /><testcase classname=".claude.worktrees.quality-metrics-gating.tests.test_quality_judge" name="test_score_json_parse_valid" time="0.004" /><testcase classname=".claude.worktrees.quality-metrics-gating.tests.test_quality_judge" name="test_score_raw_scan_fallback" time="0.000" /><testcase classname=".claude.worktrees.quality-metrics-gating.tests.test_quality_judge" name="test_score_no_token_unavailable" time="0.000" /><testcase classname=".claude.worktrees.quality-metrics-gating.tests.test_quality_judge" name="test_score_synonym_not_accepted" time="0.000" /><testcase classname=".claude.worktrees.quality-metrics-gating.tests.test_quality_judge" name="test_score_json_preferred_over_raw" time="0.000" /><testcase classname=".claude.worktrees.quality-metrics-gating.tests.test_quality_judge" name="test_score_中_token" time="0.000" /><testcase classname=".claude.worktrees.quality-metrics-gating.tests.test_quality_judge" name="test_judge_records_result_on_job_record" time="0.001" /><testcase classname=".claude.worktrees.quality-metrics-gating.tests.test_quality_judge" name="test_judge_score_high_terminates_loop" time="0.001" /><testcase classname=".claude.worktrees.quality-metrics-gating.tests.test_quality_judge" name="test_judge_score_mid_triggers_retranslation" time="0.001" /><testcase classname=".claude.worktrees.quality-metrics-gating.tests.test_quality_judge" name="test_judge_score_high_no_retranslation" time="0.001" /><testcase classname=".claude.worktrees.quality-metrics-gating.tests.test_quality_judge" name="test_feedback_fed_back_to_translation_model" time="0.001" /><testcase classname=".claude.worktrees.quality-metrics-gating.tests.test_quality_judge" name="test_judge_iteration_cap_enforced" time="0.001" /><testcase classname=".claude.worktrees.quality-metrics-gating.tests.test_quality_judge" name="test_attempts_field_equals_iteration_count" time="0.001" /><testcase classname=".claude.worktrees.quality-metrics-gating.tests.test_quality_judge" name="test_judge_disabled_flag_skips_judge" time="0.000" /><testcase classname=".claude.worktrees.quality-metrics-gating.tests.test_quality_judge" name="test_judge_exception_degrades_gracefully" time="0.001" /><testcase classname=".claude.worktrees.quality-metrics-gating.tests.test_quality_judge" name="test_judge_parse_failure_degrades_gracefully" time="0.000" /><testcase classname=".claude.worktrees.quality-metrics-gating.tests.test_quality_judge" name="test_judge_client_is_ollama_not_model_router" time="0.001" /><testcase classname=".claude.worktrees.quality-metrics-gating.tests.test_quality_judge" name="test_per_block_judge_calls_evaluate_once_per_block_with_correct_pair_args" time="0.000" /><testcase classname=".claude.worktrees.quality-metrics-gating.tests.test_quality_judge" name="test_per_block_judge_score_array_length_equals_block_count" time="0.000" /><testcase classname=".claude.worktrees.quality-metrics-gating.tests.test_quality_judge" name="test_judge_block_high_score_returns_1_0" time="0.000" /><testcase classname=".claude.worktrees.quality-metrics-gating.tests.test_quality_judge" name="test_judge_block_mid_score_returns_0_5" time="0.000" /><testcase classname=".claude.worktrees.quality-metrics-gating.tests.test_quality_judge" name="test_judge_block_low_score_returns_0_0" time="0.000" /><testcase classname=".claude.worktrees.quality-metrics-gating.tests.test_quality_judge" name="test_judge_block_unavailable_returns_0_0" time="0.000" /><testcase classname=".claude.worktrees.quality-metrics-gating.tests.test_quality_judge" name="test_judge_layout_receives_pil_image_object_not_path" time="0.011" /><testcase classname=".claude.worktrees.quality-metrics-gating.tests.test_quality_judge" name="test_judge_layout_returns_int_score_between_1_and_5" time="0.001" /><testcase classname=".claude.worktrees.quality-metrics-gating.tests.test_quality_judge" name="test_judge_layout_returns_0_on_call_failure" time="0.000" /><testcase classname=".claude.worktrees.quality-metrics-gating.tests.test_critique_gate" name="test_gate_adopts_revised_when_revised_score_strictly_higher" time="0.000" /><testcase classname=".claude.worktrees.quality-metrics-gating.tests.test_critique_gate" name="test_gate_keeps_original_when_revised_score_lower" time="0.000" /><testcase classname=".claude.worktrees.quality-metrics-gating.tests.test_critique_gate" name="test_gate_keeps_original_on_exact_tie" time="0.000" /><testcase classname=".claude.worktrees.quality-metrics-gating.tests.test_critique_gate" name="test_gate_keeps_draft_when_score_blocks_returns_empty" time="0.000" /><testcase classname=".claude.worktrees.quality-metrics-gating.tests.test_critique_gate" name="test_comet_import_error_falls_back_to_heuristic" time="0.000" /><testcase classname=".claude.worktrees.quality-metrics-gating.tests.test_critique_gate" name="test_pipeline_completes_with_no_exception_when_qe_unavailable" time="0.000" /><testcase classname=".claude.worktrees.quality-metrics-gating.tests.test_critique_gate" name="test_heuristic_penalises_empty_output_and_failure_markers" time="0.000" /><testcase classname=".claude.worktrees.quality-metrics-gating.tests.test_critique_gate" name="test_heuristic_rejects_extreme_length_ratios" time="0.000" /><testcase classname=".claude.worktrees.quality-metrics-gating.tests.test_critique_gate" name="test_heuristic_accepts_normal_revised_text" time="0.000" /><testcase classname=".claude.worktrees.quality-metrics-gating.tests.test_translate_document_parity" name="test_translate_document_calls_term_substitution" time="0.003" /><testcase classname=".claude.worktrees.quality-metrics-gating.tests.test_translate_document_parity" name="test_translate_document_calls_critique_loop" time="0.001" /><testcase classname=".claude.worktrees.quality-metrics-gating.tests.test_translate_document_parity" name="test_translate_document_passes_overlap_tokens_as_context" time="0.001" /><testcase classname=".claude.worktrees.quality-metrics-gating.tests.test_env_contract.TestEnvContractDeclared" name="test_ollama_base_url_declared" time="0.000" /><testcase classname=".claude.worktrees.quality-metrics-gating.tests.test_env_contract.TestEnvContractDeclared" name="test_translation_cache_enabled_declared" time="0.000" /><testcase classname=".claude.worktrees.quality-metrics-gating.tests.test_env_contract.TestEnvContractDeclared" name="test_layout_detector_model_path_declared" time="0.000" /><testcase classname=".claude.worktrees.quality-metrics-gating.tests.test_env_contract.TestEnvContractDeclared" name="test_layout_detector_enabled_declared" time="0.000" /><testcase classname=".claude.worktrees.quality-metrics-gating.tests.test_env_contract.TestEnvContractDeclared" name="test_chunk_overlap_tokens_declared" time="0.000" /><testcase classname=".claude.worktrees.quality-metrics-gating.tests.test_env_contract.TestEnvContractDeclared" name="test_qe_enabled_declared" time="0.000" /><testcase classname=".claude.worktrees.quality-metrics-gating.tests.test_env_contract.TestEnvContractDeclared" name="test_qe_model_name_declared" time="0.000" /><testcase classname=".claude.worktrees.quality-metrics-gating.tests.test_env_contract.TestEnvContractDeclared" name="test_qe_device_declared" time="0.000" /><testcase classname=".claude.worktrees.quality-metrics-gating.tests.test_env_contract.TestEnvContractDeclared" name="test_deepseek_enabled_declared" time="0.000" /><testcase classname=".claude.worktrees.quality-metrics-gating.tests.test_env_contract.TestEnvContractDeclared" name="test_term_embedding_model_declared" time="0.000" /><testcase classname=".claude.worktrees.quality-metrics-gating.tests.test_env_contract.TestEnvContractDeclared" name="test_term_embedding_threshold_declared" time="0.000" /><testcase classname=".claude.worktrees.quality-metrics-gating.tests.test_env_contract.TestEnvContractDeclared" name="test_term_extraction_model_declared" time="0.000" /><testcase classname=".claude.worktrees.quality-metrics-gating.tests.test_env_contract.TestEnvContractDeclared" name="test_term_embedding_model_wired_in_config" time="0.000" /><testcase classname=".claude.worktrees.quality-metrics-gating.tests.test_env_contract.TestEnvContractDeclared" name="test_term_embedding_threshold_wired_in_config" time="0.000" /><testcase classname=".claude.worktrees.quality-metrics-gating.tests.test_env_contract.TestEnvContractDeclared" name="test_term_extraction_model_wired_in_config" time="0.000" /><testcase classname=".claude.worktrees.quality-metrics-gating.tests.test_env_contract.TestQeDefault" name="test_qe_enabled_default_true_in_contract" time="0.000" /><testcase classname=".claude.worktrees.quality-metrics-gating.tests.test_env_contract.TestQeDefault" name="test_qe_rescore_threshold_declared_in_contract" time="0.000" /><testcase classname=".claude.worktrees.quality-metrics-gating.tests.test_env_contract.TestQeDefault" name="test_qe_rescore_threshold_in_schema" time="0.001" /><testcase classname=".claude.worktrees.quality-metrics-gating.tests.test_env_contract.TestQeDefault" name="test_qe_rescore_threshold_in_env_template" time="0.001" /><testcase classname=".claude.worktrees.quality-metrics-gating.tests.test_env_contract.TestQeDefault" name="test_qe_rescore_threshold_wired_in_config" time="0.000" /><testcase classname=".claude.worktrees.quality-metrics-gating.tests.test_env_contract.TestQeDefault" name="test_qe_enabled_default_true_in_config" time="0.002" /></testsuite></testsuites>