<?xml version="1.0" encoding="utf-8"?><testsuites name="pytest tests"><testsuite name="pytest" errors="0" failures="0" skipped="0" tests="14" time="0.509" timestamp="2026-07-09T15:11:35.488583+08:00" hostname="EGG"><testcase classname="tests.test_orchestrator_context_detection" name="test_sample_file_text_reads_legacy_xls_via_conversion" time="0.027" /><testcase classname="tests.test_orchestrator_context_detection" name="test_process_files_context_detected_for_legacy_xls" time="0.032" /><testcase classname="tests.test_orchestrator_context_detection" name="test_sample_file_text_docx_table_only_includes_cell_text" time="0.026" /><testcase classname="tests.test_orchestrator_context_detection" name="test_sample_file_text_pptx_table_includes_cell_text" time="0.013" /><testcase classname="tests.test_orchestrator_context_detection" name="test_detect_document_context_logs_info_reason_on_exception" time="0.001" /><testcase classname="tests.test_orchestrator_context_detection" name="test_detect_document_context_logs_info_reason_when_provider_call_fails" time="0.001" /><testcase classname="tests.test_orchestrator_context_detection" name="test_detect_document_context_logs_info_reason_when_summary_empty" time="0.001" /><testcase classname="tests.test_orchestrator_context_detection" name="test_process_files_logs_info_reason_when_sample_empty" time="0.001" /><testcase classname="tests.test_orchestrator_context_detection" name="test_detect_document_context_logs_info_on_success" time="0.001" /><testcase classname="tests.test_orchestrator_context_detection" name="test_sampling_exception_degrades_to_no_preamble_job_completes[.docx-translate_docx]" time="0.001" /><testcase classname="tests.test_orchestrator_context_detection" name="test_sampling_exception_degrades_to_no_preamble_job_completes[.pptx-translate_pptx]" time="0.001" /><testcase classname="tests.test_orchestrator_context_detection" name="test_sampling_exception_degrades_to_no_preamble_job_completes[.xls-translate_xlsx_xls]" time="0.001" /><testcase classname="tests.test_orchestrator_context_detection" name="test_xls_sampling_does_not_double_convert_via_libreoffice" time="0.006" /><testcase classname="tests.test_orchestrator_context_detection" name="test_legacy_xls_and_table_only_docx_both_emit_context_detected" time="0.023" /></testsuite></testsuites>