<?xml version="1.0" encoding="utf-8"?><testsuites name="pytest tests"><testsuite name="pytest" errors="0" failures="0" skipped="0" tests="10" time="0.302" timestamp="2026-07-11T11:41:19.168987+08:00" hostname="EGG"><testcase classname="tests.test_docx_body_textbox_dedup.TestBodyTextboxCollectedOnce" name="test_body_paragraph_excludes_textbox_text" time="0.028" /><testcase classname="tests.test_docx_body_textbox_dedup.TestBodyTextboxCollectedOnce" name="test_cell_paragraph_excludes_textbox_text" time="0.007" /><testcase classname="tests.test_docx_body_textbox_dedup.TestRestoreIsolatesTextboxTranslation" name="test_body_textbox_translation_isolated_from_paragraph_body" time="0.030" /><testcase classname="tests.test_docx_body_textbox_dedup.TestRestoreIsolatesTextboxTranslation" name="test_cell_textbox_translation_isolated_from_cell_body" time="0.030" /><testcase classname="tests.test_docx_body_textbox_dedup.TestExtractorFamilyConsistency" name="test_body_collection_invokes_stripping_extractor" time="0.007" /><testcase classname="tests.test_docx_body_textbox_dedup.TestExtractorFamilyConsistency" name="test_sdt_restore_reread_invokes_stripping_extractor" time="0.008" /><testcase classname="tests.test_docx_body_textbox_dedup.TestExtractorFamilyConsistency" name="test_cell_restore_reread_invokes_stripping_extractor" time="0.006" /><testcase classname="tests.test_docx_body_textbox_dedup.TestExtractorFamilyConsistency" name="test_tail_scan_restore_reread_invokes_stripping_extractor" time="0.006" /><testcase classname="tests.test_docx_body_textbox_dedup.TestTextboxFreeBodyUnchanged" name="test_textbox_free_body_and_cell_segments_unchanged" time="0.009" /><testcase classname="tests.test_docx_body_textbox_dedup.TestTextboxOwnContentUnaffected" name="test_txbx_iter_texts_extracts_full_multiparagraph_textbox_content" time="0.005" /></testsuite></testsuites>