<?xml version="1.0" encoding="utf-8"?><testsuites name="pytest tests"><testsuite name="pytest" errors="0" failures="0" skipped="0" tests="44" time="0.044" timestamp="2026-06-17T15:34:14.933674+08:00" hostname="EGG"><testcase classname="tests.test_model_router.TestResolveRoute" name="test_vietnamese_routes_to_hymt" time="0.000" /><testcase classname="tests.test_model_router.TestResolveRoute" name="test_english_routes_to_qwen" time="0.000" /><testcase classname="tests.test_model_router.TestResolveRoute" name="test_japanese_routes_to_hymt" time="0.000" /><testcase classname="tests.test_model_router.TestResolveRoute" name="test_korean_routes_to_tgemma" time="0.000" /><testcase classname="tests.test_model_router.TestResolveRoute" name="test_unlisted_language_defaults_to_qwen" time="0.000" /><testcase classname="tests.test_model_router.TestResolveRoute" name="test_empty_targets_defaults_to_qwen" time="0.000" /><testcase classname="tests.test_model_router.TestResolveRoute" name="test_multi_target_routes_by_first" time="0.000" /><testcase classname="tests.test_model_router.TestResolveRoute" name="test_manual_override_returns_none" time="0.000" /><testcase classname="tests.test_model_router.TestResolveRoute" name="test_auto_override_routes_normally" time="0.000" /><testcase classname="tests.test_model_router.TestResolveRoute" name="test_no_override_routes_normally" time="0.000" /><testcase classname="tests.test_model_router.TestGreedyPreset" name="test_greedy_temperature" time="0.000" /><testcase classname="tests.test_model_router.TestGreedyPreset" name="test_greedy_top_p" time="0.000" /><testcase classname="tests.test_model_router.TestGreedyPreset" name="test_greedy_top_k" time="0.000" /><testcase classname="tests.test_model_router.TestGreedyPreset" name="test_greedy_repeat_penalty" time="0.000" /><testcase classname="tests.test_model_router.TestGreedyPreset" name="test_greedy_frequency_penalty" time="0.000" /><testcase classname="tests.test_model_router.TestGetRouteInfo" name="test_single_target" time="0.000" /><testcase classname="tests.test_model_router.TestGetRouteInfo" name="test_multiple_targets" time="0.000" /><testcase classname="tests.test_model_router.TestGetRouteInfo" name="test_response_fields" time="0.000" /><testcase classname="tests.test_model_router.TestResolveRouteGroups" name="test_english_vietnamese_gives_two_groups" time="0.000" /><testcase classname="tests.test_model_router.TestResolveRouteGroups" name="test_english_group_targets" time="0.000" /><testcase classname="tests.test_model_router.TestResolveRouteGroups" name="test_vietnamese_group_targets" time="0.000" /><testcase classname="tests.test_model_router.TestResolveRouteGroups" name="test_vietnamese_japanese_german_gives_one_group" time="0.000" /><testcase classname="tests.test_model_router.TestResolveRouteGroups" name="test_mixed_three_languages_two_groups" time="0.000" /><testcase classname="tests.test_model_router.TestResolveRouteGroups" name="test_insertion_order_preserved" time="0.000" /><testcase classname="tests.test_model_router.TestResolveRouteGroups" name="test_manual_override_returns_none" time="0.000" /><testcase classname="tests.test_model_router.TestResolveRouteGroups" name="test_auto_override_routes_normally" time="0.000" /><testcase classname="tests.test_model_router.TestResolveRouteGroups" name="test_empty_targets_returns_empty_list" time="0.000" /><testcase classname="tests.test_model_router.TestResolveRouteGroups" name="test_route_group_has_correct_profile_id" time="0.000" /><testcase classname="tests.test_model_router.TestResolveRouteGroups" name="test_unlisted_language_uses_default_route" time="0.000" /><testcase classname="tests.test_model_router.TestConfigDrivenRouting" name="test_resolve_route_uses_providers_yml" time="0.007" /><testcase classname="tests.test_model_router.TestConfigDrivenRouting" name="test_hardcoded_routing_table_removed" time="0.000" /><testcase classname="tests.test_model_router.TestConfigDrivenRouting" name="test_default_route_from_config" time="0.001" /><testcase classname="tests.test_model_router.TestConfigDrivenRouting" name="test_provider_field_present_in_route_decision" time="0.001" /><testcase classname="tests.test_model_router.TestProviderRoutingRules" name="test_routing_rules_key_consumed_from_config" time="0.001" /><testcase classname="tests.test_model_router.TestProviderRoutingRules" name="test_config_only_change_routes_new_language" time="0.001" /><testcase classname="tests.test_model_router.TestProviderRoutingRules" name="test_unlisted_language_falls_back_to_default" time="0.001" /><testcase classname="tests.test_model_router.TestProviderRoutingRules" name="test_default_fallback_no_crash" time="0.001" /><testcase classname="tests.test_model_router.TestResolveRouteGroupsPerLanguage" name="test_each_target_resolved_independently" time="0.001" /><testcase classname="tests.test_model_router.TestResolveRouteGroupsPerLanguage" name="test_first_target_not_used_for_all" time="0.001" /><testcase classname="tests.test_model_router.TestResolveRouteGroupsPerLanguage" name="test_mixed_batch_vi_de_ko_ja_groups" time="0.001" /><testcase classname="tests.test_model_router.TestResolveRouteGroupsPerLanguage" name="test_mixed_batch_group_models_match_rules" time="0.001" /><testcase classname="tests.test_model_router.TestLegacyOllamaPath" name="test_provider_config_none_uses_ollama_grouping" time="0.000" /><testcase classname="tests.test_model_router.TestLegacyOllamaPath" name="test_legacy_single_language_batch" time="0.000" /><testcase classname="tests.test_model_router.TestLegacyOllamaPath" name="test_legacy_profile_override_non_auto_returns_none" time="0.000" /></testsuite></testsuites>