<?xml version="1.0" encoding="utf-8"?><testsuites name="pytest tests"><testsuite name="pytest" errors="0" failures="0" skipped="0" tests="4" time="2.437" timestamp="2026-07-08T09:26:09.911218+08:00" hostname="EGG"><testcase classname="tests.test_pdf_stage_snapshot" name="test_translate_pdf_signature_accepts_status_callback" time="0.257" /><testcase classname="tests.test_pdf_stage_snapshot" name="test_pymupdf_path_on_segment_done_emits_translate_stage_snapshot" time="0.338" /><testcase classname="tests.test_pdf_stage_snapshot" name="test_pypdf2_and_to_pdf_paths_on_segment_done_emit_translate_stage_snapshot" time="0.050" /><testcase classname="tests.test_job_manager_current_segment" name="test_pdf_job_populates_current_segment_stage_translate_end_to_end" time="1.761" /></testsuite></testsuites>