<?xml version="1.0" encoding="utf-8"?><testsuites name="pytest tests"><testsuite name="pytest" errors="0" failures="1" skipped="1" tests="95" time="0.373" timestamp="2026-06-22T14:13:50.502694+08:00" hostname="EGG"><testcase classname="tests.test_table_recognizer.TestTableStructureIRShape" name="test_table_cell_id_format" time="0.000" /><testcase classname="tests.test_table_recognizer.TestTableStructureIRShape" name="test_table_structure_fields_present" time="0.000" /><testcase classname="tests.test_table_recognizer.TestTableStructureIRShape" name="test_table_structure_attached_in_metadata" time="0.000" /><testcase classname="tests.test_table_recognizer.TestTableStructureIRShape" name="test_table_element_without_structure_is_plain_region" time="0.000" /><testcase classname="tests.test_table_recognizer.TestNumericPassthrough" name="test_numeric_predicate_boundaries" time="0.000" /><testcase classname="tests.test_table_recognizer.TestNumericPassthrough" name="test_digit_only_cell_is_numeric" time="0.000" /><testcase classname="tests.test_table_recognizer.TestNumericPassthrough" name="test_text_cell_is_not_numeric" time="0.000" /><testcase classname="tests.test_table_recognizer.TestNumericPassthrough" name="test_mixed_digit_separator_cell_is_numeric" time="0.000" /><testcase classname="tests.test_table_recognizer.TestNumericPassthrough" name="test_empty_cell_is_not_numeric" time="0.000" /><testcase classname="tests.test_table_recognizer.TestTableStructureRoundTrip" name="test_table_structure_round_trip" time="0.000" /><testcase classname="tests.test_table_recognizer.TestTableStructureRoundTrip" name="test_old_format_ir_no_table_structure" time="0.000" /><testcase classname="tests.test_table_recognizer.TestSameTableCellBatching" name="test_single_batch_per_table" time="0.000" /><testcase classname="tests.test_table_recognizer.TestSameTableCellBatching" name="test_separate_batches_for_separate_tables" time="0.000" /><testcase classname="tests.test_table_recognizer.TestSameTableCellBatching" name="test_batch_payload_contains_text_cells_not_numeric" time="0.000" /><testcase classname="tests.test_table_recognizer.TestCellGranularityTranslation" name="test_no_flattened_translation_when_structure_available" time="0.000" /><testcase classname="tests.test_table_recognizer.TestCellGranularityTranslation" name="test_cell_batch_failure_applies_placeholder" time="0.000" /><testcase classname="tests.test_table_recognizer.TestNumericPassthroughWiring" name="test_numeric_cell_not_sent_to_llm" time="0.000" /><testcase classname="tests.test_table_recognizer.TestNumericPassthroughWiring" name="test_numeric_cell_content_identical_pre_post_translation" time="0.000" /><testcase classname="tests.test_table_recognizer.TestModelUnavailableFallback" name="test_table_recognizer_unavailable_falls_back" time="0.000" /><testcase classname="tests.test_table_recognizer.TestModelUnavailableFallback" name="test_table_recognizer_load_error_falls_back" time="0.001" /><testcase classname="tests.test_table_recognizer.TestDegenerateTableHandling" name="test_all_numeric_table_no_llm_call" time="0.000" /><testcase classname="tests.test_table_recognizer.TestDegenerateTableHandling" name="test_all_empty_cells_no_llm_call" time="0.000" /><testcase classname="tests.test_table_recognizer.TestDegenerateTableHandling" name="test_merged_cells_treated_as_single_cell" time="0.000" /><testcase classname="tests.test_translatable_document.TestBoundingBox" name="test_basic_properties" time="0.000" /><testcase classname="tests.test_translatable_document.TestBoundingBox" name="test_to_dict" time="0.000" /><testcase classname="tests.test_translatable_document.TestBoundingBox" name="test_from_dict" time="0.000" /><testcase classname="tests.test_translatable_document.TestBoundingBox" name="test_from_tuple" time="0.000" /><testcase classname="tests.test_translatable_document.TestBoundingBox" name="test_roundtrip" time="0.000" /><testcase classname="tests.test_translatable_document.TestStyleInfo" name="test_default_values" time="0.000" /><testcase classname="tests.test_translatable_document.TestStyleInfo" name="test_with_values" time="0.000" /><testcase classname="tests.test_translatable_document.TestStyleInfo" name="test_roundtrip" time="0.000" /><testcase classname="tests.test_translatable_document.TestTranslatableElement" name="test_basic_element" time="0.000" /><testcase classname="tests.test_translatable_document.TestTranslatableElement" name="test_element_with_bbox" time="0.000" /><testcase classname="tests.test_translatable_document.TestTranslatableElement" name="test_header_footer_types" time="0.000" /><testcase classname="tests.test_translatable_document.TestTranslatableElement" name="test_roundtrip" time="0.000" /><testcase classname="tests.test_translatable_document.TestTranslatableDocument" name="test_get_translatable_elements" time="0.000" /><testcase classname="tests.test_translatable_document.TestTranslatableDocument" name="test_get_elements_by_page" time="0.000" /><testcase classname="tests.test_translatable_document.TestTranslatableDocument" name="test_get_elements_in_reading_order" time="0.000" /><testcase classname="tests.test_translatable_document.TestTranslatableDocument" name="test_get_unique_texts" time="0.000" /><testcase classname="tests.test_translatable_document.TestTranslatableDocument" name="test_apply_translations" time="0.000" /><testcase classname="tests.test_translatable_document.TestTranslatableDocument" name="test_roundtrip" time="0.000" /><testcase classname="tests.test_translatable_document.TestDocumentMetadata" name="test_default_values" time="0.000" /><testcase classname="tests.test_translatable_document.TestDocumentMetadata" name="test_scanned_pdf_detection" time="0.000" /><testcase classname="tests.test_translatable_document.TestDocumentMetadata" name="test_roundtrip" time="0.000" /><testcase classname="tests.test_translatable_document.TestPageInfo" name="test_standard_page" time="0.000" /><testcase classname="tests.test_translatable_document.TestPageInfo" name="test_rotated_page" time="0.000" /><testcase classname="tests.test_translatable_document.TestPageInfo" name="test_roundtrip" time="0.000" /><testcase classname="tests.test_translatable_document.TestElementType" name="test_region_types_present" time="0.000" /><testcase classname="tests.test_translatable_document.TestElementType" name="test_existing_types_unchanged" time="0.000" /><testcase classname="tests.test_translatable_document.TestElementType" name="test_unknown_element_type_from_dict_raises" time="0.000" /><testcase classname="tests.test_translatable_document.TestElementType" name="test_element_type_values_are_strings" time="0.000" /><testcase classname="tests.test_translatable_document.TestTranslatableElementReadingOrder" name="test_reading_order_default_none" time="0.000" /><testcase classname="tests.test_translatable_document.TestTranslatableElementReadingOrder" name="test_reading_order_roundtrip" time="0.000" /><testcase classname="tests.test_translatable_document.TestTranslatableElementReadingOrder" name="test_reading_order_none_roundtrip" time="0.000" /><testcase classname="tests.test_translatable_document.TestTranslatableElementReadingOrder" name="test_region_element_types_accepted" time="0.000" /><testcase classname="tests.test_translatable_document.TestRoundTripFidelity" name="test_full_ir_roundtrip_preserves_bbox" time="0.000" /><testcase classname="tests.test_translatable_document.TestRoundTripFidelity" name="test_full_ir_roundtrip_preserves_font_metadata" time="0.000" /><testcase classname="tests.test_translatable_document.TestRoundTripFidelity" name="test_full_ir_roundtrip_preserves_element_type" time="0.000" /><testcase classname="tests.test_translatable_document.TestRoundTripFidelity" name="test_full_ir_roundtrip_preserves_reading_order" time="0.000" /><testcase classname="tests.test_translatable_document.TestRoundTripFidelity" name="test_document_roundtrip_element_count" time="0.000" /><testcase classname="tests.test_translatable_document.TestBackwardCompat" name="test_from_dict_missing_reading_order_defaults_none" time="0.000" /><testcase classname="tests.test_translatable_document.TestBackwardCompat" name="test_from_dict_missing_bbox_ok" time="0.000" /><testcase classname="tests.test_translatable_document.TestBackwardCompat" name="test_from_dict_missing_style_ok" time="0.000" /><testcase classname="tests.test_translatable_document.TestBackwardCompat" name="test_from_dict_missing_font_metadata_fields_ok" time="0.000" /><testcase classname="tests.test_translatable_document.TestBackwardCompat" name="test_to_dict_keys_are_superset_of_old_keys" time="0.000" /><testcase classname="tests.test_translatable_document.TestBackwardCompat" name="test_empty_elements_list_roundtrip" time="0.000" /><testcase classname="tests.test_translatable_document.TestBackwardCompat" name="test_partial_ir_missing_translated_content" time="0.000" /><testcase classname="tests.test_translatable_document.TestBackwardCompat" name="test_from_dict_unknown_key_in_metadata_field_ignored" time="0.000" /><testcase classname="tests.test_translatable_document.TestRenderTruncatedField" name="test_render_truncated_default_false" time="0.000" /><testcase classname="tests.test_translatable_document.TestRenderTruncatedField" name="test_render_truncated_in_to_dict" time="0.000" /><testcase classname="tests.test_translatable_document.TestRenderTruncatedField" name="test_render_truncated_true_in_to_dict" time="0.000" /><testcase classname="tests.test_translatable_document.TestRenderTruncatedField" name="test_render_truncated_roundtrip_false" time="0.000" /><testcase classname="tests.test_translatable_document.TestRenderTruncatedField" name="test_render_truncated_roundtrip_true" time="0.000" /><testcase classname="tests.test_translatable_document.TestRenderTruncatedField" name="test_from_dict_missing_render_truncated_defaults_false" time="0.000" /><testcase classname="tests.test_translatable_document.TestRenderTruncatedField" name="test_render_truncated_type_is_bool" time="0.000" /><testcase classname="tests.test_pdf_parser.TestPyMuPDFParser" name="test_import_error_handling" time="0.001" /><testcase classname="tests.test_pdf_parser.TestPyMuPDFParser" name="test_supported_extensions" time="0.000" /><testcase classname="tests.test_pdf_parser.TestPyMuPDFParser" name="test_file_not_found" time="0.000" /><testcase classname="tests.test_pdf_parser.TestPyMuPDFParser" name="test_invalid_extension" time="0.001" /><testcase classname="tests.test_pdf_parser.TestPyMuPDFParserIntegration" name="test_parse_pdf" time="0.010" /><testcase classname="tests.test_pdf_parser.TestPyMuPDFParserIntegration" name="test_elements_have_bbox" time="0.003" /><testcase classname="tests.test_pdf_parser.TestPyMuPDFParserIntegration" name="test_reading_order" time="0.003" /><testcase classname="tests.test_pdf_parser.TestPyMuPDFParserIntegration" name="test_header_footer_detection" time="0.002" /><testcase classname="tests.test_pdf_parser.TestTableDetection" name="test_is_inside_true" time="0.000" /><testcase classname="tests.test_pdf_parser.TestTableDetection" name="test_is_inside_false" time="0.000" /><testcase classname="tests.test_pdf_parser.TestTableDetection" name="test_is_inside_with_tolerance" time="0.000" /><testcase classname="tests.test_pdf_parser.TestTableDetection" name="test_detect_and_mark_tables_marks_elements" time="0.000" /><testcase classname="tests.test_pdf_parser.TestColorConversion" name="test_color_to_hex_black" time="0.000" /><testcase classname="tests.test_pdf_parser.TestColorConversion" name="test_color_to_hex_white" time="0.000" /><testcase classname="tests.test_pdf_parser.TestColorConversion" name="test_color_to_hex_red" time="0.000" /><testcase classname="tests.test_pdf_parser.TestReadingOrderField" name="test_reading_order_is_integer_or_none" time="0.003" /><testcase classname="tests.test_pdf_parser.TestReadingOrderField" name="test_reading_order_sequential_not_y_bucket" time="0.003" /><testcase classname="tests.test_pdf_parser.TestReadingOrderField" name="test_region_element_types_emitted" time="0.000"><skipped type="pytest.skip" message="TABLE region-level element emission via find_tables() not yet implemented for this fixture; will be addressed in p2-layout-detection">/home/egg/Projects/Translate_Tool/tests/test_pdf_parser.py:348: TABLE region-level element emission via find_tables() not yet implemented for this fixture; will be addressed in p2-layout-detection</skipped></testcase><testcase classname="tests.test_pdf_parser.TestLayoutDetectorIntegration" name="test_detector_order_replaces_y0_heuristic" time="0.000" /><testcase classname="tests.test_pdf_parser.TestLayoutDetectorIntegration" name="test_parse_invokes_layout_detector_on_native_pdf" time="0.001"><failure message="ModuleNotFoundError: No module named 'onnxruntime'">tests/test_pdf_parser.py:435: in test_parse_invokes_layout_detector_on_native_pdf
    with patch("onnxruntime.InferenceSession", return_value=mock_session):
         ^^^^^^^^^^^^^^^^^^^^^^^^^^^^^^^^^^^^^^^^^^^^^^^^^^^^^^^^^^^^^^^^
../../miniforge3/lib/python3.13/unittest/mock.py:1487: in __enter__
    self.target = self.getter()
                  ^^^^^^^^^^^^^
../../miniforge3/lib/python3.13/pkgutil.py:513: in resolve_name
    mod = importlib.import_module(modname)
          ^^^^^^^^^^^^^^^^^^^^^^^^^^^^^^^^
../../miniforge3/lib/python3.13/importlib/__init__.py:88: in import_module
    return _bootstrap._gcd_import(name[level:], package, level)
           ^^^^^^^^^^^^^^^^^^^^^^^^^^^^^^^^^^^^^^^^^^^^^^^^^^^^
&lt;frozen importlib._bootstrap&gt;:1395: in _gcd_import
    ???
&lt;frozen importlib._bootstrap&gt;:1360: in _find_and_load
    ???
&lt;frozen importlib._bootstrap&gt;:1324: in _find_and_load_unlocked
    ???
E   ModuleNotFoundError: No module named 'onnxruntime'</failure></testcase></testsuite></testsuites>