<?xml version="1.0" encoding="utf-8"?><testsuites name="pytest tests"><testsuite name="pytest" errors="0" failures="0" skipped="0" tests="59" time="2.334" timestamp="2026-06-27T20:13:57.406709+08:00" hostname="EGG"><testcase classname=".claude.worktrees.office-output-mode.tests.test_output_mode_processors" name="test_translate_docx_accepts_output_mode_param" time="0.031" /><testcase classname=".claude.worktrees.office-output-mode.tests.test_output_mode_processors" name="test_translate_pptx_accepts_output_mode_param" time="0.001" /><testcase classname=".claude.worktrees.office-output-mode.tests.test_output_mode_processors" name="test_output_mode_default_is_append" time="0.001" /><testcase classname=".claude.worktrees.office-output-mode.tests.test_output_mode_processors" name="test_append_mode_behavior_unchanged_docx" time="0.057" /><testcase classname=".claude.worktrees.office-output-mode.tests.test_output_mode_processors" name="test_append_mode_behavior_unchanged_pptx" time="0.024" /><testcase classname=".claude.worktrees.office-output-mode.tests.test_output_mode_processors" name="test_replace_mode_docx_no_source_paragraphs_remain" time="0.036" /><testcase classname=".claude.worktrees.office-output-mode.tests.test_output_mode_processors" name="test_replace_mode_docx_translation_is_in_place" time="0.039" /><testcase classname=".claude.worktrees.office-output-mode.tests.test_output_mode_processors" name="test_replace_mode_pptx_no_source_text_frames_remain" time="0.021" /><testcase classname=".claude.worktrees.office-output-mode.tests.test_output_mode_processors" name="test_replace_mode_pptx_translation_is_in_place" time="0.028" /><testcase classname=".claude.worktrees.office-output-mode.tests.test_output_mode_processors" name="test_bilingual_docx_produces_two_column_table" time="0.054" /><testcase classname=".claude.worktrees.office-output-mode.tests.test_output_mode_processors" name="test_bilingual_docx_source_col_a_translation_col_b_not_same_run" time="0.051" /><testcase classname=".claude.worktrees.office-output-mode.tests.test_output_mode_processors" name="test_bilingual_docx_empty_paragraph_passthrough" time="0.052" /><testcase classname=".claude.worktrees.office-output-mode.tests.test_output_mode_processors" name="test_xlsx_adjacent_translation_at_shifted_column_source_unchanged_no_wrap" time="0.027" /><testcase classname=".claude.worktrees.office-output-mode.tests.test_output_mode_processors" name="test_xlsx_annotation_attaches_comment_source_unchanged" time="0.024" /><testcase classname=".claude.worktrees.office-output-mode.tests.test_output_mode_processors" name="test_xlsx_annotation_idempotent_existing_comment_preserved" time="0.014" /><testcase classname=".claude.worktrees.office-output-mode.tests.test_output_mode_processors" name="test_xlsx_replace_overwrites_no_stack_no_wrap_text" time="0.013" /><testcase classname=".claude.worktrees.office-output-mode.tests.test_output_mode_processors" name="test_docx_sdt_replace_overwrites_source" time="0.006" /><testcase classname=".claude.worktrees.office-output-mode.tests.test_output_mode_processors" name="test_docx_para_in_cell_replace_overwrites_source" time="0.007" /><testcase classname=".claude.worktrees.office-output-mode.tests.test_output_mode_processors" name="test_docx_textbox_replace_overwrites_source" time="0.008" /><testcase classname=".claude.worktrees.office-output-mode.tests.test_output_mode_processors" name="test_pptx_smartart_replace_text_not_appended" time="0.001" /><testcase classname=".claude.worktrees.office-output-mode.tests.test_output_mode_processors" name="test_multi_target_output_mode_clamped_to_append" time="0.036" /><testcase classname=".claude.worktrees.office-output-mode.tests.test_output_mode_orchestrator" name="test_orchestrator_threads_output_mode_to_translate_docx" time="0.010" /><testcase classname=".claude.worktrees.office-output-mode.tests.test_output_mode_orchestrator" name="test_orchestrator_threads_output_mode_to_translate_pptx" time="0.028" /><testcase classname=".claude.worktrees.office-output-mode.tests.test_output_mode_orchestrator" name="test_orchestrator_clamps_replace_to_append_for_multi_target" time="0.012" /><testcase classname=".claude.worktrees.office-output-mode.tests.test_output_mode_orchestrator" name="test_orchestrator_threads_output_mode_to_translate_xlsx" time="0.015" /><testcase classname=".claude.worktrees.office-output-mode.tests.test_output_mode_orchestrator" name="test_orchestrator_degrades_bilingual_to_append_for_non_docx_with_warning" time="0.012" /><testcase classname=".claude.worktrees.office-output-mode.tests.test_output_mode_api" name="test_post_jobs_accepts_output_mode_append" time="0.055" /><testcase classname=".claude.worktrees.office-output-mode.tests.test_output_mode_api" name="test_post_jobs_accepts_output_mode_replace" time="0.004" /><testcase classname=".claude.worktrees.office-output-mode.tests.test_output_mode_api" name="test_post_jobs_rejects_invalid_output_mode_422" time="0.003" /><testcase classname=".claude.worktrees.office-output-mode.tests.test_output_mode_api" name="test_post_jobs_output_mode_defaults_to_append" time="0.005" /><testcase classname=".claude.worktrees.office-output-mode.tests.test_output_mode_api" name="test_output_mode_enum_accepts_bilingual" time="0.000" /><testcase classname=".claude.worktrees.office-output-mode.tests.test_output_mode_api" name="test_post_jobs_accepts_output_mode_bilingual" time="0.003" /><testcase classname=".claude.worktrees.office-output-mode.tests.test_output_mode_api" name="test_openapi_bilingual_in_output_mode_enum" time="0.004" /><testcase classname=".claude.worktrees.office-output-mode.tests.test_providers_api.TestProvidersHealth" name="test_health_panjit_online" time="0.085" /><testcase classname=".claude.worktrees.office-output-mode.tests.test_providers_api.TestProvidersHealth" name="test_health_panjit_offline" time="0.025" /><testcase classname=".claude.worktrees.office-output-mode.tests.test_providers_api.TestProvidersHealth" name="test_health_deepseek_not_configured_when_no_key" time="0.022" /><testcase classname=".claude.worktrees.office-output-mode.tests.test_providers_api.TestProvidersHealth" name="test_health_deepseek_online_when_key_supplied" time="0.023" /><testcase classname=".claude.worktrees.office-output-mode.tests.test_providers_api.TestProvidersHealth" name="test_health_returns_list" time="0.022" /><testcase classname=".claude.worktrees.office-output-mode.tests.test_providers_api.TestProvidersHealth" name="test_health_graceful_when_config_none" time="0.023" /><testcase classname=".claude.worktrees.office-output-mode.tests.test_providers_api.TestProvidersModels" name="test_models_returns_provider_list" time="0.027" /><testcase classname=".claude.worktrees.office-output-mode.tests.test_providers_api.TestProvidersModels" name="test_models_includes_translate_model_from_config" time="0.034" /><testcase classname=".claude.worktrees.office-output-mode.tests.test_providers_api.TestProvidersModels" name="test_models_graceful_when_config_none" time="0.028" /><testcase classname=".claude.worktrees.office-output-mode.tests.test_providers_api.TestProvidersModels" name="test_models_omits_long_doc_when_absent" time="0.029" /><testcase classname=".claude.worktrees.office-output-mode.tests.test_providers_api.TestProvidersTestTranslation" name="test_test_translation_panjit_success" time="0.029" /><testcase classname=".claude.worktrees.office-output-mode.tests.test_providers_api.TestProvidersTestTranslation" name="test_test_translation_deepseek_no_key_returns_error_slot" time="0.032" /><testcase classname=".claude.worktrees.office-output-mode.tests.test_providers_api.TestProvidersTestTranslation" name="test_test_translation_deepseek_key_is_not_logged" time="0.035" /><testcase classname=".claude.worktrees.office-output-mode.tests.test_providers_api.TestProvidersTestTranslation" name="test_test_translation_partial_failure_isolated" time="0.024" /><testcase classname=".claude.worktrees.office-output-mode.tests.test_providers_api.TestProvidersTestTranslation" name="test_test_translation_comet_score_present_when_qe_enabled" time="0.023" /><testcase classname=".claude.worktrees.office-output-mode.tests.test_providers_api.TestProvidersTestTranslation" name="test_test_translation_comet_score_absent_when_qe_disabled" time="0.024" /><testcase classname=".claude.worktrees.office-output-mode.tests.test_providers_api.TestProvidersTestTranslation" name="test_test_translation_empty_text_returns_422" time="0.019" /><testcase classname=".claude.worktrees.office-output-mode.tests.test_providers_api.TestProvidersTestTranslation" name="test_test_translation_missing_text_field_returns_422" time="0.022" /><testcase classname=".claude.worktrees.office-output-mode.tests.test_providers_api.TestProvidersTestTranslation" name="test_test_translation_missing_targets_returns_422" time="0.027" /><testcase classname=".claude.worktrees.office-output-mode.tests.test_providers_api.TestProvidersTestTranslation" name="test_test_translation_all_slots_fail_still_200" time="0.024" /><testcase classname=".claude.worktrees.office-output-mode.tests.test_providers_api.TestProvidersTestTranslation" name="test_test_translation_graceful_when_config_none" time="0.030" /><testcase classname=".claude.worktrees.office-output-mode.tests.test_providers_api.TestContractShapes" name="test_health_response_shape_matches_contract" time="0.034" /><testcase classname=".claude.worktrees.office-output-mode.tests.test_providers_api.TestContractShapes" name="test_models_response_shape_matches_contract" time="0.038" /><testcase classname=".claude.worktrees.office-output-mode.tests.test_providers_api.TestContractShapes" name="test_test_translation_result_shape_matches_contract" time="0.041" /><testcase classname=".claude.worktrees.office-output-mode.tests.test_providers_api.TestProvidersBugFixes" name="test_health_disabled_deepseek_probed_when_key_supplied" time="0.028" /><testcase classname=".claude.worktrees.office-output-mode.tests.test_providers_api.TestProvidersBugFixes" name="test_test_translation_accepts_provider_id_as_model" time="0.023" /></testsuite></testsuites>