<?xml version="1.0" encoding="utf-8"?><testsuites name="pytest tests"><testsuite name="pytest" errors="0" failures="0" skipped="0" tests="88" time="3.257" timestamp="2026-07-07T21:50:52.461240+08:00" hostname="EGG"><testcase classname="tests.test_cloud_total_timeout" name="test_ceiling_fires_on_dribbling_never_silent_response" time="1.017" /><testcase classname="tests.test_cloud_total_timeout" name="test_cancel_event_aborts_blocked_post_mid_read" time="0.503" /><testcase classname="tests.test_cloud_total_timeout" name="test_dribbling_socket_regression_repro_matches_live_incident" time="1.003" /><testcase classname="tests.test_quality_judge" name="test_score_json_parse_valid" time="0.002" /><testcase classname="tests.test_quality_judge" name="test_score_raw_scan_fallback" time="0.000" /><testcase classname="tests.test_quality_judge" name="test_score_no_token_unavailable" time="0.000" /><testcase classname="tests.test_quality_judge" name="test_score_synonym_not_accepted" time="0.000" /><testcase classname="tests.test_quality_judge" name="test_score_json_preferred_over_raw" time="0.000" /><testcase classname="tests.test_quality_judge" name="test_score_中_token" time="0.000" /><testcase classname="tests.test_quality_judge" name="test_judge_records_result_on_job_record" time="0.464" /><testcase classname="tests.test_quality_judge" name="test_judge_score_high_terminates_loop" time="0.001" /><testcase classname="tests.test_quality_judge" name="test_judge_score_mid_triggers_retranslation" time="0.001" /><testcase classname="tests.test_quality_judge" name="test_judge_score_high_no_retranslation" time="0.001" /><testcase classname="tests.test_quality_judge" name="test_feedback_fed_back_to_translation_model" time="0.001" /><testcase classname="tests.test_quality_judge" name="test_judge_iteration_cap_enforced" time="0.001" /><testcase classname="tests.test_quality_judge" name="test_attempts_field_equals_iteration_count" time="0.001" /><testcase classname="tests.test_quality_judge" name="test_judge_disabled_flag_skips_judge" time="0.000" /><testcase classname="tests.test_quality_judge" name="test_judge_exception_degrades_gracefully" time="0.001" /><testcase classname="tests.test_quality_judge" name="test_judge_parse_failure_degrades_gracefully" time="0.001" /><testcase classname="tests.test_quality_judge" name="test_judge_client_is_ollama_not_model_router" time="0.001" /><testcase classname="tests.test_quality_judge" name="test_per_block_judge_calls_evaluate_once_per_block_with_correct_pair_args" time="0.000" /><testcase classname="tests.test_quality_judge" name="test_per_block_judge_score_array_length_equals_block_count" time="0.000" /><testcase classname="tests.test_quality_judge" name="test_judge_block_high_score_returns_1_0" time="0.000" /><testcase classname="tests.test_quality_judge" name="test_judge_block_mid_score_returns_0_5" time="0.000" /><testcase classname="tests.test_quality_judge" name="test_judge_block_low_score_returns_0_0" time="0.000" /><testcase classname="tests.test_quality_judge" name="test_judge_block_unavailable_returns_0_0" time="0.001" /><testcase classname="tests.test_quality_judge" name="test_judge_layout_receives_pil_image_object_not_path" time="0.011" /><testcase classname="tests.test_quality_judge" name="test_judge_layout_returns_int_score_between_1_and_5" time="0.001" /><testcase classname="tests.test_quality_judge" name="test_judge_layout_returns_0_on_call_failure" time="0.000" /><testcase classname="tests.test_quality_judge" name="test_translation_client_resolves_cloud_provider_and_translate_model" time="0.001" /><testcase classname="tests.test_quality_judge" name="test_translation_client_model_may_differ_from_scoring_client_same_provider" time="0.001" /><testcase classname="tests.test_quality_judge" name="test_translation_client_falls_back_to_judge_model_when_translate_key_absent" time="0.001" /><testcase classname="tests.test_quality_judge" name="test_translation_client_reuses_existing_config_symbols_only" time="0.001" /><testcase classname="tests.test_quality_judge" name="test_translation_client_cached_built_once" time="0.001" /><testcase classname="tests.test_quality_judge" name="test_translation_client_never_none" time="0.001" /><testcase classname="tests.test_quality_judge.TestCancelDuringInFlightScoring" name="test_stop_flag_set_mid_evaluate_exits_promptly" time="0.000" /><testcase classname="tests.test_quality_judge.TestCancellationDegradation" name="test_cancel_mid_loop_yields_judge_status_stopped" time="0.000" /><testcase classname="tests.test_quality_judge.TestCancellationDegradation" name="test_ceiling_timeout_yields_judge_status_unavailable_not_stopped" time="0.000" /><testcase classname="tests.test_quality_judge.TestIterationCapUnaffectedByCancellation" name="test_max_iterations_cap_enforced_when_cancel_event_none" time="0.000" /><testcase classname="tests.test_quality_judge.TestIterationCapUnaffectedByCancellation" name="test_attempts_count_not_corrupted_by_mid_loop_cancel" time="0.000" /><testcase classname="tests.test_openai_compatible_client.TestProtocolConformance" name="test_openai_compatible_client_satisfies_protocol" time="0.000" /><testcase classname="tests.test_openai_compatible_client.TestProtocolConformance" name="test_openai_compatible_client_isinstance_llm_client" time="0.000" /><testcase classname="tests.test_openai_compatible_client.TestTranslateOnce" name="test_successful_translation_returns_ok_true" time="0.001" /><testcase classname="tests.test_openai_compatible_client.TestTranslateOnce" name="test_http_error_returns_ok_false" time="0.001" /><testcase classname="tests.test_openai_compatible_client.TestTranslateOnce" name="test_connection_timeout_returns_ok_false" time="0.001" /><testcase classname="tests.test_openai_compatible_client.TestEmptyContentHandling" name="test_empty_content_with_finish_reason_length_returns_ok_false" time="0.001" /><testcase classname="tests.test_openai_compatible_client.TestEmptyContentHandling" name="test_nonempty_content_still_returns_ok_true" time="0.001" /><testcase classname="tests.test_openai_compatible_client.TestMaxTokensPayload" name="test_max_tokens_included_in_completion_payload" time="0.001" /><testcase classname="tests.test_openai_compatible_client.TestMaxTokensPayload" name="test_max_tokens_override_via_constructor" time="0.001" /><testcase classname="tests.test_openai_compatible_client.TestTranslateBatch" name="test_batch_calls_translate_once_sequentially" time="0.001" /><testcase classname="tests.test_openai_compatible_client.TestTranslateBatch" name="test_batch_partial_failure_returns_ok_false" time="0.001" /><testcase classname="tests.test_openai_compatible_client.TestHealth" name="test_health_probe_reachable_returns_true" time="0.001" /><testcase classname="tests.test_openai_compatible_client.TestHealth" name="test_health_probe_unreachable_returns_false" time="0.000" /><testcase classname="tests.test_openai_compatible_client.TestListModels" name="test_list_models_returns_list_of_strings" time="0.000" /><testcase classname="tests.test_openai_compatible_client.TestUnload" name="test_unload_is_noop_returns_true" time="0.000" /><testcase classname="tests.test_openai_compatible_client.TestConfigLoading" name="test_providers_yml_env_var_interpolation" time="0.011" /><testcase classname="tests.test_openai_compatible_client.TestConfigLoading" name="test_missing_providers_yml_falls_back_to_ollama" time="0.000" /><testcase classname="tests.test_openai_compatible_client.TestConfigLoading" name="test_malformed_providers_yml_falls_back_to_ollama" time="0.001" /><testcase classname="tests.test_openai_compatible_client.TestConfigLoading" name="test_unresolved_env_var_disables_provider" time="0.001" /><testcase classname="tests.test_openai_compatible_client.TestConfigLoading" name="test_all_providers_disabled_falls_back_to_ollama" time="0.001" /><testcase classname="tests.test_openai_compatible_client.TestSecretHandling" name="test_literal_api_key_not_emitted_in_request" time="0.001" /><testcase classname="tests.test_openai_compatible_client.TestTotalTimeoutCeilingAdditive" name="test_ceiling_absent_from_per_chunk_timeout_tuple" time="0.001" /><testcase classname="tests.test_openai_compatible_client.TestTotalTimeoutCeilingAdditive" name="test_wellbehaved_call_still_bounded_by_connect_read_tuple" time="0.001" /><testcase classname="tests.test_openai_compatible_client.TestTotalTimeoutConfig" name="test_env_var_parses_positive_float_default" time="0.002" /><testcase classname="tests.test_env_contract.TestEnvContractDeclared" name="test_ollama_base_url_declared" time="0.001" /><testcase classname="tests.test_env_contract.TestEnvContractDeclared" name="test_translation_cache_enabled_declared" time="0.000" /><testcase classname="tests.test_env_contract.TestEnvContractDeclared" name="test_openai_total_timeout_seconds_declared" time="0.000" /><testcase classname="tests.test_env_contract.TestEnvContractDeclared" name="test_layout_detector_model_path_declared" time="0.000" /><testcase classname="tests.test_env_contract.TestEnvContractDeclared" name="test_layout_detector_enabled_declared" time="0.000" /><testcase classname="tests.test_env_contract.TestEnvContractDeclared" name="test_chunk_overlap_tokens_declared" time="0.000" /><testcase classname="tests.test_env_contract.TestEnvContractDeclared" name="test_qe_enabled_declared" time="0.000" /><testcase classname="tests.test_env_contract.TestEnvContractDeclared" name="test_qe_model_name_declared" time="0.000" /><testcase classname="tests.test_env_contract.TestEnvContractDeclared" name="test_qe_device_declared" time="0.000" /><testcase classname="tests.test_env_contract.TestEnvContractDeclared" name="test_deepseek_enabled_declared" time="0.000" /><testcase classname="tests.test_env_contract.TestEnvContractDeclared" name="test_term_embedding_model_declared" time="0.000" /><testcase classname="tests.test_env_contract.TestEnvContractDeclared" name="test_term_embedding_threshold_declared" time="0.000" /><testcase classname="tests.test_env_contract.TestEnvContractDeclared" name="test_term_extraction_model_declared" time="0.000" /><testcase classname="tests.test_env_contract.TestEnvContractDeclared" name="test_term_embedding_model_wired_in_config" time="0.000" /><testcase classname="tests.test_env_contract.TestEnvContractDeclared" name="test_term_embedding_threshold_wired_in_config" time="0.000" /><testcase classname="tests.test_env_contract.TestEnvContractDeclared" name="test_term_extraction_model_wired_in_config" time="0.000" /><testcase classname="tests.test_env_contract.TestQeDefault" name="test_qe_enabled_default_true_in_contract" time="0.000" /><testcase classname="tests.test_env_contract.TestQeDefault" name="test_qe_enabled_default_true_in_config" time="0.002" /><testcase classname="tests.test_env_contract.TestQeRescoreThresholdRetired" name="test_qe_rescore_threshold_removed_from_contract" time="0.000" /><testcase classname="tests.test_env_contract.TestQeRescoreThresholdRetired" name="test_qe_rescore_threshold_removed_from_schema" time="0.001" /><testcase classname="tests.test_env_contract.TestQeRescoreThresholdRetired" name="test_qe_rescore_threshold_removed_from_env_template" time="0.000" /><testcase classname="tests.test_env_contract.TestQeRescoreThresholdRetired" name="test_qe_rescore_threshold_removed_from_config" time="0.000" /><testcase classname="tests.test_env_contract.TestQeRescoreThresholdRetired" name="test_env_contract_qe_enabled_row_scrubbed_of_rescore_claim" time="0.000" /><testcase classname="tests.test_env_contract.TestQeRescoreThresholdRetired" name="test_qe_rescore_threshold_zero_references_repo_wide" time="0.109" /></testsuite></testsuites>