<?xml version="1.0" encoding="utf-8"?><testsuites name="pytest tests"><testsuite name="pytest" errors="2" failures="0" skipped="0" tests="2" time="0.116" timestamp="2026-07-08T20:19:31.195655+08:00" hostname="EGG"><testcase classname="" name="tests.test_nontranslatable_segment_guard" time="0.000"><error message="collection failure">ImportError while importing test module '/home/egg/Projects/Translate_Tool/tests/test_nontranslatable_segment_guard.py'.
Hint: make sure your test modules/packages have valid Python names.
Traceback:
../../miniforge3/envs/translate-tool/lib/python3.11/importlib/__init__.py:126: in import_module
    return _bootstrap._gcd_import(name[level:], package, level)
           ^^^^^^^^^^^^^^^^^^^^^^^^^^^^^^^^^^^^^^^^^^^^^^^^^^^^
tests/test_nontranslatable_segment_guard.py:28: in &lt;module&gt;
    from app.backend.utils.text_utils import is_meta_refusal
E   ImportError: cannot import name 'is_meta_refusal' from 'app.backend.utils.text_utils' (/home/egg/Projects/Translate_Tool/app/backend/utils/text_utils.py)</error></testcase><testcase classname="" name="" time="0.000"><error message="collection failure">../../miniforge3/envs/translate-tool/lib/python3.11/site-packages/pluggy/_hooks.py:512: in __call__
    return self._hookexec(self.name, self._hookimpls.copy(), kwargs, firstresult)
           ^^^^^^^^^^^^^^^^^^^^^^^^^^^^^^^^^^^^^^^^^^^^^^^^^^^^^^^^^^^^^^^^^^^^^^
../../miniforge3/envs/translate-tool/lib/python3.11/site-packages/pluggy/_manager.py:120: in _hookexec
    return self._inner_hookexec(hook_name, methods, kwargs, firstresult)
           ^^^^^^^^^^^^^^^^^^^^^^^^^^^^^^^^^^^^^^^^^^^^^^^^^^^^^^^^^^^^^
../../miniforge3/envs/translate-tool/lib/python3.11/site-packages/_pytest/main.py:693: in pytest_collectstart
    raise self.Failed(self.shouldfail)
E   _pytest.main.Failed: stopping after 1 failures</error></testcase></testsuite></testsuites>