<?xml version="1.0" encoding="utf-8"?><testsuites name="pytest tests"><testsuite name="pytest" errors="0" failures="0" skipped="0" tests="48" time="2.103" timestamp="2026-07-11T11:41:21.053287+08:00" hostname="EGG"><testcase classname="tests.test_docx_body_textbox_dedup.TestBodyTextboxCollectedOnce" name="test_body_paragraph_excludes_textbox_text" time="0.019" /><testcase classname="tests.test_docx_body_textbox_dedup.TestBodyTextboxCollectedOnce" name="test_cell_paragraph_excludes_textbox_text" time="0.007" /><testcase classname="tests.test_docx_body_textbox_dedup.TestRestoreIsolatesTextboxTranslation" name="test_body_textbox_translation_isolated_from_paragraph_body" time="0.029" /><testcase classname="tests.test_docx_body_textbox_dedup.TestRestoreIsolatesTextboxTranslation" name="test_cell_textbox_translation_isolated_from_cell_body" time="0.027" /><testcase classname="tests.test_docx_body_textbox_dedup.TestExtractorFamilyConsistency" name="test_body_collection_invokes_stripping_extractor" time="0.005" /><testcase classname="tests.test_docx_body_textbox_dedup.TestExtractorFamilyConsistency" name="test_sdt_restore_reread_invokes_stripping_extractor" time="0.010" /><testcase classname="tests.test_docx_body_textbox_dedup.TestExtractorFamilyConsistency" name="test_cell_restore_reread_invokes_stripping_extractor" time="0.005" /><testcase classname="tests.test_docx_body_textbox_dedup.TestExtractorFamilyConsistency" name="test_tail_scan_restore_reread_invokes_stripping_extractor" time="0.005" /><testcase classname="tests.test_docx_body_textbox_dedup.TestTextboxFreeBodyUnchanged" name="test_textbox_free_body_and_cell_segments_unchanged" time="0.007" /><testcase classname="tests.test_docx_body_textbox_dedup.TestTextboxOwnContentUnaffected" name="test_txbx_iter_texts_extracts_full_multiparagraph_textbox_content" time="0.009" /><testcase classname="tests.test_docx_header_footer.TestNativeCollectionLeavesNoSourceText" name="test_header_and_footer_paragraph_text_collected_as_segments" time="0.005" /><testcase classname="tests.test_docx_header_footer.TestNativeCollectionLeavesNoSourceText" name="test_header_footer_segments_flow_through_translate_docx" time="0.021" /><testcase classname="tests.test_docx_header_footer.TestHeaderTableAndNestedTableCollected" name="test_header_table_and_nested_table_cells_collected" time="0.005" /><testcase classname="tests.test_docx_header_footer.TestTxbxContentStrippedFromHeader" name="test_header_paragraph_excludes_textbox_text" time="0.007" /><testcase classname="tests.test_docx_header_footer.TestTxbxContentStrippedFromHeader" name="test_body_paragraph_textbox_fold_in_unchanged" time="0.010" /><testcase classname="tests.test_docx_header_footer.TestComCallSiteUnchanged" name="test_include_headers_kwarg_still_true_at_com_boundary" time="0.020" /><testcase classname="tests.test_docx_header_footer.TestLinkedPartCollectedOnce" name="test_linked_header_collected_exactly_once" time="0.005" /><testcase classname="tests.test_docx_header_footer.TestLinkedPartCollectedOnce" name="test_linked_header_translated_exactly_once_in_output" time="0.025" /><testcase classname="tests.test_docx_header_footer.TestLinkedPartCollectedOnce" name="test_linked_header_table_cell_collected_exactly_once" time="0.005" /><testcase classname="tests.test_docx_header_footer.TestAllSixSlotsTraversed" name="test_each_slot_distinct_marker_text_collected" time="0.008" /><testcase classname="tests.test_docx_header_footer.TestBodyIndicesUnaffectedByHeaderCollection" name="test_body_segment_order_and_text_identical_with_and_without_header" time="0.010" /><testcase classname="tests.test_docx_header_footer.TestBodyIndicesUnaffectedByHeaderCollection" name="test_absolute_segment_zero_is_first_body_paragraph_not_header" time="0.007" /><testcase classname="tests.test_docx_header_footer.TestBodyIndicesUnaffectedByHeaderCollection" name="test_post_translate_hook_block_ids_index_body_paragraphs_only" time="0.025" /><testcase classname="tests.test_docx_header_footer.TestWriteBackPersistsAcrossSave" name="test_reopened_file_contains_translated_header_and_footer_text" time="0.029" /><testcase classname="tests.test_docx_parser.TestDocxParser" name="test_supported_extensions" time="0.000" /><testcase classname="tests.test_docx_parser.TestDocxParser" name="test_file_not_found" time="0.000" /><testcase classname="tests.test_docx_parser.TestDocxParser" name="test_invalid_extension" time="0.000" /><testcase classname="tests.test_docx_parser.TestDocxParser" name="test_parse_simple_docx" time="0.016" /><testcase classname="tests.test_docx_parser.TestDocxParser" name="test_parse_heading_type" time="0.030" /><testcase classname="tests.test_docx_parser.TestDocxParser" name="test_parse_table" time="0.022" /><testcase classname="tests.test_docx_parser.TestDocxParser" name="test_parse_deduplication" time="0.018" /><testcase classname="tests.test_docx_parser.TestDocxParser" name="test_parse_empty_paragraphs_skipped" time="0.016" /><testcase classname="tests.test_docx_parser.TestDocxParser" name="test_element_ids_unique" time="0.016" /><testcase classname="tests.test_docx_parser.TestDocxParser" name="test_metadata_extraction" time="0.018" /><testcase classname="tests.test_docx_parser.TestDocxParserInsertMarker" name="test_skip_inserted_translation" time="0.015" /><testcase classname="tests.test_docx_nested_tables.TestNestedCollectionCharacterParity" name="test_nested_table_text_not_dropped_recursive_walk" time="0.006" /><testcase classname="tests.test_docx_nested_tables.TestNestedCollectionCharacterParity" name="test_seen_tc_survives_id_recycling_60x5" time="0.603" /><testcase classname="tests.test_docx_nested_tables.TestLayoutFrameReroute" name="test_frame_cell_direct_paragraphs_routed_to_body_path" time="0.005" /><testcase classname="tests.test_docx_nested_tables.TestLayoutFrameReroute" name="test_nested_table_under_frame_cell_reaches_serializer" time="0.021" /><testcase classname="tests.test_docx_nested_tables.TestMergedCellDedup" name="test_merged_cell_spanning_columns_emits_single_segment_at_origin" time="0.006" /><testcase classname="tests.test_docx_nested_tables.TestMergedCellDedup" name="test_49_distinct_tc_not_52_segments" time="0.026" /><testcase classname="tests.test_docx_nested_tables.TestFrameRerouteFalsePositiveGuard" name="test_multi_column_data_table_many_paragraphs_not_rerouted" time="0.008" /><testcase classname="tests.test_docx_nested_tables.TestFrameRerouteFalsePositiveGuard" name="test_full_width_cell_without_nested_table_not_rerouted" time="0.005" /><testcase classname="tests.test_docx_nested_tables.TestFrameRerouteFalsePositiveGuard" name="test_nested_table_cell_not_full_width_not_rerouted" time="0.005" /><testcase classname="tests.test_docx_nested_tables.TestNestingDepthGuard" name="test_recursion_terminates_at_max_depth_with_single_warning" time="0.007" /><testcase classname="tests.test_docx_nested_tables.TestNestingDepthGuard" name="test_flatten_at_depth_limit_survives_id_recycling_60x5" time="0.595" /><testcase classname="tests.test_docx_nested_tables.TestLegacyPipeGridDegrade" name="test_legacy_flag_off_nested_table_own_grid_no_crash" time="0.030" /><testcase classname="tests.test_docx_nested_tables.TestLegacyPipeGridDegrade" name="test_legacy_flag_off_rerouted_frame_leaves_placeholder" time="0.039" /></testsuite></testsuites>