<?xml version="1.0" encoding="utf-8"?><testsuites name="pytest tests"><testsuite name="pytest" errors="1" failures="0" skipped="0" tests="1" time="0.032" timestamp="2026-06-22T11:13:34.178332+08:00" hostname="EGG"><testcase classname="" name="tests.test_output_mode_api" time="0.000"><error message="collection failure">ImportError while importing test module '/home/egg/Projects/Translate_Tool/tests/test_output_mode_api.py'.
Hint: make sure your test modules/packages have valid Python names.
Traceback:
../../miniforge3/lib/python3.13/importlib/__init__.py:88: in import_module
    return _bootstrap._gcd_import(name[level:], package, level)
           ^^^^^^^^^^^^^^^^^^^^^^^^^^^^^^^^^^^^^^^^^^^^^^^^^^^^
tests/test_output_mode_api.py:17: in &lt;module&gt;
    from fastapi.testclient import TestClient
E   ModuleNotFoundError: No module named 'fastapi'</error></testcase></testsuite></testsuites>