<?xml version="1.0" encoding="utf-8"?><testsuites name="pytest tests"><testsuite name="pytest" errors="0" failures="0" skipped="0" tests="38" time="2.555" timestamp="2026-07-07T23:44:23.977632+08:00" hostname="EGG"><testcase classname="tests.test_critique_gate" name="test_gate_adopts_revised_when_revised_score_strictly_higher" time="0.301" /><testcase classname="tests.test_critique_gate" name="test_gate_keeps_original_when_revised_score_lower" time="0.001" /><testcase classname="tests.test_critique_gate" name="test_gate_keeps_original_on_exact_tie" time="0.001" /><testcase classname="tests.test_critique_gate" name="test_gate_keeps_draft_when_score_blocks_returns_empty" time="0.000" /><testcase classname="tests.test_critique_gate" name="test_comet_import_error_falls_back_to_heuristic" time="0.000" /><testcase classname="tests.test_critique_gate" name="test_pipeline_completes_with_no_exception_when_qe_unavailable" time="0.000" /><testcase classname="tests.test_critique_gate" name="test_heuristic_penalises_empty_output_and_failure_markers" time="0.000" /><testcase classname="tests.test_critique_gate" name="test_heuristic_rejects_extreme_length_ratios" time="0.000" /><testcase classname="tests.test_critique_gate" name="test_heuristic_accepts_normal_revised_text" time="0.000" /><testcase classname="tests.test_critique_gate" name="test_batched_round_scores_map_to_correct_segment_index" time="0.000" /><testcase classname="tests.test_critique_gate" name="test_batched_adopt_empty_scores_keeps_all_drafts" time="0.001" /><testcase classname="tests.test_critique_gate" name="test_batched_adopt_qe_unavailable_falls_back_to_heuristic_per_segment" time="0.000" /><testcase classname="tests.test_critique_gate" name="test_batched_adopt_empty_pairs_returns_empty_list_without_calling_score_blocks" time="0.000" /><testcase classname="tests.test_quality_evaluation" name="test_qe_enabled_produces_one_score_per_block" time="0.000" /><testcase classname="tests.test_quality_evaluation" name="test_scores_array_has_one_entry_per_should_translate_element" time="0.000" /><testcase classname="tests.test_quality_evaluation" name="test_score_block_id_matches_element_id" time="0.315" /><testcase classname="tests.test_quality_evaluation" name="test_quality_endpoint_returns_200_available_with_scores" time="0.300" /><testcase classname="tests.test_quality_evaluation" name="test_quality_endpoint_returns_200_pending_when_job_running" time="0.019" /><testcase classname="tests.test_quality_evaluation" name="test_quality_endpoint_returns_200_disabled_when_qe_off" time="0.018" /><testcase classname="tests.test_quality_evaluation" name="test_quality_endpoint_returns_200_unavailable_when_scoring_failed" time="0.017" /><testcase classname="tests.test_quality_evaluation" name="test_quality_endpoint_returns_404_for_unknown_job" time="0.018" /><testcase classname="tests.test_quality_evaluation" name="test_qe_disabled_skips_scoring" time="0.019" /><testcase classname="tests.test_quality_evaluation" name="test_qe_model_load_failure_sets_unavailable" time="0.000" /><testcase classname="tests.test_quality_evaluation" name="test_qe_scoring_exception_sets_unavailable" time="0.001" /><testcase classname="tests.test_quality_evaluation" name="test_cuda_oom_retries_with_smaller_batch_then_succeeds" time="1.477" /><testcase classname="tests.test_quality_evaluation" name="test_cuda_oom_exhausts_all_retries_returns_empty" time="0.001" /><testcase classname="tests.test_quality_evaluation" name="test_cuda_non_oom_exception_does_not_retry" time="0.000" /><testcase classname="tests.test_quality_evaluation" name="test_cpu_device_does_not_use_oom_retry_batch_sizes" time="0.001" /><testcase classname="tests.test_quality_evaluation" name="test_qe_invalid_device_falls_back_to_cpu" time="0.001" /><testcase classname="tests.test_quality_evaluation" name="test_qe_score_includes_model_name" time="0.000" /><testcase classname="tests.test_quality_evaluation" name="test_qe_zero_translatable_elements_produces_empty_scores" time="0.001" /><testcase classname="tests.test_quality_evaluation" name="test_per_segment_score_blocks_called_with_src_hyp_pairs" time="0.001" /><testcase classname="tests.test_quality_evaluation" name="test_qe_rescore_threshold_not_in_config" time="0.000" /><testcase classname="tests.test_quality_evaluation" name="test_br_92_removed_from_business_rules" time="0.002" /><testcase classname="tests.test_quality_evaluation" name="test_qe_enabled_config_default_is_true" time="0.002" /><testcase classname="tests.test_quality_evaluation" name="test_cuda_oom_ladder_functions_with_larger_batched_blocks_list" time="0.001" /><testcase classname="tests.test_quality_evaluation" name="test_score_blocks_batch_size_param_unaffected_by_input_list_length" time="0.001" /><testcase classname="tests.test_quality_evaluation" name="test_qe_scoring_invoked_identically_for_converted_legacy_document" time="0.015" /></testsuite></testsuites>