<?xml version="1.0" encoding="utf-8"?><testsuites name="pytest tests"><testsuite name="pytest" errors="0" failures="0" skipped="0" tests="39" time="0.554" timestamp="2026-07-09T08:49:47.331820+08:00" hostname="EGG"><testcase classname="tests.test_context_prompt_i18n" name="test_template_selected_for_en_zhtw_ja" time="0.013" /><testcase classname="tests.test_context_prompt_i18n" name="test_unlisted_lang_falls_back_to_en" time="0.000" /><testcase classname="tests.test_context_prompt_i18n" name="test_immediate_and_deferred_use_same_template" time="0.016" /><testcase classname="tests.test_context_prompt_i18n" name="test_general_num_ctx_env_overrides_independently" time="0.002" /><testcase classname="tests.test_context_prompt_i18n" name="test_translation_num_ctx_env_overrides_independently" time="0.001" /><testcase classname="tests.test_context_prompt_i18n" name="test_num_ctx_fallback_chain_to_ollama_then_default" time="0.002" /><testcase classname="tests.test_context_prompt_i18n" name="test_only_ollama_num_ctx_set_backward_compat" time="0.001" /><testcase classname="tests.test_orchestrator_context_detection" name="test_cloud_active_client_used_for_summary_not_local_ollama" time="0.001" /><testcase classname="tests.test_orchestrator_context_detection" name="test_cloud_summary_generated_without_local_ollama_present" time="0.021" /><testcase classname="tests.test_orchestrator_context_detection" name="test_cloud_summary_injected_as_document_context_in_system_prompt" time="0.018" /><testcase classname="tests.test_orchestrator_context_detection" name="test_context_detection_disabled_skips_cloud_summary" time="0.016" /><testcase classname="tests.test_orchestrator_context_detection" name="test_qwen_context_flow_disabled_skips_cloud_summary" time="0.015" /><testcase classname="tests.test_orchestrator_context_detection" name="test_translation_dedicated_cloud_client_skips_summary" time="0.016" /><testcase classname="tests.test_orchestrator_context_detection" name="test_detect_document_context_returns_empty_on_cloud_call_exception" time="0.001" /><testcase classname="tests.test_orchestrator_context_detection" name="test_job_continues_with_no_preamble_when_cloud_summary_empty" time="0.016" /><testcase classname="tests.test_orchestrator_context_detection" name="test_local_ollama_context_detection_unchanged" time="0.015" /><testcase classname="tests.test_orchestrator_context_detection" name="test_no_scope_creep_into_injection_wiring_or_json_io" time="0.003" /><testcase classname="tests.test_provider_fallback.TestFallbackChain" name="test_primary_offline_falls_back_to_next" time="0.001" /><testcase classname="tests.test_provider_fallback.TestFallbackChain" name="test_primary_timeout_falls_back_to_next" time="0.002" /><testcase classname="tests.test_provider_fallback.TestFallbackChain" name="test_primary_auth_failure_falls_back_to_next" time="0.002" /><testcase classname="tests.test_provider_fallback.TestFallbackChain" name="test_all_providers_fail_job_fails" time="0.001" /><testcase classname="tests.test_provider_fallback.TestFallbackChain" name="test_first_success_wins_chain_stops" time="0.001" /><testcase classname="tests.test_provider_fallback.TestProviderAttribution" name="test_winning_provider_recorded_on_job_status" time="0.063" /><testcase classname="tests.test_provider_fallback.TestProviderAttribution" name="test_fallback_provider_recorded_not_primary" time="0.000" /><testcase classname="tests.test_provider_fallback.TestProviderAttribution" name="test_no_provider_recorded_when_job_fails" time="0.000" /><testcase classname="tests.test_provider_fallback.TestJobStatusShape" name="test_job_status_provider_field_is_optional_str" time="0.000" /><testcase classname="tests.test_provider_fallback.TestJobStatusShape" name="test_job_status_provider_field_defaults_to_none" time="0.000" /><testcase classname="tests.test_provider_fallback.TestJobStatusShape" name="test_download_url_field_defaults_to_none" time="0.000" /><testcase classname="tests.test_provider_fallback.TestJobStatusShape" name="test_download_url_field_accepts_string" time="0.000" /><testcase classname="tests.test_provider_fallback.TestOrchestratorProviderWiring" name="test_cloud_client_used_when_provider_id_set" time="0.016" /><testcase classname="tests.test_provider_fallback.TestOrchestratorProviderWiring" name="test_ollama_used_when_no_cloud_provider" time="0.001" /><testcase classname="tests.test_provider_fallback.TestFallbackChainConfig" name="test_fallback_chain_is_panjit_deepseek" time="0.012" /><testcase classname="tests.test_provider_fallback.TestFallbackChainConfig" name="test_ollama_local_role_is_layout_assist_only" time="0.002" /><testcase classname="tests.test_provider_fallback.TestFallbackChainConfig" name="test_deepseek_excluded_when_disabled" time="0.002" /><testcase classname="tests.test_provider_fallback.TestFallbackChainConfig" name="test_deepseek_included_when_enabled" time="0.002" /><testcase classname="tests.test_provider_fallback.TestOrchestratorFallbackTraversal" name="test_ollama_local_branch_absent_from_orchestrator" time="0.000" /><testcase classname="tests.test_provider_fallback.TestOrchestratorFallbackTraversal" name="test_fallback_order_selection_at_orchestrator_seam" time="0.001" /><testcase classname="tests.test_provider_fallback.TestOrchestratorFallbackTraversal" name="test_panjit_fail_deepseek_disabled_graceful" time="0.001" /><testcase classname="tests.test_provider_fallback.TestLayoutDetectorUnchanged" name="test_layout_detector_source_unmodified" time="0.000" /></testsuite></testsuites>