<?xml version="1.0" encoding="utf-8"?><testsuites name="pytest tests"><testsuite name="pytest" errors="0" failures="0" skipped="1" tests="165" time="2.315" timestamp="2026-07-11T13:33:58.648726+08:00" hostname="EGG"><testcase classname="tests.test_length_guard.TestPureCompositionModel" name="test_flags_recorded_bug_ratio" time="0.029" /><testcase classname="tests.test_length_guard.TestPureCompositionModel" name="test_mixed_composition_excludes_numeric" time="0.000" /><testcase classname="tests.test_length_guard.TestZeroFalsePositives" name="test_zero_false_positives_calibration_fixtures[cjk-heavy-1]" time="0.000" /><testcase classname="tests.test_length_guard.TestZeroFalsePositives" name="test_zero_false_positives_calibration_fixtures[cjk-heavy-2]" time="0.000" /><testcase classname="tests.test_length_guard.TestZeroFalsePositives" name="test_zero_false_positives_calibration_fixtures[latin-heavy-1]" time="0.000" /><testcase classname="tests.test_length_guard.TestZeroFalsePositives" name="test_zero_false_positives_calibration_fixtures[latin-heavy-2]" time="0.000" /><testcase classname="tests.test_length_guard.TestFailSafe" name="test_failsafe_unknown_target" time="0.000" /><testcase classname="tests.test_length_guard.TestFailSafe" name="test_failsafe_short_source_below_min_chars" time="0.000" /><testcase classname="tests.test_length_guard.TestFailSafe" name="test_failsafe_zero_expected_length_numeric_source" time="0.000" /><testcase classname="tests.test_length_guard.TestNumericCellNeverFlagged" name="test_numeric_cell_never_reaches_guard" time="0.000" /><testcase classname="tests.test_length_guard.TestRecoveryIntegration" name="test_cell_seam_flags_and_recovers_truncated_reply" time="0.027" /><testcase classname="tests.test_length_guard.TestRecoveryIntegration" name="test_recovery_bounded_single_attempt_no_reentry" time="0.025" /><testcase classname="tests.test_length_guard.TestRecoveryIntegration" name="test_recovery_keeps_longest_on_exhaustion_never_source" time="0.024" /><testcase classname="tests.test_length_guard.TestNormalReplyUnaffected" name="test_normal_length_reply_unaffected_no_recovery_no_warning" time="0.024" /><testcase classname="tests.test_length_guard.TestFPBoundaryRealisticLegitShort" name="test_realistic_legit_short_not_flagged[iso-cert-acronym-ratio-0.33]" time="0.000" /><testcase classname="tests.test_length_guard.TestFPBoundaryRealisticLegitShort" name="test_realistic_legit_short_not_flagged[heading-ratio-0.43]" time="0.000" /><testcase classname="tests.test_length_guard.TestFPBoundaryRealisticLegitShort" name="test_realistic_legit_short_not_flagged[unit-symbol-cell-ratio-0.36]" time="0.000" /><testcase classname="tests.test_length_guard.TestFPBoundaryRealisticLegitShort" name="test_realistic_legit_short_not_flagged[code-copy-through-ratio-0.46]" time="0.000" /><testcase classname="tests.test_length_guard.TestFPBoundaryExtremeCompression" name="test_extreme_acronym_shrink_currently_flagged_tracked_gap" time="0.000"><skipped type="pytest.xfail" message="genuine FP-boundary gap: bare-acronym compression below ~15% of E is flagged even though it is a complete, correct translation; tracked in monkey-test-report.md as a BLOCKING finding, contained (not fixed) by keep-longest/never-source/bounded-1-attempt recovery" /></testcase><testcase classname="tests.test_length_guard.TestExactBoundaryComparison" name="test_strict_less_than_not_less_or_equal" time="0.000" /><testcase classname="tests.test_length_guard.TestFailSafeAdversarialBoundaries" name="test_source_length_boundary_one_char_either_side" time="0.000" /><testcase classname="tests.test_length_guard.TestFailSafeAdversarialBoundaries" name="test_e_zero_fail_safe_regardless_of_translation_length[all-digits]" time="0.000" /><testcase classname="tests.test_length_guard.TestFailSafeAdversarialBoundaries" name="test_e_zero_fail_safe_regardless_of_translation_length[all-punctuation]" time="0.000" /><testcase classname="tests.test_length_guard.TestFailSafeAdversarialBoundaries" name="test_e_zero_fail_safe_regardless_of_translation_length[digits-and-separators]" time="0.000" /><testcase classname="tests.test_length_guard.TestFailSafeAdversarialBoundaries" name="test_e_zero_fail_safe_regardless_of_translation_length[fullwidth-space-only]" time="0.000" /><testcase classname="tests.test_length_guard.TestFailSafeAdversarialBoundaries" name="test_uncalibrated_target_never_flags_real_long_source[uncalibrated-french]" time="0.000" /><testcase classname="tests.test_length_guard.TestFailSafeAdversarialBoundaries" name="test_uncalibrated_target_never_flags_real_long_source[uncalibrated-english]" time="0.000" /><testcase classname="tests.test_length_guard.TestFailSafeAdversarialBoundaries" name="test_uncalibrated_target_never_flags_real_long_source[empty-string-target]" time="0.000" /><testcase classname="tests.test_length_guard.TestFailSafeAdversarialBoundaries" name="test_uncalibrated_target_never_flags_real_long_source[none-target]" time="0.000" /><testcase classname="tests.test_length_guard.TestFailSafeAdversarialBoundaries" name="test_uncalibrated_target_never_flags_real_long_source[code-form-not-in-table]" time="0.000" /><testcase classname="tests.test_length_guard.TestFailSafeAdversarialBoundaries" name="test_uncalibrated_target_never_flags_real_long_source[fictional-target]" time="0.000" /><testcase classname="tests.test_length_guard.TestFailSafeAdversarialBoundaries" name="test_target_key_normalization_is_case_and_whitespace_tolerant[Vietnamese]" time="0.000" /><testcase classname="tests.test_length_guard.TestFailSafeAdversarialBoundaries" name="test_target_key_normalization_is_case_and_whitespace_tolerant[vietnamese]" time="0.000" /><testcase classname="tests.test_length_guard.TestFailSafeAdversarialBoundaries" name="test_target_key_normalization_is_case_and_whitespace_tolerant[VIETNAMESE]" time="0.000" /><testcase classname="tests.test_length_guard.TestFailSafeAdversarialBoundaries" name="test_target_key_normalization_is_case_and_whitespace_tolerant[ Vietnamese ]" time="0.000" /><testcase classname="tests.test_length_guard.TestFailSafeAdversarialBoundaries" name="test_target_key_normalization_is_case_and_whitespace_tolerant[VietNamese]" time="0.000" /><testcase classname="tests.test_length_guard.TestDegenerateInputs" name="test_empty_translation_of_long_source_flags_true_positive" time="0.000" /><testcase classname="tests.test_length_guard.TestDegenerateInputs" name="test_empty_source_fails_safe" time="0.000" /><testcase classname="tests.test_length_guard.TestDegenerateInputs" name="test_whitespace_only_source_fails_safe" time="0.000" /><testcase classname="tests.test_length_guard.TestDegenerateInputs" name="test_whitespace_only_translation_of_real_source_flags" time="0.000" /><testcase classname="tests.test_length_guard.TestDegenerateInputs" name="test_single_char_source_below_min_fails_safe" time="0.000" /><testcase classname="tests.test_length_guard.TestDegenerateInputs" name="test_single_char_translation_of_moderate_source_flags" time="0.000" /><testcase classname="tests.test_length_guard.TestDegenerateInputs" name="test_none_translation_treated_as_empty_no_crash" time="0.000" /><testcase classname="tests.test_length_guard.TestDegenerateInputs" name="test_none_source_no_crash_fails_safe" time="0.000" /><testcase classname="tests.test_length_guard.TestDegenerateInputs" name="test_none_target_no_crash_fails_safe" time="0.000" /><testcase classname="tests.test_length_guard.TestMixedScriptAndUnicodeComposition" name="test_mixed_cjk_latin_digit_punct_emoji_proportional_translation_not_flagged" time="0.000" /><testcase classname="tests.test_length_guard.TestMixedScriptAndUnicodeComposition" name="test_fullwidth_digits_not_miscounted_as_latin_alpha" time="0.000" /><testcase classname="tests.test_length_guard.TestMixedScriptAndUnicodeComposition" name="test_cjk_punctuation_excluded_does_not_inflate_expected_length" time="0.000" /><testcase classname="tests.test_length_guard.TestMixedScriptAndUnicodeComposition" name="test_combining_marks_counted_as_latin_alpha_no_crash" time="0.000" /><testcase classname="tests.test_length_guard.TestMixedScriptAndUnicodeComposition" name="test_rtl_arabic_zwj_and_surrogate_emoji_no_crash" time="0.000" /><testcase classname="tests.test_length_guard.TestMixedScriptAndUnicodeComposition" name="test_bom_prefix_does_not_miscount_or_crash" time="0.000" /><testcase classname="tests.test_length_guard.TestInjectionLikeStringsAsTranslationContent" name="test_sql_injection_like_short_translation_flags_no_crash" time="0.000" /><testcase classname="tests.test_length_guard.TestInjectionLikeStringsAsTranslationContent" name="test_script_tag_like_short_translation_flags_no_crash" time="0.000" /><testcase classname="tests.test_length_guard.TestInjectionLikeStringsAsTranslationContent" name="test_sql_like_string_as_source_no_crash" time="0.000" /><testcase classname="tests.test_length_guard.TestSeededPropertyFuzz" name="test_uncalibrated_target_never_flags_across_random_inputs" time="0.078" /><testcase classname="tests.test_length_guard.TestSeededPropertyFuzz" name="test_never_raises_and_always_returns_bool_across_random_inputs" time="0.142" /><testcase classname="tests.test_length_guard.TestSeededPropertyFuzz" name="test_translation_at_least_double_source_length_never_flags" time="0.055" /><testcase classname="tests.test_docx_nested_tables.TestNestedCollectionCharacterParity" name="test_nested_table_text_not_dropped_recursive_walk" time="0.005" /><testcase classname="tests.test_docx_nested_tables.TestNestedCollectionCharacterParity" name="test_seen_tc_survives_id_recycling_60x5" time="0.570" /><testcase classname="tests.test_docx_nested_tables.TestLayoutFrameReroute" name="test_frame_cell_direct_paragraphs_routed_to_body_path" time="0.006" /><testcase classname="tests.test_docx_nested_tables.TestLayoutFrameReroute" name="test_nested_table_under_frame_cell_reaches_serializer" time="0.023" /><testcase classname="tests.test_docx_nested_tables.TestMergedCellDedup" name="test_merged_cell_spanning_columns_emits_single_segment_at_origin" time="0.007" /><testcase classname="tests.test_docx_nested_tables.TestMergedCellDedup" name="test_49_distinct_tc_not_52_segments" time="0.032" /><testcase classname="tests.test_docx_nested_tables.TestFrameRerouteFalsePositiveGuard" name="test_multi_column_data_table_many_paragraphs_not_rerouted" time="0.008" /><testcase classname="tests.test_docx_nested_tables.TestFrameRerouteFalsePositiveGuard" name="test_full_width_cell_without_nested_table_not_rerouted" time="0.006" /><testcase classname="tests.test_docx_nested_tables.TestFrameRerouteFalsePositiveGuard" name="test_nested_table_cell_not_full_width_not_rerouted" time="0.012" /><testcase classname="tests.test_docx_nested_tables.TestNestingDepthGuard" name="test_recursion_terminates_at_max_depth_with_single_warning" time="0.006" /><testcase classname="tests.test_docx_nested_tables.TestNestingDepthGuard" name="test_flatten_at_depth_limit_survives_id_recycling_60x5" time="0.571" /><testcase classname="tests.test_docx_nested_tables.TestLegacyPipeGridDegrade" name="test_legacy_flag_off_nested_table_own_grid_no_crash" time="0.026" /><testcase classname="tests.test_docx_nested_tables.TestLegacyPipeGridDegrade" name="test_legacy_flag_off_rerouted_frame_leaves_placeholder" time="0.027" /><testcase classname="tests.test_docx_nested_tables.TestTruncationGuardCellSeam" name="test_layout_cell_truncated_reply_flagged_and_recovered[True]" time="0.022" /><testcase classname="tests.test_docx_nested_tables.TestTruncationGuardCellSeam" name="test_layout_cell_truncated_reply_flagged_and_recovered[False]" time="0.024" /><testcase classname="tests.test_json_translation_body.TestBodyEnvelope" name="test_body_payload_sends_text_key_parses_translation_key" time="0.000" /><testcase classname="tests.test_json_translation_body.TestBodyEnvelope" name="test_schema_rejects_missing_translation_key" time="0.000" /><testcase classname="tests.test_json_translation_body.TestBodyEnvelope" name="test_parse_body_reply_direct_missing_key" time="0.000" /><testcase classname="tests.test_json_translation_body.TestBodyEnvelope" name="test_parse_body_reply_direct_echoed_source_rejected" time="0.000" /><testcase classname="tests.test_json_translation_body.TestBodyEnvelope" name="test_parse_body_reply_direct_valid" time="0.000" /><testcase classname="tests.test_json_translation_body.TestBodyFallback" name="test_unparseable_json_falls_back_to_translate_once" time="0.000" /><testcase classname="tests.test_json_translation_body.TestBodyFallback" name="test_empty_content_falls_back_to_translate_once" time="0.000" /><testcase classname="tests.test_json_translation_body.TestBodyFallback" name="test_echoed_source_falls_back_to_translate_once" time="0.000" /><testcase classname="tests.test_json_translation_body.TestBodyFallback" name="test_job_completes_normally_on_corrupted_json" time="0.000" /><testcase classname="tests.test_json_translation_body.TestBodyFallback" name="test_fallback_emits_info_via_translatetool_logger" time="0.000" /><testcase classname="tests.test_json_translation_body.TestBodyFallback" name="test_empty_content_ok_true_falls_back_to_translate_once" time="0.000" /><testcase classname="tests.test_json_translation_body.TestBodyFallback" name="test_wrong_type_translation_falls_back_to_translate_once[int]" time="0.000" /><testcase classname="tests.test_json_translation_body.TestBodyFallback" name="test_wrong_type_translation_falls_back_to_translate_once[list]" time="0.000" /><testcase classname="tests.test_json_translation_body.TestBodyFallback" name="test_wrong_type_translation_falls_back_to_translate_once[none]" time="0.000" /><testcase classname="tests.test_json_translation_body.TestBodyFallback" name="test_wrong_type_translation_falls_back_to_translate_once[dict]" time="0.000" /><testcase classname="tests.test_json_translation_body.TestBodyFallback" name="test_meta_refusal_inside_valid_json_still_caught" time="0.000" /><testcase classname="tests.test_json_translation_body.TestBodyFallbackReasonLogging" name="test_each_fallback_trigger_emits_info_line_with_prefix_and_reason[unparseable-json]" time="0.000" /><testcase classname="tests.test_json_translation_body.TestBodyFallbackReasonLogging" name="test_each_fallback_trigger_emits_info_line_with_prefix_and_reason[transport-ok-false]" time="0.000" /><testcase classname="tests.test_json_translation_body.TestBodyFallbackReasonLogging" name="test_each_fallback_trigger_emits_info_line_with_prefix_and_reason[empty-content-ok-true]" time="0.001" /><testcase classname="tests.test_json_translation_body.TestBodyFallbackReasonLogging" name="test_each_fallback_trigger_emits_info_line_with_prefix_and_reason[missing-translation-key]" time="0.000" /><testcase classname="tests.test_json_translation_body.TestBodyFallbackReasonLogging" name="test_each_fallback_trigger_emits_info_line_with_prefix_and_reason[wrong-type-translation]" time="0.000" /><testcase classname="tests.test_json_translation_body.TestBodyFallbackReasonLogging" name="test_each_fallback_trigger_emits_info_line_with_prefix_and_reason[echoed-source]" time="0.000" /><testcase classname="tests.test_json_translation_body.TestBodyFallbackReasonLogging" name="test_job_never_raises_across_all_hostile_replies" time="0.000" /><testcase classname="tests.test_json_translation_body.TestFlagOffLegacyPath" name="test_flag_off_never_calls_translate_json" time="0.000" /><testcase classname="tests.test_json_translation_body.TestLengthGuardOutOfScope" name="test_body_path_unaffected_by_length_guard" time="0.001" /><testcase classname="tests.test_table_context_translation.TestPromptBuilder" name="test_instruction_precedes_serialized_grid_in_prompt_ollama" time="0.000" /><testcase classname="tests.test_table_context_translation.TestPromptBuilder" name="test_instruction_precedes_serialized_grid_in_prompt_openai" time="0.000" /><testcase classname="tests.test_table_context_translation.TestPromptBuilder" name="test_prompt_builder_methods_produce_identical_instructions" time="0.000" /><testcase classname="tests.test_table_context_translation.TestPdfTableCellSerialization" name="test_pdf_tablecell_row_col_drives_serialization" time="0.001" /><testcase classname="tests.test_table_context_translation.TestPdfTableCellSerialization" name="test_pdf_translate_table_cells_calls_translate_once_once" time="0.007" /><testcase classname="tests.test_table_context_translation.TestPdfTableCellSerialization" name="test_pdf_translations_mapped_to_correct_cells_after_parse" time="0.001" /><testcase classname="tests.test_table_context_translation.TestFallbackBehavior" name="test_fallback_per_cell_batch_preserves_all_cell_mapping" time="0.001" /><testcase classname="tests.test_table_context_translation.TestFallbackBehavior" name="test_fallback_logs_warning_on_parse_failure" time="0.001" /><testcase classname="tests.test_table_context_translation.TestFallbackBehavior" name="test_unparseable_json_falls_back_to_per_cell_batch" time="0.001" /><testcase classname="tests.test_table_context_translation.TestFallbackLogging" name="test_fallback_emits_info_via_translatetool_logger" time="0.001" /><testcase classname="tests.test_table_context_translation.TestHostileTableJsonReplies" name="test_hostile_reply_falls_back_to_per_cell_batch_and_logs_reason[empty-content-gpt-oss-120b-mode]" time="0.001" /><testcase classname="tests.test_table_context_translation.TestHostileTableJsonReplies" name="test_hostile_reply_falls_back_to_per_cell_batch_and_logs_reason[plain-prose]" time="0.001" /><testcase classname="tests.test_table_context_translation.TestHostileTableJsonReplies" name="test_hostile_reply_falls_back_to_per_cell_batch_and_logs_reason[truncated-mid-object]" time="0.001" /><testcase classname="tests.test_table_context_translation.TestHostileTableJsonReplies" name="test_hostile_reply_falls_back_to_per_cell_batch_and_logs_reason[trailing-garbage]" time="0.001" /><testcase classname="tests.test_table_context_translation.TestHostileTableJsonReplies" name="test_hostile_reply_falls_back_to_per_cell_batch_and_logs_reason[missing-cells-key]" time="0.001" /><testcase classname="tests.test_table_context_translation.TestHostileTableJsonReplies" name="test_hostile_reply_falls_back_to_per_cell_batch_and_logs_reason[malformed-cell-missing-translation-for-second-sent-coord]" time="0.001" /><testcase classname="tests.test_table_context_translation.TestHostileTableJsonReplies" name="test_non_integer_coordinate_falls_back" time="0.001" /><testcase classname="tests.test_table_context_translation.TestHostileTableJsonReplies" name="test_missing_sent_coordinate_rejects_whole_reply_no_partial_assignment" time="0.001" /><testcase classname="tests.test_table_context_translation.TestHostileTableJsonReplies" name="test_extra_coordinate_ignored_not_an_error_no_fallback" time="0.001" /><testcase classname="tests.test_table_context_translation.TestHostileTableJsonReplies" name="test_echoed_whole_grid_falls_back" time="0.001" /><testcase classname="tests.test_table_context_translation.TestHostileTableJsonReplies" name="test_single_cell_echo_is_legitimate_no_fallback" time="0.001" /><testcase classname="tests.test_table_context_translation.TestHostileTableJsonReplies" name="test_job_never_raises_across_all_hostile_replies" time="0.004" /><testcase classname="tests.test_table_context_translation.TestNumericPassthrough" name="test_all_numeric_table_makes_no_llm_call" time="0.001" /><testcase classname="tests.test_table_context_translation.TestNumericPassthrough" name="test_numeric_cells_excluded_from_batch_and_passthrough" time="0.001" /><testcase classname="tests.test_table_context_translation.TestOneCallPerTableOffice" name="test_single_llm_call_per_table_docx[True]" time="0.022" /><testcase classname="tests.test_table_context_translation.TestOneCallPerTableOffice" name="test_single_llm_call_per_table_docx[False]" time="0.023" /><testcase classname="tests.test_table_context_translation.TestOneCallPerTableOffice" name="test_single_llm_call_per_table_xlsx[True]" time="0.010" /><testcase classname="tests.test_table_context_translation.TestOneCallPerTableOffice" name="test_single_llm_call_per_table_xlsx[False]" time="0.008" /><testcase classname="tests.test_table_context_translation.TestOneCallPerTableOffice" name="test_single_llm_call_per_table_pptx[True]" time="0.012" /><testcase classname="tests.test_table_context_translation.TestOneCallPerTableOffice" name="test_single_llm_call_per_table_pptx[False]" time="0.012" /><testcase classname="tests.test_table_context_translation.TestPhantomColumnRegression" name="test_xlsx_257_col_sheet_completes_without_fallback" time="0.011" /><testcase classname="tests.test_table_context_translation.TestJsonTableRoundTrip" name="test_row_neighbor_context_delivered_in_outgoing_payload" time="0.009" /><testcase classname="tests.test_table_context_translation.TestMultiParagraphCellSplitting" name="test_multiline_cell_forces_grid_parse_failure_and_splits_in_fallback" time="0.026" /><testcase classname="tests.test_table_context_translation.TestMultiParagraphCellSplitting" name="test_single_line_cell_unaffected_by_splitting" time="0.027" /><testcase classname="tests.test_table_context_translation.TestPerColumnDedupKey" name="test_same_text_different_cols_get_separate_translations" time="0.000" /><testcase classname="tests.test_table_context_translation.TestPerColumnDedupKey" name="test_non_table_segments_use_col_none_dedup_key" time="0.024" /><testcase classname="tests.test_table_serialization.TestSerializeStructure" name="test_serialized_grid_row0_and_col0_inline_with_body" time="0.000" /><testcase classname="tests.test_table_serialization.TestSerializeStructure" name="test_serialize_produces_pipe_delimiters" time="0.000" /><testcase classname="tests.test_table_serialization.TestSerializeStructure" name="test_serialize_single_row_two_cols" time="0.000" /><testcase classname="tests.test_table_serialization.TestSerializeStructure" name="test_serialize_no_trailing_newline" time="0.000" /><testcase classname="tests.test_table_serialization.TestSerializeEscaping" name="test_serialize_escapes_pipe_chars_and_collapses_newlines" time="0.000" /><testcase classname="tests.test_table_serialization.TestSerializeEscaping" name="test_serialize_numeric_cell_included_as_placeholder" time="0.000" /><testcase classname="tests.test_table_serialization.TestParseCorrectness" name="test_parse_drops_markdown_separator_line" time="0.000" /><testcase classname="tests.test_table_serialization.TestParseCorrectness" name="test_parse_strips_whitespace_from_cells" time="0.000" /><testcase classname="tests.test_table_serialization.TestParseCorrectness" name="test_parse_unescapes_pipe_in_cells" time="0.000" /><testcase classname="tests.test_table_serialization.TestParseMismatch" name="test_parse_returns_none_on_row_count_mismatch" time="0.000" /><testcase classname="tests.test_table_serialization.TestParseMismatch" name="test_parse_returns_none_on_col_count_mismatch" time="0.000" /><testcase classname="tests.test_table_serialization.TestParseMismatch" name="test_parse_returns_none_when_no_pipe_delimiters" time="0.000" /><testcase classname="tests.test_table_serialization.TestParseMismatch" name="test_parse_returns_none_on_empty_input" time="0.000" /><testcase classname="tests.test_table_serialization.TestParseMismatch" name="test_parse_returns_none_on_more_rows_than_expected" time="0.000" /><testcase classname="tests.test_table_serialization.TestRoundTrip" name="test_serialize_parse_round_trip_preserves_row_col_positions" time="0.002" /><testcase classname="tests.test_table_serialization.TestRoundTrip" name="test_round_trip_preserves_escaped_pipe_content" time="0.000" /><testcase classname="tests.test_table_serialization.TestRoundTrip" name="test_round_trip_3x3_table" time="0.000" /><testcase classname="tests.test_table_serialization.TestSerializeContentCellsOnly" name="test_47_content_cells_against_257_phantom_columns_no_grid_shape" time="0.001" /><testcase classname="tests.test_table_serialization.TestSerializeContentCellsOnly" name="test_numeric_cells_excluded" time="0.000" /><testcase classname="tests.test_table_serialization.TestSerializeContentCellsOnly" name="test_empty_cells_excluded" time="0.000" /><testcase classname="tests.test_table_serialization.TestSerializeContentCellsOnly" name="test_original_row_col_never_renumbered" time="0.000" /><testcase classname="tests.test_table_serialization.TestSerializeContentCellsOnly" name="test_empty_cell_list_produces_empty_cells_array" time="0.000" /><testcase classname="tests.test_table_serialization.TestParseCoordinateRemap" name="test_valid_reply_restores_translations_by_row_col" time="0.000" /><testcase classname="tests.test_table_serialization.TestParseCoordinateRemap" name="test_reject_missing_sent_coordinate" time="0.000" /><testcase classname="tests.test_table_serialization.TestParseCoordinateRemap" name="test_extra_coordinate_is_ignored_not_an_error" time="0.000" /><testcase classname="tests.test_table_serialization.TestParseCoordinateRemap" name="test_reject_unparseable_json" time="0.000" /><testcase classname="tests.test_table_serialization.TestParseCoordinateRemap" name="test_reject_empty_content" time="0.000" /><testcase classname="tests.test_table_serialization.TestParseCoordinateRemap" name="test_reject_missing_cells_key" time="0.000" /><testcase classname="tests.test_table_serialization.TestParseCoordinateRemap" name="test_reject_non_integer_coordinate" time="0.000" /><testcase classname="tests.test_table_serialization.TestParseCoordinateRemap" name="test_echoed_whole_grid_rejected" time="0.000" /><testcase classname="tests.test_table_serialization.TestParseCoordinateRemap" name="test_single_unchanged_cell_is_legitimate_not_rejected" time="0.000" /><testcase classname="tests.test_table_serialization.TestJsonRoundTrip" name="test_serialize_parse_json_round_trip_preserves_coordinates" time="0.000" /></testsuite></testsuites>