<?xml version="1.0" encoding="utf-8"?><testsuites name="pytest tests"><testsuite name="pytest" errors="0" failures="0" skipped="0" tests="87" time="0.402" timestamp="2026-06-19T10:46:56.444784+08:00" hostname="EGG"><testcase classname="tests.test_fewshot_glossary.TestFewShotInjection" name="test_fewshot_examples_present_in_prompt_string" time="0.000" /><testcase classname="tests.test_fewshot_glossary.TestFewShotInjection" name="test_fewshot_injected_for_every_call_including_second" time="0.000" /><testcase classname="tests.test_fewshot_glossary.TestFewShotInjection" name="test_fewshot_block_contains_at_least_one_source_target_pair" time="0.000" /><testcase classname="tests.test_fewshot_glossary.TestFewShotInjection" name="test_fewshot_examples_absent_when_bank_is_empty" time="0.000" /><testcase classname="tests.test_fewshot_glossary.TestGlossaryEnforcement" name="test_registered_term_appears_in_output_after_substitution" time="0.000" /><testcase classname="tests.test_fewshot_glossary.TestGlossaryEnforcement" name="test_multiple_terms_all_substituted" time="0.000" /><testcase classname="tests.test_fewshot_glossary.TestGlossaryEnforcement" name="test_term_not_in_source_not_forced_into_output" time="0.000" /><testcase classname="tests.test_fewshot_glossary.TestGlossaryEnforcement" name="test_substitution_is_case_insensitive_on_source_match" time="0.000" /><testcase classname="tests.test_fewshot_glossary.TestGlossaryMatchRate" name="test_match_rate_is_1_0_when_all_terms_present" time="0.000" /><testcase classname="tests.test_fewshot_glossary.TestGlossaryMatchRate" name="test_match_rate_is_0_when_no_terms_match" time="0.000" /><testcase classname="tests.test_fewshot_glossary.TestGlossarySourceOfTruth" name="test_glossary_terms_sourced_from_term_db_not_hardcoded" time="0.002" /><testcase classname="tests.test_fewshot_glossary.TestGlossarySourceOfTruth" name="test_empty_term_db_produces_empty_glossary_block" time="0.001" /><testcase classname="tests.test_fewshot_glossary.TestCritiqueLoop" name="test_critique_loop_runs_at_least_once_per_request" time="0.001" /><testcase classname="tests.test_fewshot_glossary.TestCritiqueLoop" name="test_revised_draft_recorded_in_tmap" time="0.001" /><testcase classname="tests.test_fewshot_glossary.TestCritiqueLoopBounds" name="test_loop_stops_at_critique_max_iterations" time="0.001" /><testcase classname="tests.test_fewshot_glossary.TestCritiqueLoopBounds" name="test_loop_degrades_to_last_valid_draft_on_critique_failure" time="0.001" /><testcase classname="tests.test_fewshot_glossary.TestCritiqueLoopBounds" name="test_loop_degrades_to_draft_on_timeout" time="0.052" /><testcase classname="tests.test_fewshot_glossary.TestCritiqueLoopBounds" name="test_job_does_not_fail_when_critique_times_out" time="0.002" /><testcase classname="tests.test_fewshot_glossary.TestCacheKeyGlossaryDigest" name="test_cache_key_differs_after_glossary_state_changes" time="0.000" /><testcase classname="tests.test_fewshot_glossary.TestCacheKeyGlossaryDigest" name="test_pre_glossary_cache_entry_is_a_miss_after_term_added" time="0.000" /><testcase classname="tests.test_fewshot_glossary.TestCritiqueMetrics" name="test_critique_loop_invocations_increments_per_request" time="0.000" /><testcase classname="tests.test_fewshot_glossary.TestCritiqueMetrics" name="test_critique_iterations_total_reflects_actual_iteration_count" time="0.000" /><testcase classname="tests.test_fewshot_glossary.TestCritiqueMetrics" name="test_glossary_match_rate_reported_in_get_metrics" time="0.000" /><testcase classname="tests.test_fewshot_glossary.TestCritiqueMetrics" name="test_new_counters_initialize_to_zero" time="0.000" /><testcase classname="tests.test_fewshot_glossary.TestCritiqueMetrics" name="test_new_counters_reset_via_reset_helper" time="0.000" /><testcase classname="tests.test_metrics_counters" name="test_all_counters_initialize_to_zero" time="0.000" /><testcase classname="tests.test_metrics_counters" name="test_latency_mean_is_float_zero_when_count_zero" time="0.000" /><testcase classname="tests.test_metrics_counters" name="test_counters_no_external_io" time="0.000" /><testcase classname="tests.test_metrics_counters" name="test_translation_count_increments_on_success" time="0.000" /><testcase classname="tests.test_metrics_counters" name="test_translation_count_increments_on_failure_too" time="0.000" /><testcase classname="tests.test_metrics_counters" name="test_latency_mean_updated_after_calls" time="0.000" /><testcase classname="tests.test_metrics_counters" name="test_latency_mean_incremental_formula" time="0.000" /><testcase classname="tests.test_metrics_counters" name="test_provider_failure_count_increments_on_failure" time="0.000" /><testcase classname="tests.test_metrics_counters" name="test_provider_failure_count_unchanged_on_success" time="0.000" /><testcase classname="tests.test_metrics_counters" name="test_provider_failure_count_increments_per_attempt_in_chain" time="0.000" /><testcase classname="tests.test_metrics_counters" name="test_font_cache_hit_increments_hits" time="0.000" /><testcase classname="tests.test_metrics_counters" name="test_font_cache_miss_increments_misses" time="0.000" /><testcase classname="tests.test_metrics_counters" name="test_font_cache_exactly_one_counter_per_access" time="0.000" /><testcase classname="tests.test_metrics_counters" name="test_reset_restores_initial_state" time="0.000" /><testcase classname="tests.test_metrics_counters" name="test_critique_loop_invocations_initializes_to_zero" time="0.000" /><testcase classname="tests.test_metrics_counters" name="test_critique_iterations_total_initializes_to_zero" time="0.000" /><testcase classname="tests.test_metrics_counters" name="test_glossary_match_rate_initializes_to_one" time="0.000" /><testcase classname="tests.test_metrics_counters" name="test_critique_loop_invocations_increments" time="0.000" /><testcase classname="tests.test_metrics_counters" name="test_critique_iterations_total_accumulates" time="0.000" /><testcase classname="tests.test_metrics_counters" name="test_glossary_match_rate_set_scalar" time="0.000" /><testcase classname="tests.test_metrics_counters" name="test_critique_counters_reset_via_reset" time="0.000" /><testcase classname="tests.test_context_prompt_i18n" name="test_template_selected_for_en_zhtw_ja" time="0.000" /><testcase classname="tests.test_context_prompt_i18n" name="test_unlisted_lang_falls_back_to_en" time="0.000" /><testcase classname="tests.test_context_prompt_i18n" name="test_immediate_and_deferred_use_same_template" time="0.001" /><testcase classname="tests.test_context_prompt_i18n" name="test_general_num_ctx_env_overrides_independently" time="0.001" /><testcase classname="tests.test_context_prompt_i18n" name="test_translation_num_ctx_env_overrides_independently" time="0.001" /><testcase classname="tests.test_context_prompt_i18n" name="test_num_ctx_fallback_chain_to_ollama_then_default" time="0.001" /><testcase classname="tests.test_context_prompt_i18n" name="test_only_ollama_num_ctx_set_backward_compat" time="0.001" /><testcase classname="tests.test_translation_strategy" name="test_detect_translation_scenario_technical_keywords" time="0.000" /><testcase classname="tests.test_translation_strategy" name="test_detect_translation_scenario_business_finance_keywords" time="0.000" /><testcase classname="tests.test_translation_strategy" name="test_build_strategy_adds_context_and_options_for_general_model" time="0.000" /><testcase classname="tests.test_translation_strategy" name="test_build_strategy_for_translation_model_technical_process_includes_glossary_hint" time="0.000" /><testcase classname="tests.test_translation_strategy" name="test_scenario_from_profile_supports_new_and_legacy_profile_ids" time="0.000" /><testcase classname="tests.test_translation_strategy" name="test_build_strategy_includes_glossary_digest_in_cache_variant" time="0.000" /><testcase classname="tests.test_translation_strategy" name="test_build_strategy_legacy_scenario_is_canonicalized" time="0.000" /><testcase classname="tests.test_hy_mt_quality_refinement.TestBuildRefineSystemPrompt" name="test_technical_process_vietnamese_contains_persona" time="0.000" /><testcase classname="tests.test_hy_mt_quality_refinement.TestBuildRefineSystemPrompt" name="test_technical_process_contains_four_rules" time="0.000" /><testcase classname="tests.test_hy_mt_quality_refinement.TestBuildRefineSystemPrompt" name="test_technical_process_rule1_cross_references_source" time="0.000" /><testcase classname="tests.test_hy_mt_quality_refinement.TestBuildRefineSystemPrompt" name="test_technical_process_rule4_output_only" time="0.000" /><testcase classname="tests.test_hy_mt_quality_refinement.TestBuildRefineSystemPrompt" name="test_japanese_technical_process_persona" time="0.000" /><testcase classname="tests.test_hy_mt_quality_refinement.TestBuildRefineSystemPrompt" name="test_german_technical_process_persona" time="0.000" /><testcase classname="tests.test_hy_mt_quality_refinement.TestBuildRefineSystemPrompt" name="test_generic_profile_fallback" time="0.000" /><testcase classname="tests.test_hy_mt_quality_refinement.TestBuildRefineSystemPrompt" name="test_unknown_language_fallback_no_crash" time="0.000" /><testcase classname="tests.test_hy_mt_quality_refinement.TestBuildRefinePrompt" name="test_source_label_present" time="0.000" /><testcase classname="tests.test_hy_mt_quality_refinement.TestBuildRefinePrompt" name="test_draft_label_present" time="0.000" /><testcase classname="tests.test_hy_mt_quality_refinement.TestBuildRefinePrompt" name="test_corrected_label_present" time="0.000" /><testcase classname="tests.test_hy_mt_quality_refinement.TestBuildRefinePrompt" name="test_source_text_included" time="0.000" /><testcase classname="tests.test_hy_mt_quality_refinement.TestBuildRefinePrompt" name="test_draft_text_included" time="0.000" /><testcase classname="tests.test_hy_mt_quality_refinement.TestBuildRefinePrompt" name="test_correct_order" time="0.000" /><testcase classname="tests.test_hy_mt_quality_refinement.TestRouteGroupRefineModel" name="test_vietnamese_group_has_refine_model" time="0.000" /><testcase classname="tests.test_hy_mt_quality_refinement.TestRouteGroupRefineModel" name="test_japanese_group_has_refine_model" time="0.000" /><testcase classname="tests.test_hy_mt_quality_refinement.TestRouteGroupRefineModel" name="test_german_group_has_refine_model" time="0.000" /><testcase classname="tests.test_hy_mt_quality_refinement.TestRouteGroupRefineModel" name="test_korean_tgemma_group_has_refine_model" time="0.000" /><testcase classname="tests.test_hy_mt_quality_refinement.TestRouteGroupRefineModel" name="test_english_qwen_group_has_no_refine_model" time="0.000" /><testcase classname="tests.test_hy_mt_quality_refinement.TestRouteGroupRefineModel" name="test_unlisted_language_qwen_group_has_no_refine_model" time="0.000" /><testcase classname="tests.test_hy_mt_quality_refinement.TestRouteGroupRefineModel" name="test_mixed_targets_correct_refine_models" time="0.000" /><testcase classname="tests.test_hy_mt_quality_refinement.TestTranslateTextsRefinePhase" name="test_unload_called_before_refine" time="0.002" /><testcase classname="tests.test_hy_mt_quality_refinement.TestTranslateTextsRefinePhase" name="test_refine_updates_tmap" time="0.001" /><testcase classname="tests.test_hy_mt_quality_refinement.TestTranslateTextsRefinePhase" name="test_refined_output_is_cached_under_refiner_key" time="0.002" /><testcase classname="tests.test_hy_mt_quality_refinement.TestTranslateTextsRefinePhase" name="test_phase2_skipped_when_disabled" time="0.002" /><testcase classname="tests.test_hy_mt_quality_refinement.TestTranslateTextsRefinePhase" name="test_no_refine_when_refine_client_is_none" time="0.001" /><testcase classname="tests.test_hy_mt_quality_refinement.TestCritiqueLoopInvocation" name="test_critique_loop_invoked_within_translate_texts" time="0.001" /></testsuite></testsuites>