<?xml version="1.0" encoding="utf-8"?><testsuites name="pytest tests"><testsuite name="pytest" errors="0" failures="0" skipped="0" tests="91" time="1.241" timestamp="2026-06-17T19:21:40.419352+08:00" hostname="EGG"><testcase classname="tests.test_metrics_counters" name="test_all_counters_initialize_to_zero" time="0.000" /><testcase classname="tests.test_metrics_counters" name="test_latency_mean_is_float_zero_when_count_zero" time="0.000" /><testcase classname="tests.test_metrics_counters" name="test_counters_no_external_io" time="0.000" /><testcase classname="tests.test_metrics_counters" name="test_translation_count_increments_on_success" time="0.000" /><testcase classname="tests.test_metrics_counters" name="test_translation_count_increments_on_failure_too" time="0.000" /><testcase classname="tests.test_metrics_counters" name="test_latency_mean_updated_after_calls" time="0.000" /><testcase classname="tests.test_metrics_counters" name="test_latency_mean_incremental_formula" time="0.000" /><testcase classname="tests.test_metrics_counters" name="test_provider_failure_count_increments_on_failure" time="0.000" /><testcase classname="tests.test_metrics_counters" name="test_provider_failure_count_unchanged_on_success" time="0.000" /><testcase classname="tests.test_metrics_counters" name="test_provider_failure_count_increments_per_attempt_in_chain" time="0.000" /><testcase classname="tests.test_metrics_counters" name="test_font_cache_hit_increments_hits" time="0.000" /><testcase classname="tests.test_metrics_counters" name="test_font_cache_miss_increments_misses" time="0.000" /><testcase classname="tests.test_metrics_counters" name="test_font_cache_exactly_one_counter_per_access" time="0.000" /><testcase classname="tests.test_metrics_counters" name="test_reset_restores_initial_state" time="0.000" /><testcase classname="tests.test_metrics_endpoint" name="test_get_metrics_returns_200" time="0.085" /><testcase classname="tests.test_metrics_endpoint" name="test_get_metrics_content_type_is_json" time="0.013" /><testcase classname="tests.test_metrics_endpoint" name="test_get_metrics_response_keys_present" time="0.012" /><testcase classname="tests.test_metrics_endpoint" name="test_get_metrics_field_types" time="0.011" /><testcase classname="tests.test_metrics_endpoint" name="test_get_metrics_initial_values_are_zero" time="0.012" /><testcase classname="tests.test_metrics_endpoint" name="test_translation_count_reflected_in_endpoint" time="0.011" /><testcase classname="tests.test_metrics_endpoint" name="test_existing_translation_behavior_unchanged" time="0.007" /><testcase classname="tests.test_metrics_endpoint" name="test_existing_font_load_behavior_unchanged" time="0.000" /><testcase classname="tests.test_pdf_generator.TestEnsureFitz" name="test_ensure_fitz_returns_module" time="0.000" /><testcase classname="tests.test_pdf_generator.TestPDFGenerator" name="test_init_default" time="0.000" /><testcase classname="tests.test_pdf_generator.TestPDFGenerator" name="test_init_custom" time="0.000" /><testcase classname="tests.test_pdf_generator.TestPDFGenerator" name="test_generate_overlay_mode" time="0.266" /><testcase classname="tests.test_pdf_generator.TestPDFGenerator" name="test_generate_side_by_side_mode" time="0.011" /><testcase classname="tests.test_pdf_generator.TestPDFGenerator" name="test_generate_inline_mode_raises" time="0.002" /><testcase classname="tests.test_pdf_generator.TestPDFGenerator" name="test_generate_source_not_found" time="0.000" /><testcase classname="tests.test_pdf_generator.TestPDFGenerator" name="test_generate_with_log_callback" time="0.049" /><testcase classname="tests.test_pdf_generator.TestPDFGenerator" name="test_generate_empty_translations" time="0.051" /><testcase classname="tests.test_pdf_generator.TestPDFGenerator" name="test_generate_partial_translations" time="0.051" /><testcase classname="tests.test_pdf_generator.TestPDFGenerator" name="test_generate_without_mask" time="0.053" /><testcase classname="tests.test_pdf_generator.TestGenerateTranslatedPdf" name="test_generate_translated_pdf_overlay" time="0.051" /><testcase classname="tests.test_pdf_generator.TestGenerateTranslatedPdf" name="test_generate_translated_pdf_side_by_side" time="0.008" /><testcase classname="tests.test_pdf_generator.TestGenerateTranslatedPdf" name="test_generate_translated_pdf_invalid_mode" time="0.002" /><testcase classname="tests.test_pdf_generator.TestGenerateTranslatedPdf" name="test_generate_translated_pdf_with_log" time="0.052" /><testcase classname="tests.test_pdf_generator.TestPDFGeneratorEdgeCases" name="test_page_with_no_elements" time="0.003" /><testcase classname="tests.test_pdf_generator.TestPDFGeneratorEdgeCases" name="test_elements_on_second_page_only" time="0.035" /><testcase classname="tests.test_pdf_generator.TestPDFGeneratorEdgeCases" name="test_multiline_text" time="0.062" /><testcase classname="tests.test_pdf_generator.TestPDFGeneratorEdgeCases" name="test_different_target_languages" time="0.074" /><testcase classname="tests.test_pdf_generator.TestFontBufferCache" name="test_first_call_reads_disk_once" time="0.002" /><testcase classname="tests.test_pdf_generator.TestFontBufferCache" name="test_second_call_hits_cache_not_disk" time="0.001" /><testcase classname="tests.test_pdf_generator.TestFontBufferCache" name="test_distinct_paths_cached_independently" time="0.003" /><testcase classname="tests.test_pdf_generator.TestFontBufferCache" name="test_cached_and_uncached_render_output_equivalent" time="0.002" /><testcase classname="tests.test_pdf_generator.TestFontBufferCache" name="test_error_path_does_not_cache_bad_buffer" time="0.001" /><testcase classname="tests.test_pdf_generator.TestFontBufferCache" name="test_cache_reset_between_tests" time="0.002" /><testcase classname="tests.test_model_router.TestResolveRoute" name="test_vietnamese_routes_to_hymt" time="0.000" /><testcase classname="tests.test_model_router.TestResolveRoute" name="test_english_routes_to_qwen" time="0.000" /><testcase classname="tests.test_model_router.TestResolveRoute" name="test_japanese_routes_to_hymt" time="0.000" /><testcase classname="tests.test_model_router.TestResolveRoute" name="test_korean_routes_to_tgemma" time="0.000" /><testcase classname="tests.test_model_router.TestResolveRoute" name="test_unlisted_language_defaults_to_qwen" time="0.000" /><testcase classname="tests.test_model_router.TestResolveRoute" name="test_empty_targets_defaults_to_qwen" time="0.000" /><testcase classname="tests.test_model_router.TestResolveRoute" name="test_multi_target_routes_by_first" time="0.000" /><testcase classname="tests.test_model_router.TestResolveRoute" name="test_manual_override_returns_none" time="0.000" /><testcase classname="tests.test_model_router.TestResolveRoute" name="test_auto_override_routes_normally" time="0.000" /><testcase classname="tests.test_model_router.TestResolveRoute" name="test_no_override_routes_normally" time="0.000" /><testcase classname="tests.test_model_router.TestGreedyPreset" name="test_greedy_temperature" time="0.000" /><testcase classname="tests.test_model_router.TestGreedyPreset" name="test_greedy_top_p" time="0.000" /><testcase classname="tests.test_model_router.TestGreedyPreset" name="test_greedy_top_k" time="0.000" /><testcase classname="tests.test_model_router.TestGreedyPreset" name="test_greedy_repeat_penalty" time="0.000" /><testcase classname="tests.test_model_router.TestGreedyPreset" name="test_greedy_frequency_penalty" time="0.000" /><testcase classname="tests.test_model_router.TestGetRouteInfo" name="test_single_target" time="0.000" /><testcase classname="tests.test_model_router.TestGetRouteInfo" name="test_multiple_targets" time="0.000" /><testcase classname="tests.test_model_router.TestGetRouteInfo" name="test_response_fields" time="0.000" /><testcase classname="tests.test_model_router.TestResolveRouteGroups" name="test_english_vietnamese_gives_two_groups" time="0.000" /><testcase classname="tests.test_model_router.TestResolveRouteGroups" name="test_english_group_targets" time="0.000" /><testcase classname="tests.test_model_router.TestResolveRouteGroups" name="test_vietnamese_group_targets" time="0.000" /><testcase classname="tests.test_model_router.TestResolveRouteGroups" name="test_vietnamese_japanese_german_gives_one_group" time="0.000" /><testcase classname="tests.test_model_router.TestResolveRouteGroups" name="test_mixed_three_languages_two_groups" time="0.000" /><testcase classname="tests.test_model_router.TestResolveRouteGroups" name="test_insertion_order_preserved" time="0.000" /><testcase classname="tests.test_model_router.TestResolveRouteGroups" name="test_manual_override_returns_none" time="0.000" /><testcase classname="tests.test_model_router.TestResolveRouteGroups" name="test_auto_override_routes_normally" time="0.000" /><testcase classname="tests.test_model_router.TestResolveRouteGroups" name="test_empty_targets_returns_empty_list" time="0.000" /><testcase classname="tests.test_model_router.TestResolveRouteGroups" name="test_route_group_has_correct_profile_id" time="0.000" /><testcase classname="tests.test_model_router.TestResolveRouteGroups" name="test_unlisted_language_uses_default_route" time="0.000" /><testcase classname="tests.test_model_router.TestConfigDrivenRouting" name="test_resolve_route_uses_providers_yml" time="0.005" /><testcase classname="tests.test_model_router.TestConfigDrivenRouting" name="test_hardcoded_routing_table_removed" time="0.000" /><testcase classname="tests.test_model_router.TestConfigDrivenRouting" name="test_default_route_from_config" time="0.001" /><testcase classname="tests.test_model_router.TestConfigDrivenRouting" name="test_provider_field_present_in_route_decision" time="0.001" /><testcase classname="tests.test_model_router.TestProviderRoutingRules" name="test_routing_rules_key_consumed_from_config" time="0.001" /><testcase classname="tests.test_model_router.TestProviderRoutingRules" name="test_config_only_change_routes_new_language" time="0.001" /><testcase classname="tests.test_model_router.TestProviderRoutingRules" name="test_unlisted_language_falls_back_to_default" time="0.001" /><testcase classname="tests.test_model_router.TestProviderRoutingRules" name="test_default_fallback_no_crash" time="0.001" /><testcase classname="tests.test_model_router.TestResolveRouteGroupsPerLanguage" name="test_each_target_resolved_independently" time="0.002" /><testcase classname="tests.test_model_router.TestResolveRouteGroupsPerLanguage" name="test_first_target_not_used_for_all" time="0.001" /><testcase classname="tests.test_model_router.TestResolveRouteGroupsPerLanguage" name="test_mixed_batch_vi_de_ko_ja_groups" time="0.001" /><testcase classname="tests.test_model_router.TestResolveRouteGroupsPerLanguage" name="test_mixed_batch_group_models_match_rules" time="0.001" /><testcase classname="tests.test_model_router.TestLegacyOllamaPath" name="test_provider_config_none_uses_ollama_grouping" time="0.000" /><testcase classname="tests.test_model_router.TestLegacyOllamaPath" name="test_legacy_single_language_batch" time="0.000" /><testcase classname="tests.test_model_router.TestLegacyOllamaPath" name="test_legacy_profile_override_non_auto_returns_none" time="0.000" /></testsuite></testsuites>