<?xml version="1.0" encoding="utf-8"?><testsuites name="pytest tests"><testsuite name="pytest" errors="0" failures="0" skipped="0" tests="74" time="0.577" timestamp="2026-07-09T13:12:11.317959+08:00" hostname="EGG"><testcase classname="tests.test_orchestrator_context_detection" name="test_cloud_active_client_used_for_summary_not_local_ollama" time="0.015" /><testcase classname="tests.test_orchestrator_context_detection" name="test_cloud_summary_generated_without_local_ollama_present" time="0.020" /><testcase classname="tests.test_orchestrator_context_detection" name="test_cloud_summary_injected_as_document_context_in_system_prompt" time="0.020" /><testcase classname="tests.test_orchestrator_context_detection" name="test_context_detection_disabled_skips_cloud_summary" time="0.018" /><testcase classname="tests.test_orchestrator_context_detection" name="test_qwen_context_flow_disabled_skips_cloud_summary" time="0.016" /><testcase classname="tests.test_orchestrator_context_detection" name="test_translation_dedicated_cloud_client_skips_summary" time="0.018" /><testcase classname="tests.test_orchestrator_context_detection" name="test_detect_document_context_returns_empty_on_cloud_call_exception" time="0.001" /><testcase classname="tests.test_orchestrator_context_detection" name="test_job_continues_with_no_preamble_when_cloud_summary_empty" time="0.018" /><testcase classname="tests.test_orchestrator_context_detection" name="test_local_ollama_context_detection_unchanged" time="0.016" /><testcase classname="tests.test_orchestrator_context_detection" name="test_no_scope_creep_into_injection_wiring_or_json_io" time="0.003" /><testcase classname="tests.test_context_prefix_bleed" name="test_build_context_prefix_returns_system_channel_block_no_user_glue" time="0.000" /><testcase classname="tests.test_context_prefix_bleed" name="test_translate_merged_paragraphs_user_payload_excludes_neighbor_segments" time="0.000" /><testcase classname="tests.test_context_prefix_bleed" name="test_fake_client_no_bleed_returns_only_target_segment_8d_fixture" time="0.000" /><testcase classname="tests.test_context_prefix_bleed" name="test_neighbor_text_appears_only_in_system_context_never_in_translated_output" time="0.000" /><testcase classname="tests.test_context_prefix_bleed" name="test_br78_context_delivered_out_of_band_not_in_translatable_payload" time="0.000" /><testcase classname="tests.test_context_prefix_bleed" name="test_context_window_segments_and_max_chars_constants_unchanged" time="0.000" /><testcase classname="tests.test_openai_compatible_client.TestProtocolConformance" name="test_openai_compatible_client_satisfies_protocol" time="0.000" /><testcase classname="tests.test_openai_compatible_client.TestProtocolConformance" name="test_openai_compatible_client_isinstance_llm_client" time="0.000" /><testcase classname="tests.test_openai_compatible_client.TestTranslateOnce" name="test_successful_translation_returns_ok_true" time="0.001" /><testcase classname="tests.test_openai_compatible_client.TestTranslateOnce" name="test_http_error_returns_ok_false" time="0.001" /><testcase classname="tests.test_openai_compatible_client.TestTranslateOnce" name="test_connection_timeout_returns_ok_false" time="0.001" /><testcase classname="tests.test_openai_compatible_client.TestEmptyContentHandling" name="test_empty_content_with_finish_reason_length_returns_ok_false" time="0.001" /><testcase classname="tests.test_openai_compatible_client.TestEmptyContentHandling" name="test_nonempty_content_still_returns_ok_true" time="0.001" /><testcase classname="tests.test_openai_compatible_client.TestMaxTokensPayload" name="test_max_tokens_included_in_completion_payload" time="0.001" /><testcase classname="tests.test_openai_compatible_client.TestMaxTokensPayload" name="test_max_tokens_override_via_constructor" time="0.001" /><testcase classname="tests.test_openai_compatible_client.TestSystemContextChannel" name="test_system_context_prepended_as_leading_system_message" time="0.001" /><testcase classname="tests.test_openai_compatible_client.TestSystemContextChannel" name="test_no_system_context_omits_system_message" time="0.001" /><testcase classname="tests.test_openai_compatible_client.TestSystemPromptDelivery" name="test_system_prompt_merged_ahead_of_segment_context_single_system_message" time="0.001" /><testcase classname="tests.test_openai_compatible_client.TestSystemPromptDelivery" name="test_system_prompt_alone_still_delivered_when_no_segment_context" time="0.001" /><testcase classname="tests.test_openai_compatible_client.TestSystemPromptDelivery" name="test_complete_sends_no_system_message_even_with_system_prompt_set" time="0.001" /><testcase classname="tests.test_openai_compatible_client.TestTranslateBatch" name="test_batch_calls_translate_once_sequentially" time="0.001" /><testcase classname="tests.test_openai_compatible_client.TestTranslateBatch" name="test_batch_partial_failure_returns_ok_false" time="0.001" /><testcase classname="tests.test_openai_compatible_client.TestHealth" name="test_health_probe_reachable_returns_true" time="0.001" /><testcase classname="tests.test_openai_compatible_client.TestHealth" name="test_health_probe_unreachable_returns_false" time="0.001" /><testcase classname="tests.test_openai_compatible_client.TestListModels" name="test_list_models_returns_list_of_strings" time="0.000" /><testcase classname="tests.test_openai_compatible_client.TestUnload" name="test_unload_is_noop_returns_true" time="0.000" /><testcase classname="tests.test_openai_compatible_client.TestConfigLoading" name="test_providers_yml_env_var_interpolation" time="0.007" /><testcase classname="tests.test_openai_compatible_client.TestConfigLoading" name="test_missing_providers_yml_falls_back_to_ollama" time="0.000" /><testcase classname="tests.test_openai_compatible_client.TestConfigLoading" name="test_malformed_providers_yml_falls_back_to_ollama" time="0.001" /><testcase classname="tests.test_openai_compatible_client.TestConfigLoading" name="test_unresolved_env_var_disables_provider" time="0.001" /><testcase classname="tests.test_openai_compatible_client.TestConfigLoading" name="test_all_providers_disabled_falls_back_to_ollama" time="0.001" /><testcase classname="tests.test_openai_compatible_client.TestSecretHandling" name="test_literal_api_key_not_emitted_in_request" time="0.001" /><testcase classname="tests.test_openai_compatible_client.TestTotalTimeoutCeilingAdditive" name="test_ceiling_absent_from_per_chunk_timeout_tuple" time="0.001" /><testcase classname="tests.test_openai_compatible_client.TestTotalTimeoutCeilingAdditive" name="test_wellbehaved_call_still_bounded_by_connect_read_tuple" time="0.001" /><testcase classname="tests.test_openai_compatible_client.TestTotalTimeoutConfig" name="test_env_var_parses_positive_float_default" time="0.001" /><testcase classname="tests.test_provider_fallback.TestFallbackChain" name="test_primary_offline_falls_back_to_next" time="0.001" /><testcase classname="tests.test_provider_fallback.TestFallbackChain" name="test_primary_timeout_falls_back_to_next" time="0.001" /><testcase classname="tests.test_provider_fallback.TestFallbackChain" name="test_primary_auth_failure_falls_back_to_next" time="0.001" /><testcase classname="tests.test_provider_fallback.TestFallbackChain" name="test_all_providers_fail_job_fails" time="0.001" /><testcase classname="tests.test_provider_fallback.TestFallbackChain" name="test_first_success_wins_chain_stops" time="0.001" /><testcase classname="tests.test_provider_fallback.TestProviderAttribution" name="test_winning_provider_recorded_on_job_status" time="0.042" /><testcase classname="tests.test_provider_fallback.TestProviderAttribution" name="test_fallback_provider_recorded_not_primary" time="0.000" /><testcase classname="tests.test_provider_fallback.TestProviderAttribution" name="test_no_provider_recorded_when_job_fails" time="0.000" /><testcase classname="tests.test_provider_fallback.TestJobStatusShape" name="test_job_status_provider_field_is_optional_str" time="0.000" /><testcase classname="tests.test_provider_fallback.TestJobStatusShape" name="test_job_status_provider_field_defaults_to_none" time="0.000" /><testcase classname="tests.test_provider_fallback.TestJobStatusShape" name="test_download_url_field_defaults_to_none" time="0.000" /><testcase classname="tests.test_provider_fallback.TestJobStatusShape" name="test_download_url_field_accepts_string" time="0.000" /><testcase classname="tests.test_provider_fallback.TestOrchestratorProviderWiring" name="test_cloud_client_used_when_provider_id_set" time="0.014" /><testcase classname="tests.test_provider_fallback.TestOrchestratorProviderWiring" name="test_ollama_used_when_no_cloud_provider" time="0.001" /><testcase classname="tests.test_provider_fallback.TestFallbackChainConfig" name="test_fallback_chain_is_panjit_deepseek" time="0.003" /><testcase classname="tests.test_provider_fallback.TestFallbackChainConfig" name="test_ollama_local_role_is_layout_assist_only" time="0.001" /><testcase classname="tests.test_provider_fallback.TestFallbackChainConfig" name="test_deepseek_excluded_when_disabled" time="0.002" /><testcase classname="tests.test_provider_fallback.TestFallbackChainConfig" name="test_deepseek_included_when_enabled" time="0.002" /><testcase classname="tests.test_provider_fallback.TestOrchestratorFallbackTraversal" name="test_ollama_local_branch_absent_from_orchestrator" time="0.000" /><testcase classname="tests.test_provider_fallback.TestOrchestratorFallbackTraversal" name="test_fallback_order_selection_at_orchestrator_seam" time="0.001" /><testcase classname="tests.test_provider_fallback.TestOrchestratorFallbackTraversal" name="test_panjit_fail_deepseek_disabled_graceful" time="0.001" /><testcase classname="tests.test_provider_fallback.TestLayoutDetectorUnchanged" name="test_layout_detector_source_unmodified" time="0.000" /><testcase classname="tests.test_context_prompt_i18n" name="test_template_selected_for_en_zhtw_ja" time="0.000" /><testcase classname="tests.test_context_prompt_i18n" name="test_unlisted_lang_falls_back_to_en" time="0.000" /><testcase classname="tests.test_context_prompt_i18n" name="test_immediate_and_deferred_use_same_template" time="0.000" /><testcase classname="tests.test_context_prompt_i18n" name="test_general_num_ctx_env_overrides_independently" time="0.001" /><testcase classname="tests.test_context_prompt_i18n" name="test_translation_num_ctx_env_overrides_independently" time="0.001" /><testcase classname="tests.test_context_prompt_i18n" name="test_num_ctx_fallback_chain_to_ollama_then_default" time="0.002" /><testcase classname="tests.test_context_prompt_i18n" name="test_only_ollama_num_ctx_set_backward_compat" time="0.001" /></testsuite></testsuites>