<?xml version="1.0" encoding="utf-8"?><testsuites name="pytest tests"><testsuite name="pytest" errors="0" failures="0" skipped="3" tests="53" time="15.441" timestamp="2026-06-18T12:18:43.843875+08:00" hostname="EGG"><testcase classname="tests.test_layout_detector.TestDetectRegionsReturnsTypedBoxes" name="test_detect_regions_returns_typed_boxes" time="0.167" /><testcase classname="tests.test_layout_detector.TestLabelMappingAllKnownLabels" name="test_label_mapping_all_known_labels" time="0.000" /><testcase classname="tests.test_layout_detector.TestUnknownLabelDefaultsToText" name="test_unknown_label_defaults_to_text" time="0.000" /><testcase classname="tests.test_layout_detector.TestIRElementTypeWrittenFromRegion" name="test_ir_element_type_written_from_region" time="0.007" /><testcase classname="tests.test_layout_detector.TestIRReadingOrderWrittenFromDetector" name="test_ir_reading_order_written_from_detector" time="0.008" /><testcase classname="tests.test_layout_detector.TestNoExtraFieldsOutsideIR" name="test_no_extra_fields_outside_ir" time="0.006" /><testcase classname="tests.test_layout_detector.TestNoNetworkImportsInModule" name="test_no_network_imports_in_module" time="0.003" /><testcase classname="tests.test_layout_detector.TestPageImageNotRetainedAfterDetect" name="test_page_image_not_retained_after_detect" time="0.005" /><testcase classname="tests.test_layout_detector.TestWeightResolutionEnvVarTakesPriority" name="test_weight_resolution_env_var_takes_priority" time="0.002" /><testcase classname="tests.test_layout_detector.TestWeightResolutionFallbackToHF" name="test_weight_resolution_fallback_to_hf" time="0.001" /><testcase classname="tests.test_layout_detector.TestMissingModelFallsBackToHeuristic" name="test_missing_model_falls_back_to_heuristic" time="0.001" /><testcase classname="tests.test_layout_detector.TestOnnxLoadErrorFallsBackToHeuristic" name="test_onnx_load_error_falls_back_to_heuristic" time="0.006" /><testcase classname="tests.test_layout_detector.TestOOMInferenceFallsBackToHeuristic" name="test_oom_inference_falls_back_to_heuristic" time="0.006" /><testcase classname="tests.test_layout_detector.TestUnrasterisablePageFallsBackToHeuristic" name="test_unrasterisable_page_falls_back_to_heuristic" time="0.001" /><testcase classname="tests.test_layout_detector.TestUltralyticsNotImported" name="test_ultralytics_not_imported" time="0.000" /><testcase classname="tests.test_layout_detector.TestDetectorDisabledByEnvFlagUsesHeuristic" name="test_detector_disabled_by_env_flag_uses_heuristic" time="0.000" /><testcase classname="tests.test_pdf_parser.TestPyMuPDFParser" name="test_import_error_handling" time="0.000" /><testcase classname="tests.test_pdf_parser.TestPyMuPDFParser" name="test_supported_extensions" time="0.000" /><testcase classname="tests.test_pdf_parser.TestPyMuPDFParser" name="test_file_not_found" time="0.000" /><testcase classname="tests.test_pdf_parser.TestPyMuPDFParser" name="test_invalid_extension" time="0.001" /><testcase classname="tests.test_pdf_parser.TestPyMuPDFParserIntegration" name="test_parse_pdf" time="1.332" /><testcase classname="tests.test_pdf_parser.TestPyMuPDFParserIntegration" name="test_elements_have_bbox" time="0.625" /><testcase classname="tests.test_pdf_parser.TestPyMuPDFParserIntegration" name="test_reading_order" time="0.666" /><testcase classname="tests.test_pdf_parser.TestPyMuPDFParserIntegration" name="test_header_footer_detection" time="1.519" /><testcase classname="tests.test_pdf_parser.TestTableDetection" name="test_is_inside_true" time="0.000" /><testcase classname="tests.test_pdf_parser.TestTableDetection" name="test_is_inside_false" time="0.000" /><testcase classname="tests.test_pdf_parser.TestTableDetection" name="test_is_inside_with_tolerance" time="0.000" /><testcase classname="tests.test_pdf_parser.TestTableDetection" name="test_detect_and_mark_tables_marks_elements" time="0.001" /><testcase classname="tests.test_pdf_parser.TestColorConversion" name="test_color_to_hex_black" time="0.000" /><testcase classname="tests.test_pdf_parser.TestColorConversion" name="test_color_to_hex_white" time="0.000" /><testcase classname="tests.test_pdf_parser.TestColorConversion" name="test_color_to_hex_red" time="0.000" /><testcase classname="tests.test_pdf_parser.TestReadingOrderField" name="test_reading_order_is_integer_or_none" time="0.724" /><testcase classname="tests.test_pdf_parser.TestReadingOrderField" name="test_reading_order_sequential_not_y_bucket" time="0.771" /><testcase classname="tests.test_pdf_parser.TestReadingOrderField" name="test_region_element_types_emitted" time="0.000"><skipped type="pytest.skip" message="TABLE region-level element emission via find_tables() not yet implemented for this fixture; will be addressed in p2-layout-detection">/home/egg/Projects/Translate_Tool/tests/test_pdf_parser.py:348: TABLE region-level element emission via find_tables() not yet implemented for this fixture; will be addressed in p2-layout-detection</skipped></testcase><testcase classname="tests.test_pdf_parser.TestLayoutDetectorIntegration" name="test_detector_order_replaces_y0_heuristic" time="0.000" /><testcase classname="tests.test_pdf_parser.TestLayoutDetectorIntegration" name="test_parse_invokes_layout_detector_on_native_pdf" time="1.202" /><testcase classname="tests.test_pdf_parser.TestLayoutDetectorIntegration" name="test_detector_failure_parse_still_returns_document" time="0.430" /><testcase classname="tests.test_golden_regression.TestGoldenFixtureInventory" name="test_golden_fixture_inventory" time="0.000" /><testcase classname="tests.test_golden_regression.TestGoldenPDFParseIRStable" name="test_golden_pdf_parse_ir_stable[multipage.pdf]" time="0.666" /><testcase classname="tests.test_golden_regression.TestGoldenPDFParseIRStable" name="test_golden_pdf_parse_ir_stable[simple.pdf]" time="1.262" /><testcase classname="tests.test_golden_regression.TestGoldenPDFParseIRStable" name="test_golden_pdf_parse_ir_stable[test.pdf]" time="0.671" /><testcase classname="tests.test_golden_regression.TestGoldenDocxParseIRStable" name="test_golden_docx_parse_ir_stable[no-fixtures]" time="0.000"><skipped type="pytest.skip" message="No DOCX fixtures available yet">/home/egg/Projects/Translate_Tool/tests/test_golden_regression.py:165: No DOCX fixtures available yet</skipped></testcase><testcase classname="tests.test_golden_regression.TestGoldenPptxParseIRStable" name="test_golden_pptx_parse_ir_stable[no-fixtures]" time="0.000"><skipped type="pytest.skip" message="No PPTX fixtures available yet">/home/egg/Projects/Translate_Tool/tests/test_golden_regression.py:186: No PPTX fixtures available yet</skipped></testcase><testcase classname="tests.test_golden_regression.TestDualRunDiffNoRegressions" name="test_dual_run_diff_no_regressions[multipage.pdf]" time="1.377" /><testcase classname="tests.test_golden_regression.TestDualRunDiffNoRegressions" name="test_dual_run_diff_no_regressions[simple.pdf]" time="1.399" /><testcase classname="tests.test_golden_regression.TestDualRunDiffNoRegressions" name="test_dual_run_diff_no_regressions[test.pdf]" time="1.551" /><testcase classname="tests.test_golden_regression.TestDualRunLayoutDetectorVsHeuristic" name="test_dual_run_layout_detector_vs_heuristic" time="0.319" /><testcase classname="tests.test_golden_regression.TestMultiColumnReadingOrderAccuracy" name="test_multi_column_reading_order_accuracy" time="0.006" /><testcase classname="tests.test_golden_regression.TestGoldenOfflineNoNetwork" name="test_golden_offline_no_network" time="0.598" /><testcase classname="tests.test_env_contract.TestEnvContractDeclared" name="test_ollama_base_url_declared" time="0.000" /><testcase classname="tests.test_env_contract.TestEnvContractDeclared" name="test_translation_cache_enabled_declared" time="0.000" /><testcase classname="tests.test_env_contract.TestEnvContractDeclared" name="test_layout_detector_model_path_declared" time="0.000" /><testcase classname="tests.test_env_contract.TestEnvContractDeclared" name="test_layout_detector_enabled_declared" time="0.000" /></testsuite></testsuites>