<?xml version="1.0" encoding="utf-8"?><testsuites name="pytest tests"><testsuite name="pytest" errors="0" failures="0" skipped="0" tests="8" time="0.966" timestamp="2026-07-11T10:23:05.327333+08:00" hostname="EGG"><testcase classname="tests.test_pptx_group_shapes.TestGroupTextCollection" name="test_grouped_textbox_reaches_translate_texts_payload" time="0.029" /><testcase classname="tests.test_pptx_group_shapes.TestGroupTextCollection" name="test_nested_group_text_reaches_translate_texts_payload" time="0.013" /><testcase classname="tests.test_pptx_group_shapes.TestGroupedTableCoordinates" name="test_grouped_table_cells_map_to_correct_row_col" time="0.017" /><testcase classname="tests.test_pptx_group_shapes.TestTableIdCounterNoCollision" name="test_many_grouped_tables_no_shared_key_under_forced_gc" time="0.648" /><testcase classname="tests.test_pptx_group_shapes.TestFlatShapeRegression" name="test_flat_textbox_and_table_output_unchanged" time="0.015" /><testcase classname="tests.test_pptx_group_shapes.TestGroupNestingDepthGuard" name="test_over_limit_group_still_collected_with_one_warning" time="0.012" /><testcase classname="tests.test_pptx_group_shapes.TestGroupNestingDepthGuard" name="test_depth_within_limit_no_warning" time="0.012" /><testcase classname="tests.test_pptx_group_shapes.TestSmartArtUntouched" name="test_smartart_path_not_invoked_for_group_collection" time="0.012" /></testsuite></testsuites>