<?xml version="1.0" encoding="utf-8"?><testsuites name="pytest tests"><testsuite name="pytest" errors="0" failures="0" skipped="0" tests="361" time="2.359" timestamp="2026-06-17T15:34:33.865996+08:00" hostname="EGG"><testcase classname="tests.test_bbox_utils.TestNormalizeBbox" name="test_from_pdf_coords" time="0.000" /><testcase classname="tests.test_bbox_utils.TestNormalizeBbox" name="test_already_internal_coords" time="0.000" /><testcase classname="tests.test_bbox_utils.TestNormalizeBbox" name="test_swapped_coords" time="0.000" /><testcase classname="tests.test_bbox_utils.TestCalculateIou" name="test_identical_boxes" time="0.000" /><testcase classname="tests.test_bbox_utils.TestCalculateIou" name="test_no_overlap" time="0.000" /><testcase classname="tests.test_bbox_utils.TestCalculateIou" name="test_partial_overlap" time="0.000" /><testcase classname="tests.test_bbox_utils.TestCalculateIou" name="test_one_inside_other" time="0.000" /><testcase classname="tests.test_bbox_utils.TestIsBboxInside" name="test_fully_inside" time="0.000" /><testcase classname="tests.test_bbox_utils.TestIsBboxInside" name="test_not_inside" time="0.000" /><testcase classname="tests.test_bbox_utils.TestIsBboxInside" name="test_with_tolerance" time="0.000" /><testcase classname="tests.test_bbox_utils.TestMergeBboxes" name="test_merge_two_boxes" time="0.000" /><testcase classname="tests.test_bbox_utils.TestMergeBboxes" name="test_merge_single_box" time="0.000" /><testcase classname="tests.test_bbox_utils.TestMergeBboxes" name="test_empty_list_raises" time="0.000" /><testcase classname="tests.test_bbox_utils.TestBboxDistance" name="test_overlapping_boxes" time="0.000" /><testcase classname="tests.test_bbox_utils.TestBboxDistance" name="test_horizontal_separation" time="0.000" /><testcase classname="tests.test_bbox_utils.TestBboxDistance" name="test_vertical_separation" time="0.000" /><testcase classname="tests.test_bbox_utils.TestBboxDistance" name="test_diagonal_separation" time="0.000" /><testcase classname="tests.test_bbox_utils.TestIsHeaderFooterRegion" name="test_header_region" time="0.000" /><testcase classname="tests.test_bbox_utils.TestIsHeaderFooterRegion" name="test_footer_region" time="0.000" /><testcase classname="tests.test_bbox_utils.TestIsHeaderFooterRegion" name="test_body_region" time="0.000" /><testcase classname="tests.test_bbox_utils.TestSortBboxesByReadingOrder" name="test_simple_vertical_order" time="0.000" /><testcase classname="tests.test_bbox_utils.TestSortBboxesByReadingOrder" name="test_left_to_right_same_line" time="0.000" /><testcase classname="tests.test_bbox_utils.TestSortBboxesByReadingOrder" name="test_empty_list" time="0.000" /><testcase classname="tests.test_coordinate_renderer.TestCoordinateRenderer" name="test_init_default" time="0.000" /><testcase classname="tests.test_coordinate_renderer.TestCoordinateRenderer" name="test_init_custom" time="0.000" /><testcase classname="tests.test_coordinate_renderer.TestCoordinateRenderer" name="test_supported_modes" time="0.000" /><testcase classname="tests.test_coordinate_renderer.TestCoordinateRenderer" name="test_output_extension" time="0.000" /><testcase classname="tests.test_coordinate_renderer.TestCoordinateRenderer" name="test_render_overlay_mode" time="0.213" /><testcase classname="tests.test_coordinate_renderer.TestCoordinateRenderer" name="test_render_side_by_side_mode" time="0.004" /><testcase classname="tests.test_coordinate_renderer.TestCoordinateRenderer" name="test_render_unsupported_mode" time="0.000" /><testcase classname="tests.test_coordinate_renderer.TestCoordinateRenderer" name="test_render_empty_translations" time="0.001" /><testcase classname="tests.test_coordinate_renderer.TestCoordinateRenderer" name="test_render_partial_translations" time="0.002" /><testcase classname="tests.test_coordinate_renderer.TestCoordinateRenderer" name="test_render_with_log_callback" time="0.002" /><testcase classname="tests.test_coordinate_renderer.TestRenderToPdf" name="test_render_to_pdf_overlay" time="0.002" /><testcase classname="tests.test_coordinate_renderer.TestRenderToPdf" name="test_render_to_pdf_side_by_side" time="0.002" /><testcase classname="tests.test_coordinate_renderer.TestRenderToPdf" name="test_render_to_pdf_invalid_mode" time="0.000" /><testcase classname="tests.test_coordinate_renderer.TestCoordinateRendererEdgeCases" name="test_document_without_pages_info" time="0.002" /><testcase classname="tests.test_coordinate_renderer.TestCoordinateRendererEdgeCases" name="test_elements_without_bbox" time="0.002" /><testcase classname="tests.test_coordinate_renderer.TestCoordinateRendererEdgeCases" name="test_multipage_document" time="0.002" /><testcase classname="tests.test_docx_parser.TestDocxParser" name="test_supported_extensions" time="0.000" /><testcase classname="tests.test_docx_parser.TestDocxParser" name="test_file_not_found" time="0.000" /><testcase classname="tests.test_docx_parser.TestDocxParser" name="test_invalid_extension" time="0.000" /><testcase classname="tests.test_docx_parser.TestDocxParser" name="test_parse_simple_docx" time="0.021" /><testcase classname="tests.test_docx_parser.TestDocxParser" name="test_parse_heading_type" time="0.029" /><testcase classname="tests.test_docx_parser.TestDocxParser" name="test_parse_table" time="0.023" /><testcase classname="tests.test_docx_parser.TestDocxParser" name="test_parse_deduplication" time="0.021" /><testcase classname="tests.test_docx_parser.TestDocxParser" name="test_parse_empty_paragraphs_skipped" time="0.014" /><testcase classname="tests.test_docx_parser.TestDocxParser" name="test_element_ids_unique" time="0.021" /><testcase classname="tests.test_docx_parser.TestDocxParser" name="test_metadata_extraction" time="0.018" /><testcase classname="tests.test_docx_parser.TestDocxParserInsertMarker" name="test_skip_inserted_translation" time="0.014" /><testcase classname="tests.test_font_utils.TestFindFontFile" name="test_find_font_file_not_found" time="0.002" /><testcase classname="tests.test_font_utils.TestFindFontFile" name="test_find_font_file_with_empty_patterns" time="0.000" /><testcase classname="tests.test_font_utils.TestRegisterFonts" name="test_register_fonts_returns_bool" time="0.000" /><testcase classname="tests.test_font_utils.TestRegisterFonts" name="test_register_fonts_idempotent" time="0.000" /><testcase classname="tests.test_font_utils.TestGetFontForLanguage" name="test_get_font_for_default" time="0.000" /><testcase classname="tests.test_font_utils.TestGetFontForLanguage" name="test_get_font_for_english" time="0.000" /><testcase classname="tests.test_font_utils.TestGetFontForLanguage" name="test_get_font_for_chinese_traditional" time="0.000" /><testcase classname="tests.test_font_utils.TestGetFontForLanguage" name="test_get_font_for_chinese_simplified" time="0.000" /><testcase classname="tests.test_font_utils.TestGetFontForLanguage" name="test_get_font_for_japanese" time="0.000" /><testcase classname="tests.test_font_utils.TestGetFontForLanguage" name="test_get_font_for_korean" time="0.000" /><testcase classname="tests.test_font_utils.TestGetFontForLanguage" name="test_get_font_family_match" time="0.000" /><testcase classname="tests.test_font_utils.TestCalculateTextWidth" name="test_calculate_text_width_basic" time="0.000" /><testcase classname="tests.test_font_utils.TestCalculateTextWidth" name="test_calculate_text_width_empty_string" time="0.000" /><testcase classname="tests.test_font_utils.TestCalculateTextWidth" name="test_calculate_text_width_scales_with_size" time="0.000" /><testcase classname="tests.test_font_utils.TestCalculateTextWidth" name="test_calculate_text_width_invalid_font_fallback" time="0.003" /><testcase classname="tests.test_font_utils.TestCalculateTextHeight" name="test_calculate_text_height_basic" time="0.000" /><testcase classname="tests.test_font_utils.TestCalculateTextHeight" name="test_calculate_text_height_scales_with_size" time="0.000" /><testcase classname="tests.test_font_utils.TestEstimateFontSizeFromBbox" name="test_estimate_font_size_single_line" time="0.000" /><testcase classname="tests.test_font_utils.TestEstimateFontSizeFromBbox" name="test_estimate_font_size_multiple_lines" time="0.000" /><testcase classname="tests.test_font_utils.TestEstimateFontSizeFromBbox" name="test_estimate_font_size_respects_min" time="0.000" /><testcase classname="tests.test_font_utils.TestEstimateFontSizeFromBbox" name="test_estimate_font_size_respects_max" time="0.000" /><testcase classname="tests.test_font_utils.TestFitTextToBbox" name="test_fit_text_to_bbox_basic" time="0.000" /><testcase classname="tests.test_font_utils.TestFitTextToBbox" name="test_fit_text_to_bbox_small_box" time="0.000" /><testcase classname="tests.test_font_utils.TestFitTextToBbox" name="test_fit_text_to_bbox_multiline" time="0.000" /><testcase classname="tests.test_font_utils.TestFitTextToBbox" name="test_fit_text_to_bbox_with_initial_size" time="0.000" /><testcase classname="tests.test_font_utils.TestDetectTextDirection" name="test_detect_ltr_english" time="0.000" /><testcase classname="tests.test_font_utils.TestDetectTextDirection" name="test_detect_ltr_chinese" time="0.000" /><testcase classname="tests.test_font_utils.TestDetectTextDirection" name="test_detect_rtl_arabic" time="0.000" /><testcase classname="tests.test_font_utils.TestDetectTextDirection" name="test_detect_rtl_hebrew" time="0.000" /><testcase classname="tests.test_font_utils.TestDetectTextDirection" name="test_detect_mixed_text" time="0.000" /><testcase classname="tests.test_font_utils.TestDetectTextDirection" name="test_detect_empty_string" time="0.000" /><testcase classname="tests.test_font_utils.TestDetectTextDirection" name="test_detect_numbers_only" time="0.000" /><testcase classname="tests.test_font_utils.TestLanguageFontMap" name="test_language_font_map_has_default" time="0.000" /><testcase classname="tests.test_font_utils.TestLanguageFontMap" name="test_language_font_map_has_cjk" time="0.000" /><testcase classname="tests.test_font_utils.TestLanguageFontMap" name="test_language_font_map_structure" time="0.000" /><testcase classname="tests.test_hy_mt_quality_refinement.TestBuildRefineSystemPrompt" name="test_technical_process_vietnamese_contains_persona" time="0.000" /><testcase classname="tests.test_hy_mt_quality_refinement.TestBuildRefineSystemPrompt" name="test_technical_process_contains_four_rules" time="0.000" /><testcase classname="tests.test_hy_mt_quality_refinement.TestBuildRefineSystemPrompt" name="test_technical_process_rule1_cross_references_source" time="0.000" /><testcase classname="tests.test_hy_mt_quality_refinement.TestBuildRefineSystemPrompt" name="test_technical_process_rule4_output_only" time="0.000" /><testcase classname="tests.test_hy_mt_quality_refinement.TestBuildRefineSystemPrompt" name="test_japanese_technical_process_persona" time="0.000" /><testcase classname="tests.test_hy_mt_quality_refinement.TestBuildRefineSystemPrompt" name="test_german_technical_process_persona" time="0.000" /><testcase classname="tests.test_hy_mt_quality_refinement.TestBuildRefineSystemPrompt" name="test_generic_profile_fallback" time="0.000" /><testcase classname="tests.test_hy_mt_quality_refinement.TestBuildRefineSystemPrompt" name="test_unknown_language_fallback_no_crash" time="0.000" /><testcase classname="tests.test_hy_mt_quality_refinement.TestBuildRefinePrompt" name="test_source_label_present" time="0.000" /><testcase classname="tests.test_hy_mt_quality_refinement.TestBuildRefinePrompt" name="test_draft_label_present" time="0.000" /><testcase classname="tests.test_hy_mt_quality_refinement.TestBuildRefinePrompt" name="test_corrected_label_present" time="0.000" /><testcase classname="tests.test_hy_mt_quality_refinement.TestBuildRefinePrompt" name="test_source_text_included" time="0.000" /><testcase classname="tests.test_hy_mt_quality_refinement.TestBuildRefinePrompt" name="test_draft_text_included" time="0.000" /><testcase classname="tests.test_hy_mt_quality_refinement.TestBuildRefinePrompt" name="test_correct_order" time="0.000" /><testcase classname="tests.test_hy_mt_quality_refinement.TestRouteGroupRefineModel" name="test_vietnamese_group_has_refine_model" time="0.000" /><testcase classname="tests.test_hy_mt_quality_refinement.TestRouteGroupRefineModel" name="test_japanese_group_has_refine_model" time="0.000" /><testcase classname="tests.test_hy_mt_quality_refinement.TestRouteGroupRefineModel" name="test_german_group_has_refine_model" time="0.000" /><testcase classname="tests.test_hy_mt_quality_refinement.TestRouteGroupRefineModel" name="test_korean_tgemma_group_has_refine_model" time="0.000" /><testcase classname="tests.test_hy_mt_quality_refinement.TestRouteGroupRefineModel" name="test_english_qwen_group_has_no_refine_model" time="0.000" /><testcase classname="tests.test_hy_mt_quality_refinement.TestRouteGroupRefineModel" name="test_unlisted_language_qwen_group_has_no_refine_model" time="0.000" /><testcase classname="tests.test_hy_mt_quality_refinement.TestRouteGroupRefineModel" name="test_mixed_targets_correct_refine_models" time="0.000" /><testcase classname="tests.test_hy_mt_quality_refinement.TestTranslateTextsRefinePhase" name="test_unload_called_before_refine" time="0.003" /><testcase classname="tests.test_hy_mt_quality_refinement.TestTranslateTextsRefinePhase" name="test_refine_updates_tmap" time="0.001" /><testcase classname="tests.test_hy_mt_quality_refinement.TestTranslateTextsRefinePhase" name="test_refined_output_is_cached_under_refiner_key" time="0.001" /><testcase classname="tests.test_hy_mt_quality_refinement.TestTranslateTextsRefinePhase" name="test_phase2_skipped_when_disabled" time="0.001" /><testcase classname="tests.test_hy_mt_quality_refinement.TestTranslateTextsRefinePhase" name="test_no_refine_when_refine_client_is_none" time="0.001" /><testcase classname="tests.test_inline_renderer.TestInlineRenderer" name="test_supported_modes" time="0.000" /><testcase classname="tests.test_inline_renderer.TestInlineRenderer" name="test_output_extension" time="0.000" /><testcase classname="tests.test_inline_renderer.TestInlineRenderer" name="test_render_invalid_mode" time="0.000" /><testcase classname="tests.test_inline_renderer.TestInlineRenderer" name="test_render_basic" time="0.015" /><testcase classname="tests.test_inline_renderer.TestInlineRenderer" name="test_render_missing_translation" time="0.019" /><testcase classname="tests.test_inline_renderer.TestInlineRenderer" name="test_render_non_translatable_elements" time="0.010" /><testcase classname="tests.test_inline_renderer.TestInlineRendererFromSegments" name="test_render_from_segments_paragraph" time="0.005" /><testcase classname="tests.test_inline_renderer.TestInlineRendererFromSegments" name="test_render_from_segments_no_translation" time="0.004" /><testcase classname="tests.test_llm_client_protocol.TestProtocolDefinition" name="test_protocol_defines_six_methods" time="0.000" /><testcase classname="tests.test_llm_client_protocol.TestProtocolDefinition" name="test_protocol_method_signatures" time="0.000" /><testcase classname="tests.test_llm_client_protocol.TestOllamaClientConformance" name="test_ollama_client_satisfies_protocol" time="0.000" /><testcase classname="tests.test_llm_client_protocol.TestOllamaClientConformance" name="test_ollama_client_isinstance_llm_client" time="0.000" /><testcase classname="tests.test_llm_client_protocol.TestNoPrivateCalls" name="test_translation_service_no_private_payload_call" time="0.002" /><testcase classname="tests.test_llm_client_protocol.TestNoPrivateCalls" name="test_translation_service_no_private_ollama_call" time="0.000" /><testcase classname="tests.test_llm_client_protocol.TestOllamaClientFrozenPublicApi" name="test_ollama_client_frozen_public_api_intact" time="0.000" /><testcase classname="tests.test_llm_client_protocol.TestOllamaClientFrozenPublicApi" name="test_ollama_client_alias_methods_delegate" time="0.003" /><testcase classname="tests.test_llm_client_protocol.TestContextDetectionPublicMethod" name="test_context_detection_uses_public_method" time="0.001" /><testcase classname="tests.test_llm_client_protocol.TestBaseModuleStdlibOnly" name="test_base_module_stdlib_only" time="0.001" /><testcase classname="tests.test_llm_client_protocol.TestNoGovernedContractModified" name="test_no_governed_contract_modified" time="0.001" /><testcase classname="tests.test_llm_client_protocol.TestOpenAICompatibleClientConformance" name="test_openai_compatible_client_satisfies_protocol" time="0.000" /><testcase classname="tests.test_llm_client_protocol.TestOpenAICompatibleClientConformance" name="test_openai_compatible_client_isinstance_llm_client" time="0.000" /><testcase classname="tests.test_llm_client_protocol.TestJobStatusProviderField" name="test_job_status_schema_has_provider_field" time="0.005" /><testcase classname="tests.test_llm_client_protocol.TestJobStatusProviderField" name="test_job_status_provider_defaults_to_none" time="0.000" /><testcase classname="tests.test_model_config_api" name="test_model_config_endpoint_returns_all_model_types" time="0.062" /><testcase classname="tests.test_model_config_api" name="test_create_job_rejects_out_of_range_num_ctx" time="0.012" /><testcase classname="tests.test_model_config_api" name="test_create_job_passes_valid_num_ctx_override" time="0.013" /><testcase classname="tests.test_model_config_api" name="test_ollama_num_ctx_override_priority" time="0.000" /><testcase classname="tests.test_model_config_api" name="test_route_info_response_includes_provider_field" time="0.023" /><testcase classname="tests.test_model_config_api" name="test_route_info_provider_matches_routing_decision" time="0.023" /><testcase classname="tests.test_model_router.TestResolveRoute" name="test_vietnamese_routes_to_hymt" time="0.000" /><testcase classname="tests.test_model_router.TestResolveRoute" name="test_english_routes_to_qwen" time="0.000" /><testcase classname="tests.test_model_router.TestResolveRoute" name="test_japanese_routes_to_hymt" time="0.000" /><testcase classname="tests.test_model_router.TestResolveRoute" name="test_korean_routes_to_tgemma" time="0.000" /><testcase classname="tests.test_model_router.TestResolveRoute" name="test_unlisted_language_defaults_to_qwen" time="0.000" /><testcase classname="tests.test_model_router.TestResolveRoute" name="test_empty_targets_defaults_to_qwen" time="0.000" /><testcase classname="tests.test_model_router.TestResolveRoute" name="test_multi_target_routes_by_first" time="0.000" /><testcase classname="tests.test_model_router.TestResolveRoute" name="test_manual_override_returns_none" time="0.000" /><testcase classname="tests.test_model_router.TestResolveRoute" name="test_auto_override_routes_normally" time="0.000" /><testcase classname="tests.test_model_router.TestResolveRoute" name="test_no_override_routes_normally" time="0.000" /><testcase classname="tests.test_model_router.TestGreedyPreset" name="test_greedy_temperature" time="0.000" /><testcase classname="tests.test_model_router.TestGreedyPreset" name="test_greedy_top_p" time="0.000" /><testcase classname="tests.test_model_router.TestGreedyPreset" name="test_greedy_top_k" time="0.000" /><testcase classname="tests.test_model_router.TestGreedyPreset" name="test_greedy_repeat_penalty" time="0.000" /><testcase classname="tests.test_model_router.TestGreedyPreset" name="test_greedy_frequency_penalty" time="0.000" /><testcase classname="tests.test_model_router.TestGetRouteInfo" name="test_single_target" time="0.000" /><testcase classname="tests.test_model_router.TestGetRouteInfo" name="test_multiple_targets" time="0.000" /><testcase classname="tests.test_model_router.TestGetRouteInfo" name="test_response_fields" time="0.000" /><testcase classname="tests.test_model_router.TestResolveRouteGroups" name="test_english_vietnamese_gives_two_groups" time="0.000" /><testcase classname="tests.test_model_router.TestResolveRouteGroups" name="test_english_group_targets" time="0.000" /><testcase classname="tests.test_model_router.TestResolveRouteGroups" name="test_vietnamese_group_targets" time="0.000" /><testcase classname="tests.test_model_router.TestResolveRouteGroups" name="test_vietnamese_japanese_german_gives_one_group" time="0.000" /><testcase classname="tests.test_model_router.TestResolveRouteGroups" name="test_mixed_three_languages_two_groups" time="0.000" /><testcase classname="tests.test_model_router.TestResolveRouteGroups" name="test_insertion_order_preserved" time="0.000" /><testcase classname="tests.test_model_router.TestResolveRouteGroups" name="test_manual_override_returns_none" time="0.000" /><testcase classname="tests.test_model_router.TestResolveRouteGroups" name="test_auto_override_routes_normally" time="0.000" /><testcase classname="tests.test_model_router.TestResolveRouteGroups" name="test_empty_targets_returns_empty_list" time="0.000" /><testcase classname="tests.test_model_router.TestResolveRouteGroups" name="test_route_group_has_correct_profile_id" time="0.000" /><testcase classname="tests.test_model_router.TestResolveRouteGroups" name="test_unlisted_language_uses_default_route" time="0.000" /><testcase classname="tests.test_model_router.TestConfigDrivenRouting" name="test_resolve_route_uses_providers_yml" time="0.003" /><testcase classname="tests.test_model_router.TestConfigDrivenRouting" name="test_hardcoded_routing_table_removed" time="0.000" /><testcase classname="tests.test_model_router.TestConfigDrivenRouting" name="test_default_route_from_config" time="0.001" /><testcase classname="tests.test_model_router.TestConfigDrivenRouting" name="test_provider_field_present_in_route_decision" time="0.001" /><testcase classname="tests.test_model_router.TestProviderRoutingRules" name="test_routing_rules_key_consumed_from_config" time="0.001" /><testcase classname="tests.test_model_router.TestProviderRoutingRules" name="test_config_only_change_routes_new_language" time="0.001" /><testcase classname="tests.test_model_router.TestProviderRoutingRules" name="test_unlisted_language_falls_back_to_default" time="0.001" /><testcase classname="tests.test_model_router.TestProviderRoutingRules" name="test_default_fallback_no_crash" time="0.001" /><testcase classname="tests.test_model_router.TestResolveRouteGroupsPerLanguage" name="test_each_target_resolved_independently" time="0.001" /><testcase classname="tests.test_model_router.TestResolveRouteGroupsPerLanguage" name="test_first_target_not_used_for_all" time="0.001" /><testcase classname="tests.test_model_router.TestResolveRouteGroupsPerLanguage" name="test_mixed_batch_vi_de_ko_ja_groups" time="0.001" /><testcase classname="tests.test_model_router.TestResolveRouteGroupsPerLanguage" name="test_mixed_batch_group_models_match_rules" time="0.001" /><testcase classname="tests.test_model_router.TestLegacyOllamaPath" name="test_provider_config_none_uses_ollama_grouping" time="0.000" /><testcase classname="tests.test_model_router.TestLegacyOllamaPath" name="test_legacy_single_language_batch" time="0.000" /><testcase classname="tests.test_model_router.TestLegacyOllamaPath" name="test_legacy_profile_override_non_auto_returns_none" time="0.000" /><testcase classname="tests.test_ollama_client_dynamic_strategy" name="test_runtime_options_override_is_merged" time="0.000" /><testcase classname="tests.test_ollama_client_dynamic_strategy" name="test_cache_model_key_includes_variant_when_set" time="0.000" /><testcase classname="tests.test_ollama_client_dynamic_strategy" name="test_translation_dedicated_payload_uses_system_prompt_when_present" time="0.000" /><testcase classname="tests.test_openai_compatible_client.TestProtocolConformance" name="test_openai_compatible_client_satisfies_protocol" time="0.000" /><testcase classname="tests.test_openai_compatible_client.TestProtocolConformance" name="test_openai_compatible_client_isinstance_llm_client" time="0.000" /><testcase classname="tests.test_openai_compatible_client.TestTranslateOnce" name="test_successful_translation_returns_ok_true" time="0.001" /><testcase classname="tests.test_openai_compatible_client.TestTranslateOnce" name="test_http_error_returns_ok_false" time="0.001" /><testcase classname="tests.test_openai_compatible_client.TestTranslateOnce" name="test_connection_timeout_returns_ok_false" time="0.000" /><testcase classname="tests.test_openai_compatible_client.TestTranslateBatch" name="test_batch_calls_translate_once_sequentially" time="0.034" /><testcase classname="tests.test_openai_compatible_client.TestTranslateBatch" name="test_batch_partial_failure_returns_ok_false" time="0.001" /><testcase classname="tests.test_openai_compatible_client.TestRefineTranslation" name="test_refine_returns_ok_true_on_success" time="0.001" /><testcase classname="tests.test_openai_compatible_client.TestHealth" name="test_health_probe_reachable_returns_true" time="0.000" /><testcase classname="tests.test_openai_compatible_client.TestHealth" name="test_health_probe_unreachable_returns_false" time="0.000" /><testcase classname="tests.test_openai_compatible_client.TestListModels" name="test_list_models_returns_list_of_strings" time="0.000" /><testcase classname="tests.test_openai_compatible_client.TestUnload" name="test_unload_is_noop_returns_true" time="0.000" /><testcase classname="tests.test_openai_compatible_client.TestConfigLoading" name="test_providers_yml_env_var_interpolation" time="0.001" /><testcase classname="tests.test_openai_compatible_client.TestConfigLoading" name="test_missing_providers_yml_falls_back_to_ollama" time="0.000" /><testcase classname="tests.test_openai_compatible_client.TestConfigLoading" name="test_malformed_providers_yml_falls_back_to_ollama" time="0.001" /><testcase classname="tests.test_openai_compatible_client.TestConfigLoading" name="test_unresolved_env_var_disables_provider" time="0.001" /><testcase classname="tests.test_openai_compatible_client.TestConfigLoading" name="test_all_providers_disabled_falls_back_to_ollama" time="0.001" /><testcase classname="tests.test_openai_compatible_client.TestSecretHandling" name="test_literal_api_key_not_emitted_in_request" time="0.001" /><testcase classname="tests.test_pdf_generator.TestEnsureFitz" name="test_ensure_fitz_returns_module" time="0.000" /><testcase classname="tests.test_pdf_generator.TestPDFGenerator" name="test_init_default" time="0.000" /><testcase classname="tests.test_pdf_generator.TestPDFGenerator" name="test_init_custom" time="0.000" /><testcase classname="tests.test_pdf_generator.TestPDFGenerator" name="test_generate_overlay_mode" time="0.075" /><testcase classname="tests.test_pdf_generator.TestPDFGenerator" name="test_generate_side_by_side_mode" time="0.011" /><testcase classname="tests.test_pdf_generator.TestPDFGenerator" name="test_generate_inline_mode_raises" time="0.002" /><testcase classname="tests.test_pdf_generator.TestPDFGenerator" name="test_generate_source_not_found" time="0.000" /><testcase classname="tests.test_pdf_generator.TestPDFGenerator" name="test_generate_with_log_callback" time="0.051" /><testcase classname="tests.test_pdf_generator.TestPDFGenerator" name="test_generate_empty_translations" time="0.050" /><testcase classname="tests.test_pdf_generator.TestPDFGenerator" name="test_generate_partial_translations" time="0.051" /><testcase classname="tests.test_pdf_generator.TestPDFGenerator" name="test_generate_without_mask" time="0.050" /><testcase classname="tests.test_pdf_generator.TestGenerateTranslatedPdf" name="test_generate_translated_pdf_overlay" time="0.054" /><testcase classname="tests.test_pdf_generator.TestGenerateTranslatedPdf" name="test_generate_translated_pdf_side_by_side" time="0.007" /><testcase classname="tests.test_pdf_generator.TestGenerateTranslatedPdf" name="test_generate_translated_pdf_invalid_mode" time="0.002" /><testcase classname="tests.test_pdf_generator.TestGenerateTranslatedPdf" name="test_generate_translated_pdf_with_log" time="0.052" /><testcase classname="tests.test_pdf_generator.TestPDFGeneratorEdgeCases" name="test_page_with_no_elements" time="0.004" /><testcase classname="tests.test_pdf_generator.TestPDFGeneratorEdgeCases" name="test_elements_on_second_page_only" time="0.030" /><testcase classname="tests.test_pdf_generator.TestPDFGeneratorEdgeCases" name="test_multiline_text" time="0.057" /><testcase classname="tests.test_pdf_generator.TestPDFGeneratorEdgeCases" name="test_different_target_languages" time="0.074" /><testcase classname="tests.test_pdf_parser.TestPyMuPDFParser" name="test_import_error_handling" time="0.000" /><testcase classname="tests.test_pdf_parser.TestPyMuPDFParser" name="test_supported_extensions" time="0.000" /><testcase classname="tests.test_pdf_parser.TestPyMuPDFParser" name="test_file_not_found" time="0.000" /><testcase classname="tests.test_pdf_parser.TestPyMuPDFParser" name="test_invalid_extension" time="0.001" /><testcase classname="tests.test_pdf_parser.TestPyMuPDFParserIntegration" name="test_parse_pdf" time="0.005" /><testcase classname="tests.test_pdf_parser.TestPyMuPDFParserIntegration" name="test_elements_have_bbox" time="0.002" /><testcase classname="tests.test_pdf_parser.TestPyMuPDFParserIntegration" name="test_reading_order" time="0.002" /><testcase classname="tests.test_pdf_parser.TestPyMuPDFParserIntegration" name="test_header_footer_detection" time="0.002" /><testcase classname="tests.test_pdf_parser.TestTableDetection" name="test_is_inside_true" time="0.000" /><testcase classname="tests.test_pdf_parser.TestTableDetection" name="test_is_inside_false" time="0.000" /><testcase classname="tests.test_pdf_parser.TestTableDetection" name="test_is_inside_with_tolerance" time="0.000" /><testcase classname="tests.test_pdf_parser.TestTableDetection" name="test_detect_and_mark_tables_marks_elements" time="0.001" /><testcase classname="tests.test_pdf_parser.TestColorConversion" name="test_color_to_hex_black" time="0.000" /><testcase classname="tests.test_pdf_parser.TestColorConversion" name="test_color_to_hex_white" time="0.000" /><testcase classname="tests.test_pdf_parser.TestColorConversion" name="test_color_to_hex_red" time="0.000" /><testcase classname="tests.test_pptx_parser.TestPptxParser" name="test_supported_extensions" time="0.000" /><testcase classname="tests.test_pptx_parser.TestPptxParser" name="test_file_not_found" time="0.000" /><testcase classname="tests.test_pptx_parser.TestPptxParser" name="test_invalid_extension" time="0.000" /><testcase classname="tests.test_pptx_parser.TestPptxParser" name="test_parse_simple_pptx" time="0.011" /><testcase classname="tests.test_pptx_parser.TestPptxParser" name="test_parse_multi_slide" time="0.011" /><testcase classname="tests.test_pptx_parser.TestPptxParser" name="test_parse_table" time="0.008" /><testcase classname="tests.test_pptx_parser.TestPptxParser" name="test_title_classification" time="0.009" /><testcase classname="tests.test_pptx_parser.TestPptxParser" name="test_element_ids_unique" time="0.011" /><testcase classname="tests.test_pptx_parser.TestPptxParser" name="test_empty_text_skipped" time="0.008" /><testcase classname="tests.test_pptx_parser.TestPptxParser" name="test_bbox_extraction" time="0.013" /><testcase classname="tests.test_pptx_parser.TestPptxParser" name="test_page_info" time="0.009" /><testcase classname="tests.test_pptx_parser.TestPptxParserMetadata" name="test_metadata_extraction" time="0.008" /><testcase classname="tests.test_provider_fallback.TestFallbackChain" name="test_primary_offline_falls_back_to_next" time="0.001" /><testcase classname="tests.test_provider_fallback.TestFallbackChain" name="test_primary_timeout_falls_back_to_next" time="0.001" /><testcase classname="tests.test_provider_fallback.TestFallbackChain" name="test_primary_auth_failure_falls_back_to_next" time="0.001" /><testcase classname="tests.test_provider_fallback.TestFallbackChain" name="test_all_providers_fail_job_fails" time="0.001" /><testcase classname="tests.test_provider_fallback.TestFallbackChain" name="test_first_success_wins_chain_stops" time="0.000" /><testcase classname="tests.test_provider_fallback.TestProviderAttribution" name="test_winning_provider_recorded_on_job_status" time="0.000" /><testcase classname="tests.test_provider_fallback.TestProviderAttribution" name="test_fallback_provider_recorded_not_primary" time="0.000" /><testcase classname="tests.test_provider_fallback.TestProviderAttribution" name="test_no_provider_recorded_when_job_fails" time="0.000" /><testcase classname="tests.test_provider_fallback.TestJobStatusShape" name="test_job_status_provider_field_is_optional_str" time="0.000" /><testcase classname="tests.test_provider_fallback.TestJobStatusShape" name="test_job_status_provider_field_defaults_to_none" time="0.000" /><testcase classname="tests.test_provider_fallback.TestOrchestratorProviderWiring" name="test_cloud_client_used_when_provider_id_set" time="0.146" /><testcase classname="tests.test_provider_fallback.TestOrchestratorProviderWiring" name="test_ollama_used_when_no_cloud_provider" time="0.001" /><testcase classname="tests.test_term_api" name="test_terms_stats_empty" time="0.014" /><testcase classname="tests.test_term_api" name="test_terms_stats_with_data" time="0.012" /><testcase classname="tests.test_term_api" name="test_terms_export_json" time="0.012" /><testcase classname="tests.test_term_api" name="test_terms_export_csv" time="0.013" /><testcase classname="tests.test_term_api" name="test_terms_export_invalid_format" time="0.012" /><testcase classname="tests.test_term_api" name="test_terms_import_json_insert" time="0.013" /><testcase classname="tests.test_term_api" name="test_terms_import_skip_duplicate" time="0.012" /><testcase classname="tests.test_term_api" name="test_terms_import_invalid_strategy" time="0.012" /><testcase classname="tests.test_term_api" name="test_terms_import_invalid_file_type" time="0.012" /><testcase classname="tests.test_term_db" name="test_insert_and_exists" time="0.001" /><testcase classname="tests.test_term_db" name="test_skip_duplicate" time="0.001" /><testcase classname="tests.test_term_db" name="test_different_domain_coexist" time="0.001" /><testcase classname="tests.test_term_db" name="test_overwrite_strategy" time="0.001" /><testcase classname="tests.test_term_db" name="test_merge_higher_confidence_wins" time="0.001" /><testcase classname="tests.test_term_db" name="test_merge_lower_confidence_keeps_existing" time="0.001" /><testcase classname="tests.test_term_db" name="test_get_unknown_filters_known" time="0.001" /><testcase classname="tests.test_term_db" name="test_increment_usage" time="0.002" /><testcase classname="tests.test_term_db" name="test_get_top_terms_ordered_by_usage" time="0.001" /><testcase classname="tests.test_term_db" name="test_get_stats" time="0.001" /><testcase classname="tests.test_term_db" name="test_json_round_trip" time="0.002" /><testcase classname="tests.test_term_db" name="test_csv_round_trip" time="0.001" /><testcase classname="tests.test_term_db" name="test_import_skip_preserves_existing" time="0.001" /><testcase classname="tests.test_term_extractor" name="test_parse_json_list_valid" time="0.000" /><testcase classname="tests.test_term_extractor" name="test_parse_json_list_with_surrounding_text" time="0.000" /><testcase classname="tests.test_term_extractor" name="test_parse_json_list_invalid_returns_empty" time="0.000" /><testcase classname="tests.test_term_extractor" name="test_parse_translation_response_valid" time="0.000" /><testcase classname="tests.test_term_extractor" name="test_parse_translation_response_with_surrounding_text" time="0.000" /><testcase classname="tests.test_term_extractor" name="test_parse_translation_response_invalid_returns_empty" time="0.000" /><testcase classname="tests.test_term_extractor" name="test_parse_translation_response_missing_source_skipped" time="0.000" /><testcase classname="tests.test_term_extractor" name="test_scenario_to_domain_mappings" time="0.000" /><testcase classname="tests.test_term_extractor" name="test_extract_from_segments_deduplicates" time="0.001" /><testcase classname="tests.test_term_extractor" name="test_extract_from_segments_handles_parse_failure" time="0.001" /><testcase classname="tests.test_term_extractor" name="test_translate_unknown_returns_parsed_results" time="0.000" /><testcase classname="tests.test_term_extractor" name="test_translate_unknown_empty_input_skips_call" time="0.000" /><testcase classname="tests.test_term_extractor" name="test_run_phase0_normal_flow" time="0.001" /><testcase classname="tests.test_term_extractor" name="test_run_phase0_failure_does_not_abort" time="0.001" /><testcase classname="tests.test_term_extractor" name="test_run_phase0_extraction_only_skips_known_terms" time="0.001" /><testcase classname="tests.test_text_region_renderer.TestTextRegion" name="test_text_region_creation" time="0.000" /><testcase classname="tests.test_text_region_renderer.TestTextRegion" name="test_text_region_width" time="0.000" /><testcase classname="tests.test_text_region_renderer.TestTextRegion" name="test_text_region_height" time="0.000" /><testcase classname="tests.test_text_region_renderer.TestTextRegion" name="test_text_region_center_x" time="0.000" /><testcase classname="tests.test_text_region_renderer.TestTextRegion" name="test_text_region_center_y" time="0.000" /><testcase classname="tests.test_text_region_renderer.TestTextRegion" name="test_text_region_rotation" time="0.000" /><testcase classname="tests.test_text_region_renderer.TestTextRegion" name="test_text_region_font_name" time="0.000" /><testcase classname="tests.test_text_region_renderer.TestTextRegion" name="test_text_region_font_size" time="0.000" /><testcase classname="tests.test_text_region_renderer.TestTextRegion" name="test_text_region_text_color" time="0.000" /><testcase classname="tests.test_text_region_renderer.TestTextRegion" name="test_text_region_from_bbox" time="0.000" /><testcase classname="tests.test_text_region_renderer.TestTextRegion" name="test_text_region_from_bbox_with_rotation" time="0.000" /><testcase classname="tests.test_text_region_renderer.TestTextRegion" name="test_text_region_from_bbox_with_font" time="0.000" /><testcase classname="tests.test_text_region_renderer.TestCalculateRotationFromBbox" name="test_normal_box_no_rotation" time="0.000" /><testcase classname="tests.test_text_region_renderer.TestCalculateRotationFromBbox" name="test_tall_narrow_box_rotation" time="0.000" /><testcase classname="tests.test_text_region_renderer.TestCalculateRotationFromBbox" name="test_short_text_no_rotation" time="0.000" /><testcase classname="tests.test_text_region_renderer.TestRenderTextRegion" name="test_render_text_region_basic" time="0.001" /><testcase classname="tests.test_text_region_renderer.TestRenderTextRegion" name="test_render_text_region_with_background" time="0.000" /><testcase classname="tests.test_text_region_renderer.TestRenderTextRegion" name="test_render_text_region_without_background" time="0.000" /><testcase classname="tests.test_text_region_renderer.TestRenderTextRegion" name="test_render_text_region_with_rotation" time="0.001" /><testcase classname="tests.test_text_region_renderer.TestRenderTextRegion" name="test_render_text_region_multiline" time="0.000" /><testcase classname="tests.test_text_region_renderer.TestRenderTextRegion" name="test_render_text_region_cjk" time="0.002" /><testcase classname="tests.test_text_region_renderer.TestRenderTextRegions" name="test_render_multiple_regions" time="0.001" /><testcase classname="tests.test_text_region_renderer.TestRenderTextRegions" name="test_render_empty_regions_list" time="0.000" /><testcase classname="tests.test_text_region_renderer.TestCreateTextRegionsFromElements" name="test_create_regions_basic" time="0.000" /><testcase classname="tests.test_text_region_renderer.TestCreateTextRegionsFromElements" name="test_create_regions_skip_non_translatable" time="0.000" /><testcase classname="tests.test_text_region_renderer.TestCreateTextRegionsFromElements" name="test_create_regions_skip_no_bbox" time="0.000" /><testcase classname="tests.test_text_region_renderer.TestCreateTextRegionsFromElements" name="test_create_regions_skip_missing_translation" time="0.000" /><testcase classname="tests.test_text_region_renderer.TestCreateTextRegionsFromElements" name="test_create_regions_preserves_coordinates" time="0.000" /><testcase classname="tests.test_translatable_document.TestBoundingBox" name="test_basic_properties" time="0.000" /><testcase classname="tests.test_translatable_document.TestBoundingBox" name="test_to_dict" time="0.000" /><testcase classname="tests.test_translatable_document.TestBoundingBox" name="test_from_dict" time="0.000" /><testcase classname="tests.test_translatable_document.TestBoundingBox" name="test_from_tuple" time="0.000" /><testcase classname="tests.test_translatable_document.TestBoundingBox" name="test_roundtrip" time="0.000" /><testcase classname="tests.test_translatable_document.TestStyleInfo" name="test_default_values" time="0.000" /><testcase classname="tests.test_translatable_document.TestStyleInfo" name="test_with_values" time="0.000" /><testcase classname="tests.test_translatable_document.TestStyleInfo" name="test_roundtrip" time="0.000" /><testcase classname="tests.test_translatable_document.TestTranslatableElement" name="test_basic_element" time="0.000" /><testcase classname="tests.test_translatable_document.TestTranslatableElement" name="test_element_with_bbox" time="0.000" /><testcase classname="tests.test_translatable_document.TestTranslatableElement" name="test_header_footer_types" time="0.000" /><testcase classname="tests.test_translatable_document.TestTranslatableElement" name="test_roundtrip" time="0.000" /><testcase classname="tests.test_translatable_document.TestTranslatableDocument" name="test_get_translatable_elements" time="0.000" /><testcase classname="tests.test_translatable_document.TestTranslatableDocument" name="test_get_elements_by_page" time="0.000" /><testcase classname="tests.test_translatable_document.TestTranslatableDocument" name="test_get_elements_in_reading_order" time="0.000" /><testcase classname="tests.test_translatable_document.TestTranslatableDocument" name="test_get_unique_texts" time="0.000" /><testcase classname="tests.test_translatable_document.TestTranslatableDocument" name="test_apply_translations" time="0.000" /><testcase classname="tests.test_translatable_document.TestTranslatableDocument" name="test_roundtrip" time="0.000" /><testcase classname="tests.test_translatable_document.TestDocumentMetadata" name="test_default_values" time="0.000" /><testcase classname="tests.test_translatable_document.TestDocumentMetadata" name="test_scanned_pdf_detection" time="0.000" /><testcase classname="tests.test_translatable_document.TestDocumentMetadata" name="test_roundtrip" time="0.000" /><testcase classname="tests.test_translatable_document.TestPageInfo" name="test_standard_page" time="0.000" /><testcase classname="tests.test_translatable_document.TestPageInfo" name="test_rotated_page" time="0.000" /><testcase classname="tests.test_translatable_document.TestPageInfo" name="test_roundtrip" time="0.000" /><testcase classname="tests.test_translation_profiles_scenarios" name="test_user_scenario_profiles_exist" time="0.000" /><testcase classname="tests.test_translation_profiles_scenarios" name="test_technical_process_profile_uses_translation_model_type" time="0.000" /><testcase classname="tests.test_translation_profiles_scenarios" name="test_business_finance_and_marketing_profiles_use_translation_model_type" time="0.000" /><testcase classname="tests.test_translation_strategy" name="test_detect_translation_scenario_technical_keywords" time="0.000" /><testcase classname="tests.test_translation_strategy" name="test_detect_translation_scenario_business_finance_keywords" time="0.000" /><testcase classname="tests.test_translation_strategy" name="test_build_strategy_adds_context_and_options_for_general_model" time="0.000" /><testcase classname="tests.test_translation_strategy" name="test_build_strategy_for_translation_model_technical_process_includes_glossary_hint" time="0.000" /><testcase classname="tests.test_translation_strategy" name="test_scenario_from_profile_supports_new_and_legacy_profile_ids" time="0.000" /><testcase classname="tests.test_translation_strategy" name="test_build_strategy_legacy_scenario_is_canonicalized" time="0.000" /></testsuite></testsuites>