<?xml version="1.0" encoding="utf-8"?><testsuites name="pytest tests"><testsuite name="pytest" errors="0" failures="0" skipped="0" tests="18" time="0.326" timestamp="2026-06-19T17:14:00.912007+08:00" hostname="EGG"><testcase classname="tests.test_term_audit" name="test_get_rejected_interface" time="0.003" /><testcase classname="tests.test_term_audit" name="test_get_rejected_filters_by_lang" time="0.002" /><testcase classname="tests.test_term_audit" name="test_hit_rate_exact_match" time="0.002" /><testcase classname="tests.test_term_audit" name="test_hit_rate_case_insensitive" time="0.001" /><testcase classname="tests.test_term_audit" name="test_unapplied_terms_list" time="0.002" /><testcase classname="tests.test_term_audit" name="test_rejected_injection_detected" time="0.002" /><testcase classname="tests.test_term_audit" name="test_rejected_injection_not_detected" time="0.001" /><testcase classname="tests.test_term_audit" name="test_vacuous_hit_rate" time="0.001" /><testcase classname="tests.test_term_audit" name="test_scope_excludes_non_approved" time="0.002" /><testcase classname="tests.test_term_audit" name="test_whole_token_rejected_injection" time="0.001" /><testcase classname="tests.test_term_audit" name="test_hit_rate_20_approved_terms" time="0.006" /><testcase classname="tests.test_term_audit" name="test_empty_block_list" time="0.001" /><testcase classname="tests.test_term_audit" name="test_zero_approved_terms" time="0.001" /><testcase classname="tests.test_term_audit" name="test_multi_language_target" time="0.001" /><testcase classname="tests.test_term_audit" name="test_result_shape_conforms_to_data_contract" time="0.000" /><testcase classname="tests.test_term_audit" name="test_no_parallel_report_format" time="0.253" /><testcase classname="tests.test_term_audit" name="test_audit_wired_at_hook_seam" time="0.016" /><testcase classname="tests.test_term_audit" name="test_audit_disabled_when_exception" time="0.013" /></testsuite></testsuites>