<?xml version="1.0" encoding="utf-8"?><testsuites name="pytest tests"><testsuite name="pytest" errors="0" failures="1" skipped="0" tests="7" time="0.225" timestamp="2026-06-19T09:58:13.893143+08:00" hostname="EGG"><testcase classname="tests.test_table_border_protection.TestBorderAwareRedactRect" name="test_redact_rect_shrinks_by_margin" time="0.000" /><testcase classname="tests.test_table_border_protection.TestBorderAwareRedactRect" name="test_redact_rect_fallback_uses_double_margin" time="0.000" /><testcase classname="tests.test_table_border_protection.TestBorderAwareRedactRect" name="test_redact_rect_skipped_when_too_small" time="0.000" /><testcase classname="tests.test_table_border_protection.TestBorderAwareRedactRect" name="test_text_rect_from_placement_not_quad" time="0.000" /><testcase classname="tests.test_table_border_protection.TestMaskCoversTextContent" name="test_redact_rect_interior_to_text_bbox" time="0.000" /><testcase classname="tests.test_table_border_protection.TestMaskCoversTextContent" name="test_margin_zero_redact_rect_equals_quad_rect" time="0.000" /><testcase classname="tests.test_table_border_protection.TestSideBySideSourceMasking" name="test_right_panel_source_text_masked_before_overlay" time="0.128"><failure message="AttributeError: None does not have the attribute 'open'">tests/test_table_border_protection.py:304: in test_right_panel_source_text_masked_before_overlay
    with patch("app.backend.renderers.fitz_renderer.fitz.open", side_effect=patched_open):
../../miniforge3/envs/translate-tool/lib/python3.11/unittest/mock.py:1446: in __enter__
    original, local = self.get_original()
                      ^^^^^^^^^^^^^^^^^^^
../../miniforge3/envs/translate-tool/lib/python3.11/unittest/mock.py:1419: in get_original
    raise AttributeError(
E   AttributeError: None does not have the attribute 'open'</failure></testcase></testsuite></testsuites>