<?xml version="1.0" encoding="utf-8"?><testsuites name="pytest tests"><testsuite name="pytest" errors="0" failures="0" skipped="0" tests="225" time="1.738" timestamp="2026-07-07T22:54:59.689690+08:00" hostname="EGG"><testcase classname="tests.test_text_region_renderer.TestFitCascadeContract" name="test_cascade_decision_fields_present" time="0.014" /><testcase classname="tests.test_text_region_renderer.TestFitCascadeContract" name="test_cascade_decision_is_dataclass" time="0.000" /><testcase classname="tests.test_text_region_renderer.TestFitCascade" name="test_fit_cascade_is_importable" time="0.000" /><testcase classname="tests.test_text_region_renderer.TestFitCascade" name="test_cascade_returns_cascade_decision" time="0.000" /><testcase classname="tests.test_text_region_renderer.TestFitCascade" name="test_cascade_order_font_size_first" time="0.001" /><testcase classname="tests.test_text_region_renderer.TestFitCascade" name="test_cascade_order_line_spacing_after_font_min" time="0.001" /><testcase classname="tests.test_text_region_renderer.TestFitCascade" name="test_cascade_order_letter_spacing_after_line_floor" time="0.002" /><testcase classname="tests.test_text_region_renderer.TestFitCascade" name="test_cascade_order_overflow_before_truncation" time="0.001" /><testcase classname="tests.test_text_region_renderer.TestFitCascade" name="test_cascade_truncation_last_resort_only" time="0.000" /><testcase classname="tests.test_text_region_renderer.TestFitCascade" name="test_ende_no_overflow" time="0.000" /><testcase classname="tests.test_text_region_renderer.TestFitCascade" name="test_enes_no_overflow" time="0.000" /><testcase classname="tests.test_text_region_renderer.TestTruncationMarker" name="test_render_truncated_field_default_false" time="0.000" /><testcase classname="tests.test_text_region_renderer.TestTruncationMarker" name="test_truncation_sets_render_truncated_true" time="0.002" /><testcase classname="tests.test_text_region_renderer.TestTruncationMarker" name="test_no_truncation_render_truncated_false" time="0.000" /><testcase classname="tests.test_text_region_renderer.TestTruncationMarker" name="test_render_truncated_field_in_to_dict" time="0.000" /><testcase classname="tests.test_text_region_renderer.TestTruncationMarker" name="test_render_truncated_true_survives_roundtrip" time="0.000" /><testcase classname="tests.test_text_region_renderer.TestTruncationMarker" name="test_from_dict_missing_render_truncated_defaults_false" time="0.000" /><testcase classname="tests.test_text_region_renderer.TestTruncationMarker" name="test_reportlab_path_sets_render_truncated_on_overflow" time="0.166" /><testcase classname="tests.test_text_region_renderer.TestSinglePathEnforcement" name="test_no_cascade_logic_in_legacy_paths" time="0.000" /><testcase classname="tests.test_text_region_renderer.TestTextRegion" name="test_text_region_creation" time="0.000" /><testcase classname="tests.test_text_region_renderer.TestTextRegion" name="test_text_region_width" time="0.000" /><testcase classname="tests.test_text_region_renderer.TestTextRegion" name="test_text_region_height" time="0.000" /><testcase classname="tests.test_text_region_renderer.TestTextRegion" name="test_text_region_center_x" time="0.000" /><testcase classname="tests.test_text_region_renderer.TestTextRegion" name="test_text_region_center_y" time="0.000" /><testcase classname="tests.test_text_region_renderer.TestTextRegion" name="test_text_region_rotation" time="0.000" /><testcase classname="tests.test_text_region_renderer.TestTextRegion" name="test_text_region_font_name" time="0.000" /><testcase classname="tests.test_text_region_renderer.TestTextRegion" name="test_text_region_font_size" time="0.000" /><testcase classname="tests.test_text_region_renderer.TestTextRegion" name="test_text_region_text_color" time="0.000" /><testcase classname="tests.test_text_region_renderer.TestTextRegion" name="test_text_region_from_bbox" time="0.000" /><testcase classname="tests.test_text_region_renderer.TestTextRegion" name="test_text_region_from_bbox_with_rotation" time="0.000" /><testcase classname="tests.test_text_region_renderer.TestTextRegion" name="test_text_region_from_bbox_with_font" time="0.000" /><testcase classname="tests.test_text_region_renderer.TestCalculateRotationFromBbox" name="test_normal_box_no_rotation" time="0.000" /><testcase classname="tests.test_text_region_renderer.TestCalculateRotationFromBbox" name="test_tall_narrow_box_rotation" time="0.000" /><testcase classname="tests.test_text_region_renderer.TestCalculateRotationFromBbox" name="test_short_text_no_rotation" time="0.000" /><testcase classname="tests.test_text_region_renderer.TestRenderTextRegion" name="test_render_text_region_basic" time="0.001" /><testcase classname="tests.test_text_region_renderer.TestRenderTextRegion" name="test_render_text_region_with_background" time="0.001" /><testcase classname="tests.test_text_region_renderer.TestRenderTextRegion" name="test_render_text_region_without_background" time="0.001" /><testcase classname="tests.test_text_region_renderer.TestRenderTextRegion" name="test_render_text_region_with_rotation" time="0.001" /><testcase classname="tests.test_text_region_renderer.TestRenderTextRegion" name="test_render_text_region_multiline" time="0.001" /><testcase classname="tests.test_text_region_renderer.TestRenderTextRegion" name="test_render_text_region_cjk" time="0.005" /><testcase classname="tests.test_text_region_renderer.TestRenderTextRegion" name="test_render_text_region_wraps_via_shared_cascade" time="0.002" /><testcase classname="tests.test_text_region_renderer.TestRenderTextRegions" name="test_render_multiple_regions" time="0.001" /><testcase classname="tests.test_text_region_renderer.TestRenderTextRegions" name="test_render_empty_regions_list" time="0.000" /><testcase classname="tests.test_text_region_renderer.TestCreateTextRegionsFromElements" name="test_create_regions_basic" time="0.000" /><testcase classname="tests.test_text_region_renderer.TestCreateTextRegionsFromElements" name="test_create_regions_skip_non_translatable" time="0.000" /><testcase classname="tests.test_text_region_renderer.TestCreateTextRegionsFromElements" name="test_create_regions_skip_no_bbox" time="0.000" /><testcase classname="tests.test_text_region_renderer.TestCreateTextRegionsFromElements" name="test_create_regions_skip_missing_translation" time="0.000" /><testcase classname="tests.test_text_region_renderer.TestCreateTextRegionsFromElements" name="test_create_regions_preserves_coordinates" time="0.000" /><testcase classname="tests.test_coordinate_renderer.TestCoordinateRenderer" name="test_init_default" time="0.000" /><testcase classname="tests.test_coordinate_renderer.TestCoordinateRenderer" name="test_init_custom" time="0.000" /><testcase classname="tests.test_coordinate_renderer.TestCoordinateRenderer" name="test_supported_modes" time="0.000" /><testcase classname="tests.test_coordinate_renderer.TestCoordinateRenderer" name="test_output_extension" time="0.000" /><testcase classname="tests.test_coordinate_renderer.TestCoordinateRenderer" name="test_render_overlay_mode" time="0.004" /><testcase classname="tests.test_coordinate_renderer.TestCoordinateRenderer" name="test_render_side_by_side_mode" time="0.003" /><testcase classname="tests.test_coordinate_renderer.TestCoordinateRenderer" name="test_render_unsupported_mode" time="0.000" /><testcase classname="tests.test_coordinate_renderer.TestCoordinateRenderer" name="test_render_empty_translations" time="0.002" /><testcase classname="tests.test_coordinate_renderer.TestCoordinateRenderer" name="test_render_partial_translations" time="0.002" /><testcase classname="tests.test_coordinate_renderer.TestCoordinateRenderer" name="test_render_with_log_callback" time="0.002" /><testcase classname="tests.test_coordinate_renderer.TestCoordinateRenderer" name="test_render_side_by_side_mode_wraps_long_text" time="0.002" /><testcase classname="tests.test_coordinate_renderer.TestCoordinateRenderer" name="test_render_overlay_mode_fallback_wraps_long_text" time="0.002" /><testcase classname="tests.test_coordinate_renderer.TestRenderToPdf" name="test_render_to_pdf_overlay" time="0.002" /><testcase classname="tests.test_coordinate_renderer.TestRenderToPdf" name="test_render_to_pdf_side_by_side" time="0.002" /><testcase classname="tests.test_coordinate_renderer.TestRenderToPdf" name="test_render_to_pdf_invalid_mode" time="0.000" /><testcase classname="tests.test_coordinate_renderer.TestCoordinateRendererEdgeCases" name="test_document_without_pages_info" time="0.002" /><testcase classname="tests.test_coordinate_renderer.TestCoordinateRendererEdgeCases" name="test_elements_without_bbox" time="0.002" /><testcase classname="tests.test_coordinate_renderer.TestCoordinateRendererEdgeCases" name="test_multipage_document" time="0.002" /><testcase classname="tests.test_coordinate_renderer.TestCoordinateRendererEdgeCases" name="test_side_by_side_unfittable_text_sets_render_truncated" time="0.005" /><testcase classname="tests.test_pdf_layout_table_fixes.TestCjkWrap" name="test_cjk_paragraph_wraps_to_multiple_lines" time="0.001" /><testcase classname="tests.test_pdf_layout_table_fixes.TestCjkWrap" name="test_no_content_lost_by_wrapping" time="0.000" /><testcase classname="tests.test_pdf_layout_table_fixes.TestCjkWrap" name="test_latin_word_wrap_unchanged" time="0.000" /><testcase classname="tests.test_pdf_layout_table_fixes.TestCjkWrap" name="test_oversized_url_split_instead_of_overflowing" time="0.001" /><testcase classname="tests.test_pdf_layout_table_fixes.TestCjkTruncate" name="test_cjk_truncation_keeps_prefix" time="0.002" /><testcase classname="tests.test_pdf_layout_table_fixes.TestCjkTruncate" name="test_latin_truncation_prefers_word_boundary" time="0.003" /><testcase classname="tests.test_pdf_layout_table_fixes.TestCjkWidthMeasurement" name="test_helvetica_fallback_estimates_cjk_at_one_em" time="0.000" /><testcase classname="tests.test_pdf_layout_table_fixes.TestCascadeRealism" name="test_oversized_cjk_shrinks_or_truncates" time="0.007" /><testcase classname="tests.test_pdf_layout_table_fixes.TestCascadeRealism" name="test_short_cjk_fits_without_truncation" time="0.000" /><testcase classname="tests.test_pdf_layout_table_fixes.TestOverlayRendering" name="test_long_cjk_translation_fully_rendered" time="0.184" /><testcase classname="tests.test_pdf_layout_table_fixes.TestOverlayRendering" name="test_missing_translation_keeps_source_visible" time="0.009" /><testcase classname="tests.test_pdf_layout_table_fixes.TestOverlayRendering" name="test_side_by_side_missing_translation_not_blanked" time="0.008" /><testcase classname="tests.test_pdf_layout_table_fixes.TestPdfTableCellSplit" name="test_row_blocks_split_into_cells" time="0.010" /><testcase classname="tests.test_pdf_layout_table_fixes.TestPdfTableCellSplit" name="test_body_text_not_marked_as_table" time="0.011" /><testcase classname="tests.test_pdf_layout_table_fixes.TestTableDetectionFallbackIntegration" name="test_borderless_table_pdf_recovers_cells" time="0.008" /><testcase classname="tests.test_pdf_layout_table_fixes.TestWholeTableTranslation" name="test_one_llm_call_per_table_with_full_grid" time="0.057" /><testcase classname="tests.test_pdf_layout_table_fixes.TestWholeTableTranslation" name="test_failed_table_call_falls_back_to_flatten" time="0.009" /><testcase classname="tests.test_pdf_layout_table_fixes.TestWholeTableTranslation" name="test_end_to_end_pdf_output_uses_table_context" time="0.125" /><testcase classname="tests.test_pdf_layout_table_fixes.TestOrderPreservingDedupe" name="test_pdf_processor_has_no_set_dedupe" time="0.001" /><testcase classname="tests.test_pdf_generator.TestEnsureFitz" name="test_ensure_fitz_returns_module" time="0.000" /><testcase classname="tests.test_pdf_generator.TestPDFGenerator" name="test_init_default" time="0.000" /><testcase classname="tests.test_pdf_generator.TestPDFGenerator" name="test_init_custom" time="0.000" /><testcase classname="tests.test_pdf_generator.TestPDFGenerator" name="test_generate_overlay_mode" time="0.059" /><testcase classname="tests.test_pdf_generator.TestPDFGenerator" name="test_generate_side_by_side_mode" time="0.015" /><testcase classname="tests.test_pdf_generator.TestPDFGenerator" name="test_generate_inline_mode_raises" time="0.003" /><testcase classname="tests.test_pdf_generator.TestPDFGenerator" name="test_generate_source_not_found" time="0.000" /><testcase classname="tests.test_pdf_generator.TestPDFGenerator" name="test_generate_with_log_callback" time="0.032" /><testcase classname="tests.test_pdf_generator.TestPDFGenerator" name="test_generate_empty_translations" time="0.003" /><testcase classname="tests.test_pdf_generator.TestPDFGenerator" name="test_generate_partial_translations" time="0.032" /><testcase classname="tests.test_pdf_generator.TestPDFGenerator" name="test_generate_without_mask" time="0.031" /><testcase classname="tests.test_pdf_generator.TestPDFGenerator" name="test_insert_text_in_rect_reads_placement_whitespace_not_literal_zero" time="0.001" /><testcase classname="tests.test_pdf_generator.TestGenerateTranslatedPdf" name="test_generate_translated_pdf_overlay" time="0.050" /><testcase classname="tests.test_pdf_generator.TestGenerateTranslatedPdf" name="test_generate_translated_pdf_side_by_side" time="0.009" /><testcase classname="tests.test_pdf_generator.TestGenerateTranslatedPdf" name="test_generate_translated_pdf_invalid_mode" time="0.003" /><testcase classname="tests.test_pdf_generator.TestGenerateTranslatedPdf" name="test_generate_translated_pdf_with_log" time="0.031" /><testcase classname="tests.test_pdf_generator.TestPDFGeneratorEdgeCases" name="test_page_with_no_elements" time="0.004" /><testcase classname="tests.test_pdf_generator.TestPDFGeneratorEdgeCases" name="test_elements_on_second_page_only" time="0.034" /><testcase classname="tests.test_pdf_generator.TestPDFGeneratorEdgeCases" name="test_multiline_text" time="0.060" /><testcase classname="tests.test_pdf_generator.TestPDFGeneratorEdgeCases" name="test_different_target_languages" time="0.040" /><testcase classname="tests.test_pdf_generator.TestFontBufferCache" name="test_first_call_reads_disk_once" time="0.002" /><testcase classname="tests.test_pdf_generator.TestFontBufferCache" name="test_second_call_hits_cache_not_disk" time="0.001" /><testcase classname="tests.test_pdf_generator.TestFontBufferCache" name="test_distinct_paths_cached_independently" time="0.002" /><testcase classname="tests.test_pdf_generator.TestFontBufferCache" name="test_cached_and_uncached_render_output_equivalent" time="0.002" /><testcase classname="tests.test_pdf_generator.TestFontBufferCache" name="test_error_path_does_not_cache_bad_buffer" time="0.002" /><testcase classname="tests.test_pdf_generator.TestFontBufferCache" name="test_cache_reset_between_tests" time="0.002" /><testcase classname="tests.test_pdf_generator.TestFallbackPath" name="test_fallback_path_invoked_when_fitz_import_fails" time="0.001" /><testcase classname="tests.test_pdf_generator.TestFallbackPath" name="test_fallback_path_warning_logged" time="0.001" /><testcase classname="tests.test_pdf_render_warnings.TestFitzFallbackWarning" name="test_fitz_exception_emits_exact_fallback_warning" time="0.001" /><testcase classname="tests.test_pdf_render_warnings.TestFitzFallbackWarning" name="test_fitz_mock_targets_consumer_call_site_not_renderer_module" time="0.001" /><testcase classname="tests.test_pdf_render_warnings.TestFitzFallbackWarning" name="test_fitz_crash_fallback_still_wraps_long_text" time="0.002" /><testcase classname="tests.test_pdf_render_warnings.TestDocxRoutingWarning" name="test_docx_routing_emits_exact_layout_skip_warning" time="0.001" /><testcase classname="tests.test_pdf_render_warnings.TestNoDegradationNoWarning" name="test_no_warning_when_fitz_succeeds" time="0.000" /><testcase classname="tests.test_pdf_render_warnings.TestWarningsSchema" name="test_warnings_field_is_list_or_none_not_bare_string" time="0.044" /><testcase classname="tests.test_pdf_render_warnings.TestWarningsSchema" name="test_jobstatus_schema_has_warnings_field" time="0.000" /><testcase classname="tests.test_pdf_render_warnings.TestWarningsApiPropagation" name="test_fitz_fallback_warning_in_api_response" time="0.108" /><testcase classname="tests.test_pdf_render_warnings.TestWarningsApiPropagation" name="test_docx_routing_warning_in_api_response" time="0.004" /><testcase classname="tests.test_pdf_render_warnings.TestWarningsApiPropagation" name="test_no_warnings_is_null_or_empty_in_api_response" time="0.003" /><testcase classname="tests.test_pdf_render_warnings.TestTruncationDisclosureWarning" name="test_one_aggregated_warning_per_file_regardless_of_truncated_count" time="0.000" /><testcase classname="tests.test_pdf_render_warnings.TestTruncationDisclosureWarning" name="test_no_warning_entry_when_no_truncation" time="0.000" /><testcase classname="tests.test_pdf_render_warnings.TestTruncationDisclosureWarning" name="test_warning_fires_identically_fitz_or_reportlab_truncation_source" time="0.001" /><testcase classname="tests.test_renderer_convergence.TestIRBboxReflow" name="test_shared_reflow_returns_placement_for_valid_bbox" time="0.000" /><testcase classname="tests.test_renderer_convergence.TestIRBboxReflow" name="test_shared_reflow_skips_null_bbox" time="0.000" /><testcase classname="tests.test_renderer_convergence.TestIRBboxReflow" name="test_shared_reflow_deterministic" time="0.000" /><testcase classname="tests.test_renderer_convergence.TestIRBboxReflow" name="test_reflow_uses_translated_content_when_present" time="0.000" /><testcase classname="tests.test_renderer_convergence.TestIRBboxReflow" name="test_reflow_falls_back_to_content_when_translated_content_null" time="0.000" /><testcase classname="tests.test_renderer_convergence.TestIRBboxReflow" name="test_reflow_unknown_element_type_treated_as_text" time="0.000" /><testcase classname="tests.test_renderer_convergence.TestIRBboxReflow" name="test_reflow_placement_exposes_bbox_coordinates" time="0.000" /><testcase classname="tests.test_renderer_convergence.TestFitzPrimary" name="test_fitz_renderer_selected_by_default" time="0.000" /><testcase classname="tests.test_renderer_convergence.TestFitzPrimary" name="test_fitz_renderer_produces_valid_pdf" time="0.005" /><testcase classname="tests.test_renderer_convergence.TestFitzFallback" name="test_fallback_to_reportlab_on_fitz_exception" time="0.001" /><testcase classname="tests.test_renderer_convergence.TestFitzFallback" name="test_fallback_emits_warning_log" time="0.001" /><testcase classname="tests.test_renderer_convergence.TestFitzFallback" name="test_no_job_abort_on_fitz_failure" time="0.001" /><testcase classname="tests.test_renderer_convergence.TestFitzFallback" name="test_double_failure_propagates" time="0.001" /><testcase classname="tests.test_renderer_convergence.TestLayoutEquivalence" name="test_both_paths_call_reflow_document" time="0.002" /><testcase classname="tests.test_renderer_convergence.TestLayoutEquivalence" name="test_both_paths_same_include_set" time="0.000" /><testcase classname="tests.test_renderer_convergence.TestLayoutEquivalence" name="test_both_paths_same_text_source" time="0.000" /><testcase classname="tests.test_renderer_convergence.TestLayoutEquivalence" name="test_both_paths_same_reading_order_sequence" time="0.000" /><testcase classname="tests.test_renderer_convergence.TestLayoutEquivalence" name="test_reportlab_path_calls_reflow_document" time="0.001" /><testcase classname="tests.test_renderer_convergence.TestLayoutEquivalence" name="test_bbox_placement_within_tolerance_fitz_vs_reportlab" time="0.000" /><testcase classname="tests.test_renderer_convergence.TestLayoutEquivalence" name="test_reportlab_path_also_calls_shared_fit_text_cascade" time="0.001" /><testcase classname="tests.test_renderer_convergence.TestLayoutEquivalence" name="test_row_growth_geometry_identical_fitz_vs_reportlab" time="0.004" /><testcase classname="tests.test_renderer_convergence.TestMalformedIRDataBoundary" name="test_null_bbox_handled_identically_both_paths" time="0.000" /><testcase classname="tests.test_renderer_convergence.TestMalformedIRDataBoundary" name="test_null_reading_order_handled_identically_both_paths" time="0.000" /><testcase classname="tests.test_renderer_convergence.TestMalformedIRDataBoundary" name="test_unknown_element_type_handled_identically_both_paths" time="0.000" /><testcase classname="tests.test_renderer_convergence.TestMalformedIRDataBoundary" name="test_null_translated_content_handled_identically_both_paths" time="0.000" /><testcase classname="tests.test_renderer_convergence.TestMalformedIRDataBoundary" name="test_empty_elements_produces_valid_empty_result" time="0.000" /><testcase classname="tests.test_renderer_convergence.TestEquivalenceGolden" name="test_golden_fitz_snapshot_stable" time="0.000" /><testcase classname="tests.test_renderer_convergence.TestEquivalenceGolden" name="test_golden_reportlab_snapshot_stable" time="0.000" /><testcase classname="tests.test_renderer_convergence.TestEquivalenceGolden" name="test_fitz_reflow_matches_golden_layout_snapshot" time="0.000" /><testcase classname="tests.test_renderer_convergence.TestEquivalenceGolden" name="test_reportlab_reflow_matches_golden_layout_snapshot" time="0.000" /><testcase classname="tests.test_renderer_convergence.TestCascadeWiringLayoutEquivalence" name="test_fitz_renderer_imports_fit_text_cascade" time="0.000" /><testcase classname="tests.test_renderer_convergence.TestCascadeWiringLayoutEquivalence" name="test_insert_text_calls_fit_cascade" time="0.001" /><testcase classname="tests.test_font_utils.TestFindFontFile" name="test_find_font_file_not_found" time="0.000" /><testcase classname="tests.test_font_utils.TestFindFontFile" name="test_find_font_file_with_empty_patterns" time="0.000" /><testcase classname="tests.test_font_utils.TestRegisterFonts" name="test_register_fonts_returns_bool" time="0.000" /><testcase classname="tests.test_font_utils.TestRegisterFonts" name="test_register_fonts_idempotent" time="0.000" /><testcase classname="tests.test_font_utils.TestGetFontForLanguage" name="test_get_font_for_default" time="0.000" /><testcase classname="tests.test_font_utils.TestGetFontForLanguage" name="test_get_font_for_english" time="0.000" /><testcase classname="tests.test_font_utils.TestGetFontForLanguage" name="test_get_font_for_chinese_traditional" time="0.000" /><testcase classname="tests.test_font_utils.TestGetFontForLanguage" name="test_get_font_for_chinese_simplified" time="0.000" /><testcase classname="tests.test_font_utils.TestGetFontForLanguage" name="test_get_font_for_japanese" time="0.000" /><testcase classname="tests.test_font_utils.TestGetFontForLanguage" name="test_get_font_for_korean" time="0.000" /><testcase classname="tests.test_font_utils.TestGetFontForLanguage" name="test_get_font_family_match" time="0.000" /><testcase classname="tests.test_font_utils.TestCalculateTextWidth" name="test_calculate_text_width_basic" time="0.000" /><testcase classname="tests.test_font_utils.TestCalculateTextWidth" name="test_calculate_text_width_empty_string" time="0.000" /><testcase classname="tests.test_font_utils.TestCalculateTextWidth" name="test_calculate_text_width_scales_with_size" time="0.000" /><testcase classname="tests.test_font_utils.TestCalculateTextWidth" name="test_calculate_text_width_invalid_font_fallback" time="0.001" /><testcase classname="tests.test_font_utils.TestCalculateTextHeight" name="test_calculate_text_height_basic" time="0.000" /><testcase classname="tests.test_font_utils.TestCalculateTextHeight" name="test_calculate_text_height_scales_with_size" time="0.000" /><testcase classname="tests.test_font_utils.TestEstimateFontSizeFromBbox" name="test_estimate_font_size_single_line" time="0.000" /><testcase classname="tests.test_font_utils.TestEstimateFontSizeFromBbox" name="test_estimate_font_size_multiple_lines" time="0.000" /><testcase classname="tests.test_font_utils.TestEstimateFontSizeFromBbox" name="test_estimate_font_size_respects_min" time="0.000" /><testcase classname="tests.test_font_utils.TestEstimateFontSizeFromBbox" name="test_estimate_font_size_respects_max" time="0.000" /><testcase classname="tests.test_font_utils.TestFitTextToBbox" name="test_fit_text_to_bbox_basic" time="0.000" /><testcase classname="tests.test_font_utils.TestFitTextToBbox" name="test_fit_text_to_bbox_small_box" time="0.000" /><testcase classname="tests.test_font_utils.TestFitTextToBbox" name="test_fit_text_to_bbox_multiline" time="0.000" /><testcase classname="tests.test_font_utils.TestFitTextToBbox" name="test_fit_text_to_bbox_with_initial_size" time="0.000" /><testcase classname="tests.test_font_utils.TestDetectTextDirection" name="test_detect_ltr_english" time="0.000" /><testcase classname="tests.test_font_utils.TestDetectTextDirection" name="test_detect_ltr_chinese" time="0.000" /><testcase classname="tests.test_font_utils.TestDetectTextDirection" name="test_detect_rtl_arabic" time="0.000" /><testcase classname="tests.test_font_utils.TestDetectTextDirection" name="test_detect_rtl_hebrew" time="0.000" /><testcase classname="tests.test_font_utils.TestDetectTextDirection" name="test_detect_mixed_text" time="0.000" /><testcase classname="tests.test_font_utils.TestDetectTextDirection" name="test_detect_empty_string" time="0.000" /><testcase classname="tests.test_font_utils.TestDetectTextDirection" name="test_detect_numbers_only" time="0.000" /><testcase classname="tests.test_font_utils.TestLanguageFontMap" name="test_language_font_map_has_default" time="0.000" /><testcase classname="tests.test_font_utils.TestLanguageFontMap" name="test_language_font_map_has_cjk" time="0.000" /><testcase classname="tests.test_font_utils.TestLanguageFontMap" name="test_language_font_map_structure" time="0.000" /><testcase classname="tests.test_font_utils.TestExpansionFactorTable" name="test_expansion_factor_importable" time="0.000" /><testcase classname="tests.test_font_utils.TestExpansionFactorTable" name="test_en_de_factor" time="0.000" /><testcase classname="tests.test_font_utils.TestExpansionFactorTable" name="test_en_es_factor" time="0.000" /><testcase classname="tests.test_font_utils.TestExpansionFactorTable" name="test_en_fr_factor" time="0.000" /><testcase classname="tests.test_font_utils.TestExpansionFactorTable" name="test_unknown_pair_default_factor" time="0.000" /><testcase classname="tests.test_font_utils.TestExpansionFactorTable" name="test_default_factor_is_documented" time="0.000" /><testcase classname="tests.test_font_utils.TestMetricFallbackChain" name="test_get_metric_compatible_fallback_importable" time="0.000" /><testcase classname="tests.test_font_utils.TestMetricFallbackChain" name="test_missing_glyph_selects_noto" time="0.000" /><testcase classname="tests.test_font_utils.TestMetricFallbackChain" name="test_fallback_no_tofu_metric_drift" time="0.000" /><testcase classname="tests.test_font_utils.TestMetricFallbackChain" name="test_fallback_reuses_lru_cache" time="0.000" /><testcase classname="tests.test_font_utils.TestMetricFallbackChain" name="test_fallback_no_redundant_font_io" time="0.000" /><testcase classname="tests.test_inline_renderer.TestInlineRenderer" name="test_supported_modes" time="0.000" /><testcase classname="tests.test_inline_renderer.TestInlineRenderer" name="test_output_extension" time="0.000" /><testcase classname="tests.test_inline_renderer.TestInlineRenderer" name="test_render_invalid_mode" time="0.000" /><testcase classname="tests.test_inline_renderer.TestInlineRenderer" name="test_render_basic" time="0.018" /><testcase classname="tests.test_inline_renderer.TestInlineRenderer" name="test_render_missing_translation" time="0.018" /><testcase classname="tests.test_inline_renderer.TestInlineRenderer" name="test_render_non_translatable_elements" time="0.011" /><testcase classname="tests.test_inline_renderer.TestInlineRendererFromSegments" name="test_render_from_segments_paragraph" time="0.006" /><testcase classname="tests.test_inline_renderer.TestInlineRendererFromSegments" name="test_render_from_segments_no_translation" time="0.006" /><testcase classname="tests.test_pdf_parser.TestTableDetectionStrategyFallback" name="test_strict_empty_lines_strategy_succeeds" time="0.001" /><testcase classname="tests.test_pdf_parser.TestTableDetectionStrategyFallback" name="test_strict_and_lines_empty_text_strategy_succeeds" time="0.005" /><testcase classname="tests.test_pdf_parser.TestTableDetectionStrategyFallback" name="test_all_strategies_fail_leaves_blocks_unchanged" time="0.000" /><testcase classname="tests.test_pdf_parser.TestTableDetectionStrategyFallback" name="test_text_strategy_false_positive_discarded_by_sanity_gate" time="0.001" /><testcase classname="tests.test_pdf_parser.TestTableDetectionStrategyFallback" name="test_strict_success_skips_fallback" time="0.001" /><testcase classname="tests.test_pdf_parser.TestTableCellBboxCorrection" name="test_1to1_block_to_cell_bbox_corrected_to_cell_extent" time="0.001" /><testcase classname="tests.test_pdf_layout_refactor.TestAvailableWhitespaceBelow" name="test_reflow_element_computes_nonzero_gap_below_same_column" time="0.000" /><testcase classname="tests.test_pdf_layout_refactor.TestAvailableWhitespaceBelow" name="test_reflow_document_zero_gap_last_row_or_no_neighbor" time="0.000" /><testcase classname="tests.test_pdf_layout_refactor.TestBoundedRowGrowth" name="test_single_table_row_grows_and_shifts_only_same_table_id_lower_rows" time="0.003" /><testcase classname="tests.test_pdf_layout_refactor.TestBoundedRowGrowth" name="test_growth_capped_at_table_budget_residual_truncates_and_warns" time="0.008" /><testcase classname="tests.test_pdf_layout_refactor.TestBoundedRowGrowth" name="test_no_table_id_metadata_skips_growth_unchanged_cascade" time="0.000" /><testcase classname="tests.test_pdf_layout_refactor.TestBoundedRowGrowth" name="test_metadata_lines_whitening_bboxes_shift_by_identical_delta" time="0.003" /></testsuite></testsuites>