<?xml version="1.0" encoding="utf-8"?><testsuites name="pytest tests"><testsuite name="pytest" errors="0" failures="0" skipped="0" tests="71" time="0.652" timestamp="2026-06-18T18:01:14.381621+08:00" hostname="EGG"><testcase classname="tests.test_context_prompt_i18n" name="test_general_num_ctx_env_overrides_independently" time="0.002" /><testcase classname="tests.test_context_prompt_i18n" name="test_translation_num_ctx_env_overrides_independently" time="0.001" /><testcase classname="tests.test_env_contract.TestEnvContractDeclared" name="test_ollama_base_url_declared" time="0.000" /><testcase classname="tests.test_env_contract.TestEnvContractDeclared" name="test_translation_cache_enabled_declared" time="0.000" /><testcase classname="tests.test_env_contract.TestEnvContractDeclared" name="test_layout_detector_model_path_declared" time="0.000" /><testcase classname="tests.test_env_contract.TestEnvContractDeclared" name="test_layout_detector_enabled_declared" time="0.000" /><testcase classname="tests.test_layout_detector.TestWeightResolutionEnvVarTakesPriority" name="test_weight_resolution_env_var_takes_priority" time="0.021" /><testcase classname="tests.test_layout_detector.TestDetectorDisabledByEnvFlagUsesHeuristic" name="test_detector_disabled_by_env_flag_uses_heuristic" time="0.000" /><testcase classname="tests.test_llm_client_protocol.TestNoGovernedContractModified" name="test_no_governed_contract_modified" time="0.000" /><testcase classname="tests.test_openai_compatible_client.TestConfigLoading" name="test_providers_yml_env_var_interpolation" time="0.008" /><testcase classname="tests.test_openai_compatible_client.TestConfigLoading" name="test_unresolved_env_var_disables_provider" time="0.001" /><testcase classname="tests.test_text_expansion_benchmark.TestEnEsBenchmark" name="test_cascade_produces_fitted_text_no_bbox_overflow[Submit-Enviar]" time="0.001" /><testcase classname="tests.test_text_expansion_benchmark.TestEnEsBenchmark" name="test_no_silent_truncation_when_fits[Submit-Enviar]" time="0.000" /><testcase classname="tests.test_text_expansion_benchmark.TestCascadeContract" name="test_cascade_step_order_font_before_line_spacing" time="0.000" /><testcase classname="tests.test_text_expansion_benchmark.TestCascadeContract" name="test_cascade_letter_spacing_floor" time="0.000" /><testcase classname="tests.test_text_expansion_benchmark.TestCascadeContract" name="test_cascade_truncated_text_ends_with_ellipsis" time="0.001" /><testcase classname="tests.test_text_expansion_benchmark.TestCascadeContract" name="test_cascade_overflow_flag_requires_whitespace" time="0.000" /><testcase classname="tests.test_text_region_renderer.TestFitCascadeContract" name="test_cascade_decision_fields_present" time="0.000" /><testcase classname="tests.test_text_region_renderer.TestFitCascadeContract" name="test_cascade_decision_is_dataclass" time="0.000" /><testcase classname="tests.test_translatable_document.TestBoundingBox" name="test_basic_properties" time="0.000" /><testcase classname="tests.test_translatable_document.TestBoundingBox" name="test_to_dict" time="0.000" /><testcase classname="tests.test_translatable_document.TestBoundingBox" name="test_from_dict" time="0.000" /><testcase classname="tests.test_translatable_document.TestBoundingBox" name="test_from_tuple" time="0.000" /><testcase classname="tests.test_translatable_document.TestBoundingBox" name="test_roundtrip" time="0.000" /><testcase classname="tests.test_translatable_document.TestStyleInfo" name="test_default_values" time="0.000" /><testcase classname="tests.test_translatable_document.TestStyleInfo" name="test_with_values" time="0.000" /><testcase classname="tests.test_translatable_document.TestStyleInfo" name="test_roundtrip" time="0.000" /><testcase classname="tests.test_translatable_document.TestTranslatableElement" name="test_basic_element" time="0.000" /><testcase classname="tests.test_translatable_document.TestTranslatableElement" name="test_element_with_bbox" time="0.000" /><testcase classname="tests.test_translatable_document.TestTranslatableElement" name="test_header_footer_types" time="0.000" /><testcase classname="tests.test_translatable_document.TestTranslatableElement" name="test_roundtrip" time="0.000" /><testcase classname="tests.test_translatable_document.TestTranslatableDocument" name="test_get_translatable_elements" time="0.000" /><testcase classname="tests.test_translatable_document.TestTranslatableDocument" name="test_get_elements_by_page" time="0.000" /><testcase classname="tests.test_translatable_document.TestTranslatableDocument" name="test_get_elements_in_reading_order" time="0.000" /><testcase classname="tests.test_translatable_document.TestTranslatableDocument" name="test_get_unique_texts" time="0.000" /><testcase classname="tests.test_translatable_document.TestTranslatableDocument" name="test_apply_translations" time="0.000" /><testcase classname="tests.test_translatable_document.TestTranslatableDocument" name="test_roundtrip" time="0.000" /><testcase classname="tests.test_translatable_document.TestDocumentMetadata" name="test_default_values" time="0.000" /><testcase classname="tests.test_translatable_document.TestDocumentMetadata" name="test_scanned_pdf_detection" time="0.000" /><testcase classname="tests.test_translatable_document.TestDocumentMetadata" name="test_roundtrip" time="0.000" /><testcase classname="tests.test_translatable_document.TestPageInfo" name="test_standard_page" time="0.000" /><testcase classname="tests.test_translatable_document.TestPageInfo" name="test_rotated_page" time="0.000" /><testcase classname="tests.test_translatable_document.TestPageInfo" name="test_roundtrip" time="0.000" /><testcase classname="tests.test_translatable_document.TestElementType" name="test_region_types_present" time="0.000" /><testcase classname="tests.test_translatable_document.TestElementType" name="test_existing_types_unchanged" time="0.000" /><testcase classname="tests.test_translatable_document.TestElementType" name="test_unknown_element_type_from_dict_raises" time="0.000" /><testcase classname="tests.test_translatable_document.TestElementType" name="test_element_type_values_are_strings" time="0.000" /><testcase classname="tests.test_translatable_document.TestTranslatableElementReadingOrder" name="test_reading_order_default_none" time="0.000" /><testcase classname="tests.test_translatable_document.TestTranslatableElementReadingOrder" name="test_reading_order_roundtrip" time="0.000" /><testcase classname="tests.test_translatable_document.TestTranslatableElementReadingOrder" name="test_reading_order_none_roundtrip" time="0.000" /><testcase classname="tests.test_translatable_document.TestTranslatableElementReadingOrder" name="test_region_element_types_accepted" time="0.000" /><testcase classname="tests.test_translatable_document.TestRoundTripFidelity" name="test_full_ir_roundtrip_preserves_bbox" time="0.000" /><testcase classname="tests.test_translatable_document.TestRoundTripFidelity" name="test_full_ir_roundtrip_preserves_font_metadata" time="0.000" /><testcase classname="tests.test_translatable_document.TestRoundTripFidelity" name="test_full_ir_roundtrip_preserves_element_type" time="0.000" /><testcase classname="tests.test_translatable_document.TestRoundTripFidelity" name="test_full_ir_roundtrip_preserves_reading_order" time="0.000" /><testcase classname="tests.test_translatable_document.TestRoundTripFidelity" name="test_document_roundtrip_element_count" time="0.000" /><testcase classname="tests.test_translatable_document.TestBackwardCompat" name="test_from_dict_missing_reading_order_defaults_none" time="0.000" /><testcase classname="tests.test_translatable_document.TestBackwardCompat" name="test_from_dict_missing_bbox_ok" time="0.000" /><testcase classname="tests.test_translatable_document.TestBackwardCompat" name="test_from_dict_missing_style_ok" time="0.000" /><testcase classname="tests.test_translatable_document.TestBackwardCompat" name="test_from_dict_missing_font_metadata_fields_ok" time="0.000" /><testcase classname="tests.test_translatable_document.TestBackwardCompat" name="test_to_dict_keys_are_superset_of_old_keys" time="0.000" /><testcase classname="tests.test_translatable_document.TestBackwardCompat" name="test_empty_elements_list_roundtrip" time="0.000" /><testcase classname="tests.test_translatable_document.TestBackwardCompat" name="test_partial_ir_missing_translated_content" time="0.000" /><testcase classname="tests.test_translatable_document.TestBackwardCompat" name="test_from_dict_unknown_key_in_metadata_field_ignored" time="0.000" /><testcase classname="tests.test_translatable_document.TestRenderTruncatedField" name="test_render_truncated_default_false" time="0.000" /><testcase classname="tests.test_translatable_document.TestRenderTruncatedField" name="test_render_truncated_in_to_dict" time="0.000" /><testcase classname="tests.test_translatable_document.TestRenderTruncatedField" name="test_render_truncated_true_in_to_dict" time="0.000" /><testcase classname="tests.test_translatable_document.TestRenderTruncatedField" name="test_render_truncated_roundtrip_false" time="0.000" /><testcase classname="tests.test_translatable_document.TestRenderTruncatedField" name="test_render_truncated_roundtrip_true" time="0.000" /><testcase classname="tests.test_translatable_document.TestRenderTruncatedField" name="test_from_dict_missing_render_truncated_defaults_false" time="0.000" /><testcase classname="tests.test_translatable_document.TestRenderTruncatedField" name="test_render_truncated_type_is_bool" time="0.000" /></testsuite></testsuites>