<?xml version="1.0" encoding="utf-8"?><testsuites name="pytest tests"><testsuite name="pytest" errors="0" failures="0" skipped="0" tests="31" time="0.358" timestamp="2026-06-19T17:14:08.723495+08:00" hostname="EGG"><testcase classname="tests.test_term_audit" name="test_get_rejected_interface" time="0.003" /><testcase classname="tests.test_term_audit" name="test_get_rejected_filters_by_lang" time="0.002" /><testcase classname="tests.test_term_audit" name="test_hit_rate_exact_match" time="0.002" /><testcase classname="tests.test_term_audit" name="test_hit_rate_case_insensitive" time="0.001" /><testcase classname="tests.test_term_audit" name="test_unapplied_terms_list" time="0.001" /><testcase classname="tests.test_term_audit" name="test_rejected_injection_detected" time="0.001" /><testcase classname="tests.test_term_audit" name="test_rejected_injection_not_detected" time="0.001" /><testcase classname="tests.test_term_audit" name="test_vacuous_hit_rate" time="0.001" /><testcase classname="tests.test_term_audit" name="test_scope_excludes_non_approved" time="0.002" /><testcase classname="tests.test_term_audit" name="test_whole_token_rejected_injection" time="0.002" /><testcase classname="tests.test_term_audit" name="test_hit_rate_20_approved_terms" time="0.005" /><testcase classname="tests.test_term_audit" name="test_empty_block_list" time="0.001" /><testcase classname="tests.test_term_audit" name="test_zero_approved_terms" time="0.001" /><testcase classname="tests.test_term_audit" name="test_multi_language_target" time="0.001" /><testcase classname="tests.test_term_audit" name="test_result_shape_conforms_to_data_contract" time="0.000" /><testcase classname="tests.test_term_audit" name="test_no_parallel_report_format" time="0.255" /><testcase classname="tests.test_term_audit" name="test_audit_wired_at_hook_seam" time="0.015" /><testcase classname="tests.test_term_audit" name="test_audit_disabled_when_exception" time="0.017" /><testcase classname="tests.test_term_db" name="test_insert_and_exists" time="0.001" /><testcase classname="tests.test_term_db" name="test_skip_duplicate" time="0.001" /><testcase classname="tests.test_term_db" name="test_different_domain_coexist" time="0.002" /><testcase classname="tests.test_term_db" name="test_overwrite_strategy" time="0.001" /><testcase classname="tests.test_term_db" name="test_merge_higher_confidence_wins" time="0.001" /><testcase classname="tests.test_term_db" name="test_merge_lower_confidence_keeps_existing" time="0.001" /><testcase classname="tests.test_term_db" name="test_get_unknown_filters_known" time="0.001" /><testcase classname="tests.test_term_db" name="test_increment_usage" time="0.002" /><testcase classname="tests.test_term_db" name="test_get_top_terms_ordered_by_usage" time="0.001" /><testcase classname="tests.test_term_db" name="test_get_stats" time="0.001" /><testcase classname="tests.test_term_db" name="test_json_round_trip" time="0.001" /><testcase classname="tests.test_term_db" name="test_csv_round_trip" time="0.002" /><testcase classname="tests.test_term_db" name="test_import_skip_preserves_existing" time="0.002" /></testsuite></testsuites>