<?xml version="1.0" encoding="utf-8"?><testsuites name="pytest tests"><testsuite name="pytest" errors="0" failures="0" skipped="0" tests="21" time="0.051" timestamp="2026-06-27T20:17:50.905645+08:00" hostname="EGG"><testcase classname=".claude.worktrees.quality-metrics-gating.tests.test_env_contract.TestEnvContractDeclared" name="test_ollama_base_url_declared" time="0.021" /><testcase classname=".claude.worktrees.quality-metrics-gating.tests.test_env_contract.TestEnvContractDeclared" name="test_translation_cache_enabled_declared" time="0.000" /><testcase classname=".claude.worktrees.quality-metrics-gating.tests.test_env_contract.TestEnvContractDeclared" name="test_layout_detector_model_path_declared" time="0.000" /><testcase classname=".claude.worktrees.quality-metrics-gating.tests.test_env_contract.TestEnvContractDeclared" name="test_layout_detector_enabled_declared" time="0.000" /><testcase classname=".claude.worktrees.quality-metrics-gating.tests.test_env_contract.TestEnvContractDeclared" name="test_chunk_overlap_tokens_declared" time="0.000" /><testcase classname=".claude.worktrees.quality-metrics-gating.tests.test_env_contract.TestEnvContractDeclared" name="test_qe_enabled_declared" time="0.000" /><testcase classname=".claude.worktrees.quality-metrics-gating.tests.test_env_contract.TestEnvContractDeclared" name="test_qe_model_name_declared" time="0.000" /><testcase classname=".claude.worktrees.quality-metrics-gating.tests.test_env_contract.TestEnvContractDeclared" name="test_qe_device_declared" time="0.000" /><testcase classname=".claude.worktrees.quality-metrics-gating.tests.test_env_contract.TestEnvContractDeclared" name="test_deepseek_enabled_declared" time="0.000" /><testcase classname=".claude.worktrees.quality-metrics-gating.tests.test_env_contract.TestEnvContractDeclared" name="test_term_embedding_model_declared" time="0.000" /><testcase classname=".claude.worktrees.quality-metrics-gating.tests.test_env_contract.TestEnvContractDeclared" name="test_term_embedding_threshold_declared" time="0.000" /><testcase classname=".claude.worktrees.quality-metrics-gating.tests.test_env_contract.TestEnvContractDeclared" name="test_term_extraction_model_declared" time="0.000" /><testcase classname=".claude.worktrees.quality-metrics-gating.tests.test_env_contract.TestEnvContractDeclared" name="test_term_embedding_model_wired_in_config" time="0.001" /><testcase classname=".claude.worktrees.quality-metrics-gating.tests.test_env_contract.TestEnvContractDeclared" name="test_term_embedding_threshold_wired_in_config" time="0.000" /><testcase classname=".claude.worktrees.quality-metrics-gating.tests.test_env_contract.TestEnvContractDeclared" name="test_term_extraction_model_wired_in_config" time="0.000" /><testcase classname=".claude.worktrees.quality-metrics-gating.tests.test_env_contract.TestQeDefault" name="test_qe_enabled_default_true_in_contract" time="0.000" /><testcase classname=".claude.worktrees.quality-metrics-gating.tests.test_env_contract.TestQeDefault" name="test_qe_rescore_threshold_declared_in_contract" time="0.000" /><testcase classname=".claude.worktrees.quality-metrics-gating.tests.test_env_contract.TestQeDefault" name="test_qe_rescore_threshold_in_schema" time="0.000" /><testcase classname=".claude.worktrees.quality-metrics-gating.tests.test_env_contract.TestQeDefault" name="test_qe_rescore_threshold_in_env_template" time="0.000" /><testcase classname=".claude.worktrees.quality-metrics-gating.tests.test_env_contract.TestQeDefault" name="test_qe_rescore_threshold_wired_in_config" time="0.000" /><testcase classname=".claude.worktrees.quality-metrics-gating.tests.test_env_contract.TestQeDefault" name="test_qe_enabled_default_true_in_config" time="0.001" /></testsuite></testsuites>