<?xml version="1.0" encoding="utf-8"?><testsuites name="pytest tests"><testsuite name="pytest" errors="0" failures="0" skipped="0" tests="78" time="0.711" timestamp="2026-07-08T20:31:53.752550+08:00" hostname="EGG"><testcase classname="tests.test_nontranslatable_segment_guard.TestTrivialPassthrough" name="test_pure_number_not_called_output_equals_source" time="0.016" /><testcase classname="tests.test_nontranslatable_segment_guard.TestTrivialPassthrough" name="test_punctuation_only_not_called_output_equals_source" time="0.000" /><testcase classname="tests.test_nontranslatable_segment_guard.TestTrivialPassthrough" name="test_whitespace_only_not_called_output_equals_source" time="0.000" /><testcase classname="tests.test_nontranslatable_segment_guard.TestTrivialPassthrough" name="test_already_target_language_token_not_called_output_equals_source" time="0.000" /><testcase classname="tests.test_nontranslatable_segment_guard.TestTrivialPassthrough" name="test_very_short_single_token_not_called_output_equals_source" time="0.000" /><testcase classname="tests.test_nontranslatable_segment_guard.TestRefusalOutputGuard" name="test_ask_back_reply_source_written_not_meta_string" time="0.000" /><testcase classname="tests.test_nontranslatable_segment_guard.TestRefusalOutputGuard" name="test_question_back_reply_source_written_not_meta_string" time="0.000" /><testcase classname="tests.test_nontranslatable_segment_guard.TestRefusalOutputGuard" name="test_language_detection_note_reply_source_written_not_meta_string" time="0.000" /><testcase classname="tests.test_nontranslatable_segment_guard.TestRefusalDetectorNegative" name="test_genuine_translation_containing_question_mark_is_not_suppressed" time="0.000" /><testcase classname="tests.test_nontranslatable_segment_guard.TestRefusalDetectorNegative" name="test_genuine_translation_reading_like_a_note_is_not_suppressed" time="0.000" /><testcase classname="tests.test_nontranslatable_segment_guard.TestConservativePassthrough" name="test_genuine_sentence_is_sent_to_client_and_translated" time="0.000" /><testcase classname="tests.test_nontranslatable_segment_guard.TestTranslateMergedParagraphsEndToEnd" name="test_trivial_and_refusal_and_normal_segments_in_one_call" time="0.000" /><testcase classname="tests.test_nontranslatable_segment_guard.TestReproduction8D" name="test_8d_trivial_segment_fixture_ask_back_fake_red_pre_fix_green_post_fix" time="0.000" /><testcase classname="tests.test_table_recognizer.TestTableStructureIRShape" name="test_table_cell_id_format" time="0.000" /><testcase classname="tests.test_table_recognizer.TestTableStructureIRShape" name="test_table_structure_fields_present" time="0.000" /><testcase classname="tests.test_table_recognizer.TestTableStructureIRShape" name="test_table_structure_attached_in_metadata" time="0.000" /><testcase classname="tests.test_table_recognizer.TestTableStructureIRShape" name="test_table_element_without_structure_is_plain_region" time="0.000" /><testcase classname="tests.test_table_recognizer.TestNumericPassthrough" name="test_numeric_predicate_boundaries" time="0.000" /><testcase classname="tests.test_table_recognizer.TestNumericPassthrough" name="test_digit_only_cell_is_numeric" time="0.000" /><testcase classname="tests.test_table_recognizer.TestNumericPassthrough" name="test_text_cell_is_not_numeric" time="0.000" /><testcase classname="tests.test_table_recognizer.TestNumericPassthrough" name="test_mixed_digit_separator_cell_is_numeric" time="0.000" /><testcase classname="tests.test_table_recognizer.TestNumericPassthrough" name="test_empty_cell_is_not_numeric" time="0.000" /><testcase classname="tests.test_table_recognizer.TestTableStructureRoundTrip" name="test_table_structure_round_trip" time="0.000" /><testcase classname="tests.test_table_recognizer.TestTableStructureRoundTrip" name="test_old_format_ir_no_table_structure" time="0.000" /><testcase classname="tests.test_table_recognizer.TestSameTableCellBatching" name="test_single_batch_per_table" time="0.001" /><testcase classname="tests.test_table_recognizer.TestSameTableCellBatching" name="test_separate_batches_for_separate_tables" time="0.002" /><testcase classname="tests.test_table_recognizer.TestSameTableCellBatching" name="test_batch_payload_contains_text_cells_not_numeric" time="0.001" /><testcase classname="tests.test_table_recognizer.TestCellGranularityTranslation" name="test_no_flattened_translation_when_structure_available" time="0.001" /><testcase classname="tests.test_table_recognizer.TestCellGranularityTranslation" name="test_cell_batch_failure_applies_placeholder" time="0.001" /><testcase classname="tests.test_table_recognizer.TestNumericPassthroughWiring" name="test_numeric_cell_not_sent_to_llm" time="0.001" /><testcase classname="tests.test_table_recognizer.TestNumericPassthroughWiring" name="test_numeric_cell_content_identical_pre_post_translation" time="0.001" /><testcase classname="tests.test_table_recognizer.TestModelUnavailableFallback" name="test_table_recognizer_unavailable_falls_back" time="0.000" /><testcase classname="tests.test_table_recognizer.TestModelUnavailableFallback" name="test_table_recognizer_load_error_falls_back" time="0.024" /><testcase classname="tests.test_table_recognizer.TestDegenerateTableHandling" name="test_all_numeric_table_no_llm_call" time="0.001" /><testcase classname="tests.test_table_recognizer.TestDegenerateTableHandling" name="test_all_empty_cells_no_llm_call" time="0.001" /><testcase classname="tests.test_table_recognizer.TestDegenerateTableHandling" name="test_merged_cells_treated_as_single_cell" time="0.000" /><testcase classname="tests.test_table_recognizer.TestParseOutputsGrid" name="test_2x3_grid_returns_six_cells" time="0.000" /><testcase classname="tests.test_table_recognizer.TestParseOutputsGrid" name="test_row_ordering_top_row_is_index_zero" time="0.000" /><testcase classname="tests.test_table_recognizer.TestParseOutputsGrid" name="test_col_ordering_leftmost_col_is_index_zero" time="0.000" /><testcase classname="tests.test_table_recognizer.TestParseOutputsGrid" name="test_cell_assigned_correct_row_col_by_overlap" time="0.000" /><testcase classname="tests.test_table_recognizer.TestParseOutputsGrid" name="test_all_cells_have_empty_content" time="0.000" /><testcase classname="tests.test_table_recognizer.TestParseOutputsGrid" name="test_num_rows_and_num_cols_match_grid" time="0.000" /><testcase classname="tests.test_table_recognizer.TestParseOutputsGrid" name="test_cell_id_format_includes_row_col" time="0.000" /><testcase classname="tests.test_table_recognizer.TestParseOutputsDegenerate" name="test_no_detections_above_threshold_returns_empty" time="0.000" /><testcase classname="tests.test_table_recognizer.TestParseOutputsDegenerate" name="test_zero_rows_only_cols_returns_empty" time="0.000" /><testcase classname="tests.test_table_recognizer.TestParseOutputsDegenerate" name="test_zero_cols_only_rows_returns_empty" time="0.000" /><testcase classname="tests.test_table_recognizer.TestParseOutputsDegenerate" name="test_overlapping_bboxes_no_crash" time="0.000" /><testcase classname="tests.test_table_recognizer.TestParseOutputsBoxFormat" name="test_cxcywh_normalized_converts_to_pixel_coords" time="0.000" /><testcase classname="tests.test_table_recognizer.TestParseOutputsBoxFormat" name="test_row_sort_uses_pixel_y_center" time="0.000" /><testcase classname="tests.test_table_recognizer.TestParseOutputsBoxFormat" name="test_row_sort_direction_asymmetric_layout" time="0.000" /><testcase classname="tests.test_table_context_translation.TestPromptBuilder" name="test_instruction_precedes_serialized_grid_in_prompt_ollama" time="0.000" /><testcase classname="tests.test_table_context_translation.TestPromptBuilder" name="test_instruction_precedes_serialized_grid_in_prompt_openai" time="0.000" /><testcase classname="tests.test_table_context_translation.TestPromptBuilder" name="test_prompt_builder_methods_produce_identical_instructions" time="0.000" /><testcase classname="tests.test_table_context_translation.TestPdfTableCellSerialization" name="test_pdf_tablecell_row_col_drives_serialization" time="0.001" /><testcase classname="tests.test_table_context_translation.TestPdfTableCellSerialization" name="test_pdf_translate_table_cells_calls_translate_once_once" time="0.001" /><testcase classname="tests.test_table_context_translation.TestPdfTableCellSerialization" name="test_pdf_translations_mapped_to_correct_cells_after_parse" time="0.001" /><testcase classname="tests.test_table_context_translation.TestFallbackBehavior" name="test_fallback_per_cell_batch_preserves_all_cell_mapping" time="0.001" /><testcase classname="tests.test_table_context_translation.TestFallbackBehavior" name="test_fallback_logs_warning_on_parse_failure" time="0.001" /><testcase classname="tests.test_table_context_translation.TestNumericPassthrough" name="test_all_numeric_table_makes_no_llm_call" time="0.001" /><testcase classname="tests.test_table_context_translation.TestNumericPassthrough" name="test_numeric_cells_excluded_from_batch_and_passthrough" time="0.001" /><testcase classname="tests.test_table_context_translation.TestOneCallPerTableOffice" name="test_single_llm_call_per_table_docx" time="0.028" /><testcase classname="tests.test_table_context_translation.TestOneCallPerTableOffice" name="test_single_llm_call_per_table_xlsx" time="0.011" /><testcase classname="tests.test_table_context_translation.TestOneCallPerTableOffice" name="test_single_llm_call_per_table_pptx" time="0.017" /><testcase classname="tests.test_table_context_translation.TestMultiParagraphCellSplitting" name="test_multiline_cell_forces_grid_parse_failure_and_splits_in_fallback" time="0.029" /><testcase classname="tests.test_table_context_translation.TestMultiParagraphCellSplitting" name="test_single_line_cell_unaffected_by_splitting" time="0.029" /><testcase classname="tests.test_table_context_translation.TestPerColumnDedupKey" name="test_same_text_different_cols_get_separate_translations" time="0.001" /><testcase classname="tests.test_table_context_translation.TestPerColumnDedupKey" name="test_non_table_segments_use_col_none_dedup_key" time="0.029" /><testcase classname="tests.test_context_window_segments" name="test_build_context_prefix_includes_n_preceding" time="0.001" /><testcase classname="tests.test_context_window_segments" name="test_build_context_prefix_capped_at_n" time="0.000" /><testcase classname="tests.test_context_window_segments" name="test_prompt_payload_contains_neighbor_text_at_call_boundary" time="0.001" /><testcase classname="tests.test_context_window_segments" name="test_build_context_prefix_truncated_to_max_chars" time="0.000" /><testcase classname="tests.test_context_window_segments" name="test_build_context_prefix_truncates_from_oldest_end" time="0.000" /><testcase classname="tests.test_context_window_segments" name="test_build_context_prefix_zero_n_returns_empty" time="0.000" /><testcase classname="tests.test_context_window_segments" name="test_prompt_payload_has_no_context_prefix_when_n_zero" time="0.000" /><testcase classname="tests.test_context_window_segments" name="test_context_prefix_header_not_present_in_translated_output" time="0.002" /><testcase classname="tests.test_context_window_segments" name="test_build_context_prefix_empty_at_first_segment" time="0.000" /><testcase classname="tests.test_context_window_segments" name="test_build_context_prefix_uses_available_neighbors_at_last_segment" time="0.000" /><testcase classname="tests.test_context_window_segments" name="test_context_constants_are_imported_in_pipeline" time="0.008" /></testsuite></testsuites>