<?xml version="1.0" encoding="utf-8"?><testsuites name="pytest tests"><testsuite name="pytest" errors="0" failures="1" skipped="0" tests="7" time="0.307" timestamp="2026-06-19T09:59:06.046381+08:00" hostname="EGG"><testcase classname="tests.test_table_border_protection.TestBorderAwareRedactRect" name="test_redact_rect_shrinks_by_margin" time="0.000" /><testcase classname="tests.test_table_border_protection.TestBorderAwareRedactRect" name="test_redact_rect_fallback_uses_double_margin" time="0.000" /><testcase classname="tests.test_table_border_protection.TestBorderAwareRedactRect" name="test_redact_rect_skipped_when_too_small" time="0.000" /><testcase classname="tests.test_table_border_protection.TestBorderAwareRedactRect" name="test_text_rect_from_placement_not_quad" time="0.000" /><testcase classname="tests.test_table_border_protection.TestMaskCoversTextContent" name="test_redact_rect_interior_to_text_bbox" time="0.000" /><testcase classname="tests.test_table_border_protection.TestMaskCoversTextContent" name="test_margin_zero_redact_rect_equals_quad_rect" time="0.000" /><testcase classname="tests.test_table_border_protection.TestSideBySideSourceMasking" name="test_right_panel_source_text_masked_before_overlay" time="0.224"><failure message="AssertionError: BUG (b) NOT FIXED: no draw_rect (white mask) call found before overlay. Expected right-panel source text to be masked before translated overlay.&#10;assert []">tests/test_table_border_protection.py:326: in test_right_panel_source_text_masked_before_overlay
    assert draw_rect_indices, (
E   AssertionError: BUG (b) NOT FIXED: no draw_rect (white mask) call found before overlay. Expected right-panel source text to be masked before translated overlay.
E   assert []</failure></testcase></testsuite></testsuites>