<?xml version="1.0" encoding="utf-8"?><testsuites name="pytest tests"><testsuite name="pytest" errors="0" failures="0" skipped="0" tests="64" time="0.633" timestamp="2026-07-09T19:51:29.901558+08:00" hostname="EGG"><testcase classname="tests.test_openai_compatible_client.TestProtocolConformance" name="test_openai_compatible_client_satisfies_protocol" time="0.032" /><testcase classname="tests.test_openai_compatible_client.TestProtocolConformance" name="test_openai_compatible_client_isinstance_llm_client" time="0.000" /><testcase classname="tests.test_openai_compatible_client.TestTranslateOnce" name="test_successful_translation_returns_ok_true" time="0.001" /><testcase classname="tests.test_openai_compatible_client.TestTranslateOnce" name="test_http_error_returns_ok_false" time="0.001" /><testcase classname="tests.test_openai_compatible_client.TestTranslateOnce" name="test_connection_timeout_returns_ok_false" time="0.001" /><testcase classname="tests.test_openai_compatible_client.TestEmptyContentHandling" name="test_empty_content_with_finish_reason_length_returns_ok_false" time="0.001" /><testcase classname="tests.test_openai_compatible_client.TestEmptyContentHandling" name="test_nonempty_content_still_returns_ok_true" time="0.001" /><testcase classname="tests.test_openai_compatible_client.TestMaxTokensPayload" name="test_max_tokens_included_in_completion_payload" time="0.001" /><testcase classname="tests.test_openai_compatible_client.TestMaxTokensPayload" name="test_max_tokens_override_via_constructor" time="0.001" /><testcase classname="tests.test_openai_compatible_client.TestSystemContextChannel" name="test_system_context_prepended_as_leading_system_message" time="0.001" /><testcase classname="tests.test_openai_compatible_client.TestSystemContextChannel" name="test_no_system_context_omits_system_message" time="0.001" /><testcase classname="tests.test_openai_compatible_client.TestSystemPromptDelivery" name="test_system_prompt_merged_ahead_of_segment_context_single_system_message" time="0.001" /><testcase classname="tests.test_openai_compatible_client.TestSystemPromptDelivery" name="test_system_prompt_alone_still_delivered_when_no_segment_context" time="0.001" /><testcase classname="tests.test_openai_compatible_client.TestSystemPromptDelivery" name="test_complete_sends_no_system_message_even_with_system_prompt_set" time="0.001" /><testcase classname="tests.test_openai_compatible_client.TestSystemPromptConstruction" name="test_default_construction_without_system_prompt_stays_empty" time="0.000" /><testcase classname="tests.test_openai_compatible_client.TestSystemPromptConstruction" name="test_constructor_system_prompt_kwarg_delivered_to_outgoing_payload" time="0.001" /><testcase classname="tests.test_openai_compatible_client.TestTranslateBatch" name="test_batch_calls_translate_once_sequentially" time="0.001" /><testcase classname="tests.test_openai_compatible_client.TestTranslateBatch" name="test_batch_partial_failure_returns_ok_false" time="0.001" /><testcase classname="tests.test_openai_compatible_client.TestHealth" name="test_health_probe_reachable_returns_true" time="0.001" /><testcase classname="tests.test_openai_compatible_client.TestHealth" name="test_health_probe_unreachable_returns_false" time="0.000" /><testcase classname="tests.test_openai_compatible_client.TestListModels" name="test_list_models_returns_list_of_strings" time="0.000" /><testcase classname="tests.test_openai_compatible_client.TestUnload" name="test_unload_is_noop_returns_true" time="0.000" /><testcase classname="tests.test_openai_compatible_client.TestConfigLoading" name="test_providers_yml_env_var_interpolation" time="0.017" /><testcase classname="tests.test_openai_compatible_client.TestConfigLoading" name="test_missing_providers_yml_falls_back_to_ollama" time="0.001" /><testcase classname="tests.test_openai_compatible_client.TestConfigLoading" name="test_malformed_providers_yml_falls_back_to_ollama" time="0.001" /><testcase classname="tests.test_openai_compatible_client.TestConfigLoading" name="test_unresolved_env_var_disables_provider" time="0.001" /><testcase classname="tests.test_openai_compatible_client.TestConfigLoading" name="test_all_providers_disabled_falls_back_to_ollama" time="0.001" /><testcase classname="tests.test_openai_compatible_client.TestSecretHandling" name="test_literal_api_key_not_emitted_in_request" time="0.001" /><testcase classname="tests.test_openai_compatible_client.TestTotalTimeoutCeilingAdditive" name="test_ceiling_absent_from_per_chunk_timeout_tuple" time="0.001" /><testcase classname="tests.test_openai_compatible_client.TestTotalTimeoutCeilingAdditive" name="test_wellbehaved_call_still_bounded_by_connect_read_tuple" time="0.001" /><testcase classname="tests.test_openai_compatible_client.TestTotalTimeoutConfig" name="test_env_var_parses_positive_float_default" time="0.002" /><testcase classname="tests.test_orchestrator_context_detection" name="test_cloud_active_client_used_for_summary_not_local_ollama" time="0.000" /><testcase classname="tests.test_orchestrator_context_detection" name="test_cloud_summary_generated_without_local_ollama_present" time="0.019" /><testcase classname="tests.test_orchestrator_context_detection" name="test_cloud_summary_injected_as_document_context_in_system_prompt" time="0.021" /><testcase classname="tests.test_orchestrator_context_detection" name="test_context_detection_disabled_skips_cloud_summary" time="0.017" /><testcase classname="tests.test_orchestrator_context_detection" name="test_qwen_context_flow_disabled_skips_cloud_summary" time="0.019" /><testcase classname="tests.test_orchestrator_context_detection" name="test_translation_dedicated_cloud_client_skips_summary" time="0.017" /><testcase classname="tests.test_orchestrator_context_detection" name="test_detect_document_context_returns_empty_on_cloud_call_exception" time="0.001" /><testcase classname="tests.test_orchestrator_context_detection" name="test_job_continues_with_no_preamble_when_cloud_summary_empty" time="0.016" /><testcase classname="tests.test_orchestrator_context_detection" name="test_local_ollama_context_detection_unchanged" time="0.015" /><testcase classname="tests.test_orchestrator_context_detection" name="test_no_scope_creep_into_injection_wiring_or_json_io" time="0.004" /><testcase classname="tests.test_orchestrator_context_detection" name="test_sample_file_text_reads_legacy_xls_via_conversion" time="0.007" /><testcase classname="tests.test_orchestrator_context_detection" name="test_process_files_context_detected_for_legacy_xls" time="0.006" /><testcase classname="tests.test_orchestrator_context_detection" name="test_sample_file_text_docx_table_only_includes_cell_text" time="0.015" /><testcase classname="tests.test_orchestrator_context_detection" name="test_sample_file_text_pptx_table_includes_cell_text" time="0.011" /><testcase classname="tests.test_orchestrator_context_detection" name="test_detect_document_context_logs_info_reason_on_exception" time="0.001" /><testcase classname="tests.test_orchestrator_context_detection" name="test_detect_document_context_logs_info_reason_when_provider_call_fails" time="0.000" /><testcase classname="tests.test_orchestrator_context_detection" name="test_detect_document_context_logs_info_reason_when_summary_empty" time="0.000" /><testcase classname="tests.test_orchestrator_context_detection" name="test_process_files_logs_info_reason_when_sample_empty" time="0.001" /><testcase classname="tests.test_orchestrator_context_detection" name="test_detect_document_context_logs_info_on_success" time="0.000" /><testcase classname="tests.test_orchestrator_context_detection" name="test_sampling_exception_degrades_to_no_preamble_job_completes[.docx-translate_docx]" time="0.001" /><testcase classname="tests.test_orchestrator_context_detection" name="test_sampling_exception_degrades_to_no_preamble_job_completes[.pptx-translate_pptx]" time="0.001" /><testcase classname="tests.test_orchestrator_context_detection" name="test_sampling_exception_degrades_to_no_preamble_job_completes[.xls-translate_xlsx_xls]" time="0.001" /><testcase classname="tests.test_orchestrator_context_detection" name="test_xls_sampling_does_not_double_convert_via_libreoffice" time="0.005" /><testcase classname="tests.test_orchestrator_context_detection" name="test_legacy_xls_and_table_only_docx_both_emit_context_detected" time="0.019" /><testcase classname="tests.test_orchestrator_context_detection" name="test_cloud_client_delivers_profile_base_system_prompt_semiconductor" time="0.025" /><testcase classname="tests.test_orchestrator_context_detection" name="test_base_prompt_precedes_document_context_preamble_in_composition" time="0.018" /><testcase classname="tests.test_orchestrator_context_detection" name="test_fallback_chain_client_delivers_profile_base_system_prompt" time="0.018" /><testcase classname="tests.test_ollama_client_dynamic_strategy" name="test_runtime_options_override_is_merged" time="0.000" /><testcase classname="tests.test_ollama_client_dynamic_strategy" name="test_cache_model_key_includes_variant_when_set" time="0.000" /><testcase classname="tests.test_ollama_client_dynamic_strategy" name="test_translation_dedicated_payload_uses_system_prompt_when_present" time="0.000" /><testcase classname="tests.test_ollama_client_dynamic_strategy" name="test_system_context_merged_into_system_field" time="0.001" /><testcase classname="tests.test_ollama_client_dynamic_strategy" name="test_ollama_outgoing_payload_base_system_prompt_unchanged" time="0.000" /><testcase classname="tests.test_ollama_client_dynamic_strategy" name="test_system_context_merged_with_existing_system_prompt" time="0.000" /></testsuite></testsuites>