<?xml version="1.0" encoding="utf-8"?><testsuites name="pytest tests"><testsuite name="pytest" errors="1" failures="0" skipped="0" tests="1" time="0.872" timestamp="2026-06-27T13:39:03.652149+08:00" hostname="EGG"><testcase classname="" name="tests.test_jobstatus_download_url" time="0.000"><error message="collection failure">ImportError while importing test module '/home/egg/Projects/Translate_Tool/.claude/worktrees/agent-ab21b977b52000039/tests/test_jobstatus_download_url.py'.
Hint: make sure your test modules/packages have valid Python names.
Traceback:
/home/egg/miniforge3/lib/python3.13/importlib/__init__.py:88: in import_module
    return _bootstrap._gcd_import(name[level:], package, level)
           ^^^^^^^^^^^^^^^^^^^^^^^^^^^^^^^^^^^^^^^^^^^^^^^^^^^^
tests/test_jobstatus_download_url.py:15: in &lt;module&gt;
    from fastapi.testclient import TestClient
E   ModuleNotFoundError: No module named 'fastapi'</error></testcase></testsuite></testsuites>